<html xmlns:math="http://exslt.org/math" xmlns:testng="http://testng.org">
   <head>
      <title>TestNG Results</title>
      <meta http-equiv="content-type" content="text/html; charset=utf-8"></meta>
      <meta http-equiv="pragma" content="no-cache"></meta>
      <meta http-equiv="cache-control" content="max-age=0"></meta>
      <meta http-equiv="cache-control" content="no-cache"></meta>
      <meta http-equiv="cache-control" content="no-store"></meta>
      <LINK rel="stylesheet" href="style.css"></LINK>
      <script type="text/javascript" src="main.js"></script>
   </head>
   <body>
      <table width="100%" style="font-size: 16px; margin-bottom: 10px;" cellspacing="1">
         <tr>
            <td width="100%">
               All methods in suite
               
               <b>TestNG Online Learning</b>
            </td>
            <td style="background-color: #FFBBBB; padding: 3px 3px 3px 0;" align="center">
               <div style="width: 50px;">1</div>
            </td>
            <td style="background-color: lightgreen; padding: 3px 3px 3px 0;" align="center">
               <div style="width: 50px;">7</div>
            </td>
            <td style="background-color: #FFFFBB; padding: 3px 3px 3px 0;" align="center">
               <div style="width: 50px;">12</div>
            </td>
            <td align="center" style="background-color: #eaf0f7; padding: 3px 3px 3px 0;">
               <div style="width: 50px;">20</div>
            </td>
            <td align="center"
                style="font-weight: bold; background-color: #eaf0f7; padding: 3px 3px 3px 0;">
               <div style="width: 50px;">35%</div>
            </td>
            <td style="background-color: #eaf0f7; padding: 3px 3px 3px 0;" align="center"
                nowrap="true">8m
               23s
               
            </td>
         </tr>
      </table>
      <div style="width: 200px;">
         <label for="groupMethodsCheckBox" style="font-weight: bold; margin: 0;">
            <input id="groupMethodsCheckBox" type="checkbox" onclick="switchTestMethodsView(this)"></input>
            Group by class
            
         </label>
         <br></br>
         <label for="methodsFilter_ALL" style="font-weight: bold; margin: 0;">
            <input id="methodsFilter_ALL" type="checkbox"
                   onclick="testMethodsFilterChanged(this, 'ALL')"></input>
            All
            
         </label>
      </div>
      <label for="methodsFilter_FAIL" style="margin-left: 20px;">
         <input id="methodsFilter_FAIL" type="checkbox"
                onclick="testMethodsFilterChanged(this, 'FAIL')"
                checked=""></input>
         Failed
         
      </label>
      <label for="methodsFilter_PASS">
         <input id="methodsFilter_PASS" type="checkbox"
                onclick="testMethodsFilterChanged(this, 'PASS')"
                checked=""></input>
         Passed
         
      </label>
      <label for="methodsFilter_SKIP">
         <input id="methodsFilter_SKIP" type="checkbox"
                onclick="testMethodsFilterChanged(this, 'SKIP')"
                checked=""></input>
         Skipped
         
      </label>
      <label for="methodsFilter_CONF">
         <input id="methodsFilter_CONF" type="checkbox"
                onclick="testMethodsFilterChanged(this, 'CONF')"></input>
         Config
         
      </label>
      <br></br>
      <div id="testMethodsByStatus">
         <table class="testMethodsTable" cellpadding="0" cellspacing="0">
            <tr class="methodsTableHeader">
               <td width="100%">Name</td>
               <td nowrap="true">Started</td>
               <td nowrap="true">Duration</td>
               <td>Exception</td>
            </tr>
            <tr id="dd_testcases.TC_003_VerifyAllGoogleApps_byStatus_failed_FAIL1_row"
                class="testMethodStatusFAIL">
               <td width="100%" class="firstMethodCell">
                  <a onclick="toggleDetailsVisibility('dd_testcases.TC_003_VerifyAllGoogleApps_byStatus_failed_FAIL1_details')">VerifyAllGoogleApps(null)</a>
               </td>
               <td nowrap="true">12:44:28</td>
               <td nowrap="true" align="right">2m
                  29s
                  
               </td>
               <td nowrap="true">
                  <a onclick="toggleDetailsVisibility('dd_testcases.TC_003_VerifyAllGoogleApps_byStatus_failed_FAIL1_exception')">org.openqa.selenium.NoSuchElementException: 
                     no such element: Unable to locate element: {"method":"xpath","selector":"html/body/span/header/nav/ul/li[2]/a"}
                     (Session info: chrome=56.0.2924.51)
                     (Driver info: chromedriver=2.25.426923 (0390b88869384d6eb0d5d09729679f934aab9eed),platform=Windows NT 6.1.7601 SP1 x86) (WARNING:
                     The server did not provide any stacktrace information)
                     Command duration or timeout: 20.12 seconds
                     For documentation on this error, please visit: http://seleniumhq.org/exceptions/no_such_element.html
                     Build info: version: '2.53.0', revision: '35ae25b', time: '2016-03-15 16:57:40'
                     System info: host: 'Sachin-PC', ip: '192.168.100.1', os.name: 'Windows 7', os.arch: 'x86', os.version: '6.1', java.version:
                     '1.8.0_91'
                     Driver info: org.openqa.selenium.chrome.ChromeDriver
                     Capabilities [{applicationCacheEnabled=false, rotatable=false, mobileEmulationEnabled=false, networkConnectionEnabled=false,
                     chrome={chromedriverVersion=2.25.426923 (0390b88869384d6eb0d5d09729679f934aab9eed), userDataDir=C:\Users\Sachin\AppData\Local\Temp\scoped_dir1536_22911},
                     takesHeapSnapshot=true, pageLoadStrategy=normal, databaseEnabled=false, handlesAlerts=true, hasTouchScreen=false, version=56.0.2924.51,
                     platform=XP, browserConnectionEnabled=false, nativeEvents=true, acceptSslCerts=true, locationContextEnabled=true, webStorageEnabled=true,
                     browserName=chrome, takesScreenshot=true, javascriptEnabled=true, cssSelectorsEnabled=true}]
                     Session ID: 07011e8a61d35f00e1391d7f7197ab83
                     *** Element info: {Using=xpath, value=html/body/span/header/nav/ul/li[2]/a}
                     
                  </a>
                   
                  
               </td>
            </tr>
            <tr>
               <td colspan="4" class="detailsBox">
                  <div id="dd_testcases.TC_003_VerifyAllGoogleApps_byStatus_failed_FAIL1_details"
                       class="testMethodDetails">
                     <div>
                        <b>Name: </b>VerifyAllGoogleApps
                     </div>
                     <div>
                        <b>Signature: </b>VerifyAllGoogleApps(java.lang.String)[pri:0, instance:dd_testcases.TC_003@3b5b47]
                     </div>
                     <div>
                        <b>Parameters: </b>
                        
                        null
                        
                        
                     </div>
                     <div>
                        <b>Start time: </b>12:44:28
                     </div>
                     <div>
                        <b>End time: </b>12:46:57
                     </div>
                     <div>
                        <b>Duration: </b>2m
                        29s
                        
                     </div>
                  </div>
               </td>
            </tr>
            <tr>
               <td colspan="4" class="detailsBox">
                  <div id="dd_testcases.TC_003_VerifyAllGoogleApps_byStatus_failed_FAIL1_exception"
                       class="testMethodDetails">
                     <pre style="padding: 5px; margin: 0;">org.openqa.selenium.NoSuchElementException: no such element: Unable to locate element: {"method":"xpath","selector":"html/body/span/header/nav/ul/li[2]/a"}
                        (Session info: chrome=56.0.2924.51)
                        (Driver info: chromedriver=2.25.426923 (0390b88869384d6eb0d5d09729679f934aab9eed),platform=Windows NT 6.1.7601 SP1 x86) (WARNING:
                        The server did not provide any stacktrace information)
                        Command duration or timeout: 20.12 seconds
                        For documentation on this error, please visit: http://seleniumhq.org/exceptions/no_such_element.html
                        Build info: version: '2.53.0', revision: '35ae25b', time: '2016-03-15 16:57:40'
                        System info: host: 'Sachin-PC', ip: '192.168.100.1', os.name: 'Windows 7', os.arch: 'x86', os.version: '6.1', java.version:
                        '1.8.0_91'
                        Driver info: org.openqa.selenium.chrome.ChromeDriver
                        Capabilities [{applicationCacheEnabled=false, rotatable=false, mobileEmulationEnabled=false, networkConnectionEnabled=false,
                        chrome={chromedriverVersion=2.25.426923 (0390b88869384d6eb0d5d09729679f934aab9eed), userDataDir=C:\Users\Sachin\AppData\Local\Temp\scoped_dir1536_22911},
                        takesHeapSnapshot=true, pageLoadStrategy=normal, databaseEnabled=false, handlesAlerts=true, hasTouchScreen=false, version=56.0.2924.51,
                        platform=XP, browserConnectionEnabled=false, nativeEvents=true, acceptSslCerts=true, locationContextEnabled=true, webStorageEnabled=true,
                        browserName=chrome, takesScreenshot=true, javascriptEnabled=true, cssSelectorsEnabled=true}]
                        Session ID: 07011e8a61d35f00e1391d7f7197ab83
                        *** Element info: {Using=xpath, value=html/body/span/header/nav/ul/li[2]/a}
                        	at sun.reflect.NativeConstructorAccessorImpl.newInstance0(Native Method)
                        	at sun.reflect.NativeConstructorAccessorImpl.newInstance(Unknown Source)
                        	at sun.reflect.DelegatingConstructorAccessorImpl.newInstance(Unknown Source)
                        	at java.lang.reflect.Constructor.newInstance(Unknown Source)
                        	at org.openqa.selenium.remote.ErrorHandler.createThrowable(ErrorHandler.java:206)
                        	at org.openqa.selenium.remote.ErrorHandler.throwIfResponseFailed(ErrorHandler.java:158)
                        	at org.openqa.selenium.remote.RemoteWebDriver.execute(RemoteWebDriver.java:678)
                        	at org.openqa.selenium.remote.RemoteWebDriver.findElement(RemoteWebDriver.java:363)
                        	at org.openqa.selenium.remote.RemoteWebDriver.findElementByXPath(RemoteWebDriver.java:500)
                        	at org.openqa.selenium.By$ByXPath.findElement(By.java:361)
                        	at org.openqa.selenium.remote.RemoteWebDriver.findElement(RemoteWebDriver.java:355)
                        	at dd_core.Page.IsElementPresent(Page.java:91)
                        	at dd_testcases.TC_003.VerifyAllGoogleApps(TC_003.java:195)
                        	at sun.reflect.NativeMethodAccessorImpl.invoke0(Native Method)
                        	at sun.reflect.NativeMethodAccessorImpl.invoke(Unknown Source)
                        	at sun.reflect.DelegatingMethodAccessorImpl.invoke(Unknown Source)
                        	at java.lang.reflect.Method.invoke(Unknown Source)
                        	at org.testng.internal.MethodInvocationHelper.invokeMethod(MethodInvocationHelper.java:100)
                        	at org.testng.internal.Invoker.invokeMethod(Invoker.java:646)
                        	at org.testng.internal.Invoker.invokeTestMethod(Invoker.java:811)
                        	at org.testng.internal.Invoker.invokeTestMethods(Invoker.java:1137)
                        	at org.testng.internal.TestMethodWorker.invokeTestMethods(TestMethodWorker.java:129)
                        	at org.testng.internal.TestMethodWorker.run(TestMethodWorker.java:112)
                        	at org.testng.TestRunner.privateRun(TestRunner.java:753)
                        	at org.testng.TestRunner.run(TestRunner.java:607)
                        	at org.testng.SuiteRunner.runTest(SuiteRunner.java:368)
                        	at org.testng.SuiteRunner.runSequentially(SuiteRunner.java:363)
                        	at org.testng.SuiteRunner.privateRun(SuiteRunner.java:321)
                        	at org.testng.SuiteRunner.run(SuiteRunner.java:270)
                        	at org.testng.SuiteRunnerWorker.runSuite(SuiteRunnerWorker.java:52)
                        	at org.testng.SuiteRunnerWorker.run(SuiteRunnerWorker.java:86)
                        	at org.testng.TestNG.runSuitesSequentially(TestNG.java:1284)
                        	at org.testng.TestNG.runSuitesLocally(TestNG.java:1209)
                        	at org.testng.TestNG.runSuites(TestNG.java:1124)
                        	at org.testng.TestNG.run(TestNG.java:1096)
                        	at org.testng.remote.AbstractRemoteTestNG.run(AbstractRemoteTestNG.java:132)
                        	at org.testng.remote.RemoteTestNG.initAndRun(RemoteTestNG.java:236)
                        	at org.testng.remote.RemoteTestNG.main(RemoteTestNG.java:81)
                     </pre>
                  </div>
               </td>
            </tr>
            <tr id="dd_testcases.TC_001_isSkip_byStatus_passed_PASS1_row"
                class="testMethodStatusPASS testMethodStatusCONF">
               <td width="100%" class="firstMethodCell">
                  <a onclick="toggleDetailsVisibility('dd_testcases.TC_001_isSkip_byStatus_passed_PASS1_details')">isSkip()</a>
               </td>
               <td nowrap="true">12:44:19</td>
               <td nowrap="true" align="right">17 ms
                  
               </td>
               <td nowrap="true">
                   
                  
               </td>
            </tr>
            <tr>
               <td colspan="4" class="detailsBox">
                  <div id="dd_testcases.TC_001_isSkip_byStatus_passed_PASS1_details"
                       class="testMethodDetails">
                     <div>
                        <b>Name: </b>isSkip
                     </div>
                     <div>
                        <b>Signature: </b>isSkip()[pri:0, instance:dd_testcases.TC_001@23b78d]
                     </div>
                     <div>
                        <b>Start time: </b>12:44:19
                     </div>
                     <div>
                        <b>End time: </b>12:44:19
                     </div>
                     <div>
                        <b>Duration: </b>17 ms
                        
                     </div>
                  </div>
               </td>
            </tr>
            <tr></tr>
            <tr id="dd_testcases.TC_001_VerifyGoogle_byStatus_passed_PASS2_row"
                class="testMethodStatusPASS">
               <td width="100%" class="firstMethodCell">
                  <a onclick="toggleDetailsVisibility('dd_testcases.TC_001_VerifyGoogle_byStatus_passed_PASS2_details')">VerifyGoogle(null)</a>
               </td>
               <td nowrap="true">12:44:19</td>
               <td nowrap="true" align="right">2s
                  
               </td>
               <td nowrap="true">
                   
                  
               </td>
            </tr>
            <tr>
               <td colspan="4" class="detailsBox">
                  <div id="dd_testcases.TC_001_VerifyGoogle_byStatus_passed_PASS2_details"
                       class="testMethodDetails">
                     <div>
                        <b>Name: </b>VerifyGoogle
                     </div>
                     <div>
                        <b>Signature: </b>VerifyGoogle(java.lang.String)[pri:0, instance:dd_testcases.TC_001@23b78d]
                     </div>
                     <div>
                        <b>Parameters: </b>
                        
                        null
                        
                        
                     </div>
                     <div>
                        <b>Start time: </b>12:44:19
                     </div>
                     <div>
                        <b>End time: </b>12:44:21
                     </div>
                     <div>
                        <b>Duration: </b>2s
                        
                     </div>
                  </div>
               </td>
            </tr>
            <tr></tr>
            <tr id="dd_testcases.TC_002_isSkip_byStatus_passed_PASS3_row"
                class="testMethodStatusPASS testMethodStatusCONF">
               <td width="100%" class="firstMethodCell">
                  <a onclick="toggleDetailsVisibility('dd_testcases.TC_002_isSkip_byStatus_passed_PASS3_details')">isSkip()</a>
               </td>
               <td nowrap="true">12:44:21</td>
               <td nowrap="true" align="right">0 ms
                  
               </td>
               <td nowrap="true">
                   
                  
               </td>
            </tr>
            <tr>
               <td colspan="4" class="detailsBox">
                  <div id="dd_testcases.TC_002_isSkip_byStatus_passed_PASS3_details"
                       class="testMethodDetails">
                     <div>
                        <b>Name: </b>isSkip
                     </div>
                     <div>
                        <b>Signature: </b>isSkip()[pri:0, instance:dd_testcases.TC_002@f0ea28]
                     </div>
                     <div>
                        <b>Start time: </b>12:44:21
                     </div>
                     <div>
                        <b>End time: </b>12:44:21
                     </div>
                     <div>
                        <b>Duration: </b>0 ms
                        
                     </div>
                  </div>
               </td>
            </tr>
            <tr></tr>
            <tr id="dd_testcases.TC_002_VerifyGoogleApp_byStatus_passed_PASS4_row"
                class="testMethodStatusPASS">
               <td width="100%" class="firstMethodCell">
                  <a onclick="toggleDetailsVisibility('dd_testcases.TC_002_VerifyGoogleApp_byStatus_passed_PASS4_details')">VerifyGoogleApp(null)</a>
               </td>
               <td nowrap="true">12:44:21</td>
               <td nowrap="true" align="right">7s
                  
               </td>
               <td nowrap="true">
                   
                  
               </td>
            </tr>
            <tr>
               <td colspan="4" class="detailsBox">
                  <div id="dd_testcases.TC_002_VerifyGoogleApp_byStatus_passed_PASS4_details"
                       class="testMethodDetails">
                     <div>
                        <b>Name: </b>VerifyGoogleApp
                     </div>
                     <div>
                        <b>Signature: </b>VerifyGoogleApp(java.lang.String)[pri:0, instance:dd_testcases.TC_002@f0ea28]
                     </div>
                     <div>
                        <b>Parameters: </b>
                        
                        null
                        
                        
                     </div>
                     <div>
                        <b>Start time: </b>12:44:21
                     </div>
                     <div>
                        <b>End time: </b>12:44:28
                     </div>
                     <div>
                        <b>Duration: </b>7s
                        
                     </div>
                  </div>
               </td>
            </tr>
            <tr></tr>
            <tr id="dd_testcases.TC_003_isSkip_byStatus_passed_PASS5_row"
                class="testMethodStatusPASS testMethodStatusCONF">
               <td width="100%" class="firstMethodCell">
                  <a onclick="toggleDetailsVisibility('dd_testcases.TC_003_isSkip_byStatus_passed_PASS5_details')">isSkip()</a>
               </td>
               <td nowrap="true">12:44:28</td>
               <td nowrap="true" align="right">1 ms
                  
               </td>
               <td nowrap="true">
                   
                  
               </td>
            </tr>
            <tr>
               <td colspan="4" class="detailsBox">
                  <div id="dd_testcases.TC_003_isSkip_byStatus_passed_PASS5_details"
                       class="testMethodDetails">
                     <div>
                        <b>Name: </b>isSkip
                     </div>
                     <div>
                        <b>Signature: </b>isSkip()[pri:0, instance:dd_testcases.TC_003@3b5b47]
                     </div>
                     <div>
                        <b>Start time: </b>12:44:28
                     </div>
                     <div>
                        <b>End time: </b>12:44:28
                     </div>
                     <div>
                        <b>Duration: </b>1 ms
                        
                     </div>
                  </div>
               </td>
            </tr>
            <tr></tr>
            <tr id="dd_testcases.TC_004_isSkip_byStatus_passed_PASS6_row"
                class="testMethodStatusPASS testMethodStatusCONF">
               <td width="100%" class="firstMethodCell">
                  <a onclick="toggleDetailsVisibility('dd_testcases.TC_004_isSkip_byStatus_passed_PASS6_details')">isSkip()</a>
               </td>
               <td nowrap="true">12:46:57</td>
               <td nowrap="true" align="right">0 ms
                  
               </td>
               <td nowrap="true">
                   
                  
               </td>
            </tr>
            <tr>
               <td colspan="4" class="detailsBox">
                  <div id="dd_testcases.TC_004_isSkip_byStatus_passed_PASS6_details"
                       class="testMethodDetails">
                     <div>
                        <b>Name: </b>isSkip
                     </div>
                     <div>
                        <b>Signature: </b>isSkip()[pri:0, instance:dd_testcases.TC_004@23df74]
                     </div>
                     <div>
                        <b>Start time: </b>12:46:57
                     </div>
                     <div>
                        <b>End time: </b>12:46:57
                     </div>
                     <div>
                        <b>Duration: </b>0 ms
                        
                     </div>
                  </div>
               </td>
            </tr>
            <tr></tr>
            <tr id="dd_testcases.TC_004_VerifyGoogleAppsLogInAndLogOut_byStatus_passed_PASS7_row"
                class="testMethodStatusPASS">
               <td width="100%" class="firstMethodCell">
                  <a onclick="toggleDetailsVisibility('dd_testcases.TC_004_VerifyGoogleAppsLogInAndLogOut_byStatus_passed_PASS7_details')">VerifyGoogleAppsLogInAndLogOut(meenifsss@gmail.com
                     
                     ,
                     
                     Meenu@676)
                  </a>
               </td>
               <td nowrap="true">12:46:57</td>
               <td nowrap="true" align="right">5m
                  59s
                  
               </td>
               <td nowrap="true">
                   
                  
               </td>
            </tr>
            <tr>
               <td colspan="4" class="detailsBox">
                  <div id="dd_testcases.TC_004_VerifyGoogleAppsLogInAndLogOut_byStatus_passed_PASS7_details"
                       class="testMethodDetails">
                     <div>
                        <b>Name: </b>VerifyGoogleAppsLogInAndLogOut
                     </div>
                     <div>
                        <b>Signature: </b>VerifyGoogleAppsLogInAndLogOut(java.lang.String, java.lang.String)[pri:0, instance:dd_testcases.TC_004@23df74]
                     </div>
                     <div>
                        <b>Parameters: </b>
                        
                        meenifsss@gmail.com
                        
                        ,
                        
                        Meenu@676
                        
                        
                     </div>
                     <div>
                        <b>Start time: </b>12:46:57
                     </div>
                     <div>
                        <b>End time: </b>12:51:56
                     </div>
                     <div>
                        <b>Duration: </b>5m
                        59s
                        
                     </div>
                  </div>
               </td>
            </tr>
            <tr></tr>
            <tr id="dd_testcases.TC_005_isSkip_byStatus_passed_PASS8_row"
                class="testMethodStatusPASS testMethodStatusCONF">
               <td width="100%" class="firstMethodCell">
                  <a onclick="toggleDetailsVisibility('dd_testcases.TC_005_isSkip_byStatus_passed_PASS8_details')">isSkip()</a>
               </td>
               <td nowrap="true">12:51:56</td>
               <td nowrap="true" align="right">3 ms
                  
               </td>
               <td nowrap="true">
                   
                  
               </td>
            </tr>
            <tr>
               <td colspan="4" class="detailsBox">
                  <div id="dd_testcases.TC_005_isSkip_byStatus_passed_PASS8_details"
                       class="testMethodDetails">
                     <div>
                        <b>Name: </b>isSkip
                     </div>
                     <div>
                        <b>Signature: </b>isSkip()[pri:0, instance:dd_testcases.TC_005@4fb17b]
                     </div>
                     <div>
                        <b>Start time: </b>12:51:56
                     </div>
                     <div>
                        <b>End time: </b>12:51:56
                     </div>
                     <div>
                        <b>Duration: </b>3 ms
                        
                     </div>
                  </div>
               </td>
            </tr>
            <tr></tr>
            <tr id="dd_testcases.TC_005_VerifyGoogleLaguageLinks_byStatus_passed_PASS9_row"
                class="testMethodStatusPASS">
               <td width="100%" class="firstMethodCell">
                  <a onclick="toggleDetailsVisibility('dd_testcases.TC_005_VerifyGoogleLaguageLinks_byStatus_passed_PASS9_details')">VerifyGoogleLaguageLinks(null)</a>
               </td>
               <td nowrap="true">12:51:56</td>
               <td nowrap="true" align="right">10s
                  
               </td>
               <td nowrap="true">
                   
                  
               </td>
            </tr>
            <tr>
               <td colspan="4" class="detailsBox">
                  <div id="dd_testcases.TC_005_VerifyGoogleLaguageLinks_byStatus_passed_PASS9_details"
                       class="testMethodDetails">
                     <div>
                        <b>Name: </b>VerifyGoogleLaguageLinks
                     </div>
                     <div>
                        <b>Signature: </b>VerifyGoogleLaguageLinks(java.lang.String)[pri:0, instance:dd_testcases.TC_005@4fb17b]
                     </div>
                     <div>
                        <b>Parameters: </b>
                        
                        null
                        
                        
                     </div>
                     <div>
                        <b>Start time: </b>12:51:56
                     </div>
                     <div>
                        <b>End time: </b>12:52:07
                     </div>
                     <div>
                        <b>Duration: </b>10s
                        
                     </div>
                  </div>
               </td>
            </tr>
            <tr></tr>
            <tr id="dd_testcases.TC_006_isSkip_byStatus_passed_PASS10_row"
                class="testMethodStatusPASS testMethodStatusCONF">
               <td width="100%" class="firstMethodCell">
                  <a onclick="toggleDetailsVisibility('dd_testcases.TC_006_isSkip_byStatus_passed_PASS10_details')">isSkip()</a>
               </td>
               <td nowrap="true">12:52:07</td>
               <td nowrap="true" align="right">2 ms
                  
               </td>
               <td nowrap="true">
                   
                  
               </td>
            </tr>
            <tr>
               <td colspan="4" class="detailsBox">
                  <div id="dd_testcases.TC_006_isSkip_byStatus_passed_PASS10_details"
                       class="testMethodDetails">
                     <div>
                        <b>Name: </b>isSkip
                     </div>
                     <div>
                        <b>Signature: </b>isSkip()[pri:0, instance:dd_testcases.TC_006@8f2016]
                     </div>
                     <div>
                        <b>Start time: </b>12:52:07
                     </div>
                     <div>
                        <b>End time: </b>12:52:07
                     </div>
                     <div>
                        <b>Duration: </b>2 ms
                        
                     </div>
                  </div>
               </td>
            </tr>
            <tr></tr>
            <tr id="dd_testcases.TC_006_VerifyGoogleSearchOperationPerformProperly_byStatus_passed_PASS11_row"
                class="testMethodStatusPASS">
               <td width="100%" class="firstMethodCell">
                  <a onclick="toggleDetailsVisibility('dd_testcases.TC_006_VerifyGoogleSearchOperationPerformProperly_byStatus_passed_PASS11_details')">VerifyGoogleSearchOperationPerformProperly(Amitabh Bachchan)</a>
               </td>
               <td nowrap="true">12:52:07</td>
               <td nowrap="true" align="right">2s
                  
               </td>
               <td nowrap="true">
                   
                  
               </td>
            </tr>
            <tr>
               <td colspan="4" class="detailsBox">
                  <div id="dd_testcases.TC_006_VerifyGoogleSearchOperationPerformProperly_byStatus_passed_PASS11_details"
                       class="testMethodDetails">
                     <div>
                        <b>Name: </b>VerifyGoogleSearchOperationPerformProperly
                     </div>
                     <div>
                        <b>Signature: </b>VerifyGoogleSearchOperationPerformProperly(java.lang.String)[pri:0, instance:dd_testcases.TC_006@8f2016]
                     </div>
                     <div>
                        <b>Parameters: </b>
                        
                        Amitabh Bachchan
                        
                        
                     </div>
                     <div>
                        <b>Start time: </b>12:52:07
                     </div>
                     <div>
                        <b>End time: </b>12:52:09
                     </div>
                     <div>
                        <b>Duration: </b>2s
                        
                     </div>
                  </div>
               </td>
            </tr>
            <tr></tr>
            <tr id="dd_testcases.TC_007_isSkip_byStatus_passed_PASS12_row"
                class="testMethodStatusPASS testMethodStatusCONF">
               <td width="100%" class="firstMethodCell">
                  <a onclick="toggleDetailsVisibility('dd_testcases.TC_007_isSkip_byStatus_passed_PASS12_details')">isSkip()</a>
               </td>
               <td nowrap="true">12:52:09</td>
               <td nowrap="true" align="right">1 ms
                  
               </td>
               <td nowrap="true">
                   
                  
               </td>
            </tr>
            <tr>
               <td colspan="4" class="detailsBox">
                  <div id="dd_testcases.TC_007_isSkip_byStatus_passed_PASS12_details"
                       class="testMethodDetails">
                     <div>
                        <b>Name: </b>isSkip
                     </div>
                     <div>
                        <b>Signature: </b>isSkip()[pri:0, instance:dd_testcases.TC_007@1141def]
                     </div>
                     <div>
                        <b>Start time: </b>12:52:09
                     </div>
                     <div>
                        <b>End time: </b>12:52:09
                     </div>
                     <div>
                        <b>Duration: </b>1 ms
                        
                     </div>
                  </div>
               </td>
            </tr>
            <tr></tr>
            <tr id="dd_testcases.TC_007_VerifyGoogleProducts_byStatus_passed_PASS13_row"
                class="testMethodStatusPASS">
               <td width="100%" class="firstMethodCell">
                  <a onclick="toggleDetailsVisibility('dd_testcases.TC_007_VerifyGoogleProducts_byStatus_passed_PASS13_details')">VerifyGoogleProducts(null)</a>
               </td>
               <td nowrap="true">12:52:09</td>
               <td nowrap="true" align="right">8s
                  
               </td>
               <td nowrap="true">
                   
                  
               </td>
            </tr>
            <tr>
               <td colspan="4" class="detailsBox">
                  <div id="dd_testcases.TC_007_VerifyGoogleProducts_byStatus_passed_PASS13_details"
                       class="testMethodDetails">
                     <div>
                        <b>Name: </b>VerifyGoogleProducts
                     </div>
                     <div>
                        <b>Signature: </b>VerifyGoogleProducts(java.lang.String)[pri:0, instance:dd_testcases.TC_007@1141def]
                     </div>
                     <div>
                        <b>Parameters: </b>
                        
                        null
                        
                        
                     </div>
                     <div>
                        <b>Start time: </b>12:52:09
                     </div>
                     <div>
                        <b>End time: </b>12:52:17
                     </div>
                     <div>
                        <b>Duration: </b>8s
                        
                     </div>
                  </div>
               </td>
            </tr>
            <tr></tr>
            <tr id="dd_testcases.TC_008_isSkip_byStatus_passed_PASS14_row"
                class="testMethodStatusPASS testMethodStatusCONF">
               <td width="100%" class="firstMethodCell">
                  <a onclick="toggleDetailsVisibility('dd_testcases.TC_008_isSkip_byStatus_passed_PASS14_details')">isSkip()</a>
               </td>
               <td nowrap="true">12:52:17</td>
               <td nowrap="true" align="right">7 ms
                  
               </td>
               <td nowrap="true">
                   
                  
               </td>
            </tr>
            <tr>
               <td colspan="4" class="detailsBox">
                  <div id="dd_testcases.TC_008_isSkip_byStatus_passed_PASS14_details"
                       class="testMethodDetails">
                     <div>
                        <b>Name: </b>isSkip
                     </div>
                     <div>
                        <b>Signature: </b>isSkip()[pri:0, instance:dd_testcases.TC_008@198f307]
                     </div>
                     <div>
                        <b>Start time: </b>12:52:17
                     </div>
                     <div>
                        <b>End time: </b>12:52:17
                     </div>
                     <div>
                        <b>Duration: </b>7 ms
                        
                     </div>
                  </div>
               </td>
            </tr>
            <tr></tr>
            <tr id="dd_testcases.TC_008_GmailLogin_byStatus_passed_PASS15_row"
                class="testMethodStatusPASS">
               <td width="100%" class="firstMethodCell">
                  <a onclick="toggleDetailsVisibility('dd_testcases.TC_008_GmailLogin_byStatus_passed_PASS15_details')">GmailLogin(meenifsss@gmail.com
                     
                     ,
                     
                     Meenu@676)
                  </a>
               </td>
               <td nowrap="true">12:52:17</td>
               <td nowrap="true" align="right">25s
                  
               </td>
               <td nowrap="true">
                   
                  
               </td>
            </tr>
            <tr>
               <td colspan="4" class="detailsBox">
                  <div id="dd_testcases.TC_008_GmailLogin_byStatus_passed_PASS15_details"
                       class="testMethodDetails">
                     <div>
                        <b>Name: </b>GmailLogin
                     </div>
                     <div>
                        <b>Signature: </b>GmailLogin(java.lang.String, java.lang.String)[pri:0, instance:dd_testcases.TC_008@198f307]
                     </div>
                     <div>
                        <b>Parameters: </b>
                        
                        meenifsss@gmail.com
                        
                        ,
                        
                        Meenu@676
                        
                        
                     </div>
                     <div>
                        <b>Start time: </b>12:52:17
                     </div>
                     <div>
                        <b>End time: </b>12:52:42
                     </div>
                     <div>
                        <b>Duration: </b>25s
                        
                     </div>
                  </div>
               </td>
            </tr>
            <tr></tr>
            <tr id="dd_testcases.TC_020_init_byStatus_passed_PASS16_row"
                class="testMethodStatusPASS testMethodStatusCONF">
               <td width="100%" class="firstMethodCell">
                  <a onclick="toggleDetailsVisibility('dd_testcases.TC_020_init_byStatus_passed_PASS16_details')">init()</a>
               </td>
               <td nowrap="true">12:44:06</td>
               <td nowrap="true" align="right">12s
                  
               </td>
               <td nowrap="true">
                   
                  
               </td>
            </tr>
            <tr>
               <td colspan="4" class="detailsBox">
                  <div id="dd_testcases.TC_020_init_byStatus_passed_PASS16_details"
                       class="testMethodDetails">
                     <div>
                        <b>Name: </b>init
                     </div>
                     <div>
                        <b>Signature: </b>init()[pri:0, instance:dd_testcases.TC_020@b738bb]
                     </div>
                     <div>
                        <b>Start time: </b>12:44:06
                     </div>
                     <div>
                        <b>End time: </b>12:44:19
                     </div>
                     <div>
                        <b>Duration: </b>12s
                        
                     </div>
                  </div>
               </td>
            </tr>
            <tr></tr>
            <tr id="dd_testcases.TC_009_isSkip_byStatus_skiped_SKIP1_row"
                class="testMethodStatusSKIP testMethodStatusCONF">
               <td width="100%" class="firstMethodCell">
                  <a onclick="toggleDetailsVisibility('dd_testcases.TC_009_isSkip_byStatus_skiped_SKIP1_details')">isSkip()</a>
               </td>
               <td nowrap="true">12:52:42</td>
               <td nowrap="true" align="right">0 ms
                  
               </td>
               <td nowrap="true">
                  <a onclick="toggleDetailsVisibility('dd_testcases.TC_009_isSkip_byStatus_skiped_SKIP1_exception')">org.testng.SkipException: 
                     Skipping the test as the Run mode is No
                     
                  </a>
                   
                  
               </td>
            </tr>
            <tr>
               <td colspan="4" class="detailsBox">
                  <div id="dd_testcases.TC_009_isSkip_byStatus_skiped_SKIP1_details"
                       class="testMethodDetails">
                     <div>
                        <b>Name: </b>isSkip
                     </div>
                     <div>
                        <b>Signature: </b>isSkip()[pri:0, instance:dd_testcases.TC_009@1d477ed]
                     </div>
                     <div>
                        <b>Start time: </b>12:52:42
                     </div>
                     <div>
                        <b>End time: </b>12:52:42
                     </div>
                     <div>
                        <b>Duration: </b>0 ms
                        
                     </div>
                  </div>
               </td>
            </tr>
            <tr>
               <td colspan="4" class="detailsBox">
                  <div id="dd_testcases.TC_009_isSkip_byStatus_skiped_SKIP1_exception"
                       class="testMethodDetails">
                     <pre style="padding: 5px; margin: 0;">org.testng.SkipException: Skipping the test as the Run mode is No
                        	at dd_testcases.TC_009.isSkip(TC_009.java:25)
                        	at sun.reflect.NativeMethodAccessorImpl.invoke0(Native Method)
                        	at sun.reflect.NativeMethodAccessorImpl.invoke(Unknown Source)
                        	at sun.reflect.DelegatingMethodAccessorImpl.invoke(Unknown Source)
                        	at java.lang.reflect.Method.invoke(Unknown Source)
                        	at org.testng.internal.MethodInvocationHelper.invokeMethod(MethodInvocationHelper.java:100)
                        	at org.testng.internal.Invoker.invokeConfigurationMethod(Invoker.java:515)
                        	at org.testng.internal.Invoker.invokeConfigurations(Invoker.java:216)
                        	at org.testng.internal.Invoker.invokeConfigurations(Invoker.java:143)
                        	at org.testng.TestRunner.beforeRun(TestRunner.java:631)
                        	at org.testng.TestRunner.run(TestRunner.java:599)
                        	at org.testng.SuiteRunner.runTest(SuiteRunner.java:368)
                        	at org.testng.SuiteRunner.runSequentially(SuiteRunner.java:363)
                        	at org.testng.SuiteRunner.privateRun(SuiteRunner.java:321)
                        	at org.testng.SuiteRunner.run(SuiteRunner.java:270)
                        	at org.testng.SuiteRunnerWorker.runSuite(SuiteRunnerWorker.java:52)
                        	at org.testng.SuiteRunnerWorker.run(SuiteRunnerWorker.java:86)
                        	at org.testng.TestNG.runSuitesSequentially(TestNG.java:1284)
                        	at org.testng.TestNG.runSuitesLocally(TestNG.java:1209)
                        	at org.testng.TestNG.runSuites(TestNG.java:1124)
                        	at org.testng.TestNG.run(TestNG.java:1096)
                        	at org.testng.remote.AbstractRemoteTestNG.run(AbstractRemoteTestNG.java:132)
                        	at org.testng.remote.RemoteTestNG.initAndRun(RemoteTestNG.java:236)
                        	at org.testng.remote.RemoteTestNG.main(RemoteTestNG.java:81)
                     </pre>
                  </div>
               </td>
            </tr>
            <tr id="dd_testcases.TC_009_VerifyInboxMailsCount_byStatus_skiped_SKIP2_row"
                class="testMethodStatusSKIP">
               <td width="100%" class="firstMethodCell">
                  <a onclick="toggleDetailsVisibility('dd_testcases.TC_009_VerifyInboxMailsCount_byStatus_skiped_SKIP2_details')">VerifyInboxMailsCount(meenifsss@gmail.com
                     
                     ,
                     
                     Meenu@676)
                  </a>
               </td>
               <td nowrap="true">12:52:42</td>
               <td nowrap="true" align="right">3 ms
                  
               </td>
               <td nowrap="true">
                   
                  
               </td>
            </tr>
            <tr>
               <td colspan="4" class="detailsBox">
                  <div id="dd_testcases.TC_009_VerifyInboxMailsCount_byStatus_skiped_SKIP2_details"
                       class="testMethodDetails">
                     <div>
                        <b>Name: </b>VerifyInboxMailsCount
                     </div>
                     <div>
                        <b>Signature: </b>VerifyInboxMailsCount(java.lang.String, java.lang.String)[pri:0, instance:dd_testcases.TC_009@1d477ed]
                     </div>
                     <div>
                        <b>Parameters: </b>
                        
                        meenifsss@gmail.com
                        
                        ,
                        
                        Meenu@676
                        
                        
                     </div>
                     <div>
                        <b>Start time: </b>12:52:42
                     </div>
                     <div>
                        <b>End time: </b>12:52:42
                     </div>
                     <div>
                        <b>Duration: </b>3 ms
                        
                     </div>
                  </div>
               </td>
            </tr>
            <tr></tr>
            <tr id="dd_testcases.TC_010_isSkip_byStatus_skiped_SKIP3_row"
                class="testMethodStatusSKIP testMethodStatusCONF">
               <td width="100%" class="firstMethodCell">
                  <a onclick="toggleDetailsVisibility('dd_testcases.TC_010_isSkip_byStatus_skiped_SKIP3_details')">isSkip()</a>
               </td>
               <td nowrap="true">12:52:42</td>
               <td nowrap="true" align="right">0 ms
                  
               </td>
               <td nowrap="true">
                  <a onclick="toggleDetailsVisibility('dd_testcases.TC_010_isSkip_byStatus_skiped_SKIP3_exception')">org.testng.SkipException: 
                     Skipping the test as the Run mode is No
                     
                  </a>
                   
                  
               </td>
            </tr>
            <tr>
               <td colspan="4" class="detailsBox">
                  <div id="dd_testcases.TC_010_isSkip_byStatus_skiped_SKIP3_details"
                       class="testMethodDetails">
                     <div>
                        <b>Name: </b>isSkip
                     </div>
                     <div>
                        <b>Signature: </b>isSkip()[pri:0, instance:dd_testcases.TC_010@5d7657]
                     </div>
                     <div>
                        <b>Start time: </b>12:52:42
                     </div>
                     <div>
                        <b>End time: </b>12:52:42
                     </div>
                     <div>
                        <b>Duration: </b>0 ms
                        
                     </div>
                  </div>
               </td>
            </tr>
            <tr>
               <td colspan="4" class="detailsBox">
                  <div id="dd_testcases.TC_010_isSkip_byStatus_skiped_SKIP3_exception"
                       class="testMethodDetails">
                     <pre style="padding: 5px; margin: 0;">org.testng.SkipException: Skipping the test as the Run mode is No
                        	at dd_testcases.TC_010.isSkip(TC_010.java:22)
                        	at sun.reflect.NativeMethodAccessorImpl.invoke0(Native Method)
                        	at sun.reflect.NativeMethodAccessorImpl.invoke(Unknown Source)
                        	at sun.reflect.DelegatingMethodAccessorImpl.invoke(Unknown Source)
                        	at java.lang.reflect.Method.invoke(Unknown Source)
                        	at org.testng.internal.MethodInvocationHelper.invokeMethod(MethodInvocationHelper.java:100)
                        	at org.testng.internal.Invoker.invokeConfigurationMethod(Invoker.java:515)
                        	at org.testng.internal.Invoker.invokeConfigurations(Invoker.java:216)
                        	at org.testng.internal.Invoker.invokeConfigurations(Invoker.java:143)
                        	at org.testng.TestRunner.beforeRun(TestRunner.java:631)
                        	at org.testng.TestRunner.run(TestRunner.java:599)
                        	at org.testng.SuiteRunner.runTest(SuiteRunner.java:368)
                        	at org.testng.SuiteRunner.runSequentially(SuiteRunner.java:363)
                        	at org.testng.SuiteRunner.privateRun(SuiteRunner.java:321)
                        	at org.testng.SuiteRunner.run(SuiteRunner.java:270)
                        	at org.testng.SuiteRunnerWorker.runSuite(SuiteRunnerWorker.java:52)
                        	at org.testng.SuiteRunnerWorker.run(SuiteRunnerWorker.java:86)
                        	at org.testng.TestNG.runSuitesSequentially(TestNG.java:1284)
                        	at org.testng.TestNG.runSuitesLocally(TestNG.java:1209)
                        	at org.testng.TestNG.runSuites(TestNG.java:1124)
                        	at org.testng.TestNG.run(TestNG.java:1096)
                        	at org.testng.remote.AbstractRemoteTestNG.run(AbstractRemoteTestNG.java:132)
                        	at org.testng.remote.RemoteTestNG.initAndRun(RemoteTestNG.java:236)
                        	at org.testng.remote.RemoteTestNG.main(RemoteTestNG.java:81)
                     </pre>
                  </div>
               </td>
            </tr>
            <tr id="dd_testcases.TC_010_verifyInboxMailsWithStarCount_byStatus_skiped_SKIP4_row"
                class="testMethodStatusSKIP">
               <td width="100%" class="firstMethodCell">
                  <a onclick="toggleDetailsVisibility('dd_testcases.TC_010_verifyInboxMailsWithStarCount_byStatus_skiped_SKIP4_details')">verifyInboxMailsWithStarCount(meenifsss@gmail.com
                     
                     ,
                     
                     Meenu@676)
                  </a>
               </td>
               <td nowrap="true">12:52:42</td>
               <td nowrap="true" align="right">2 ms
                  
               </td>
               <td nowrap="true">
                   
                  
               </td>
            </tr>
            <tr>
               <td colspan="4" class="detailsBox">
                  <div id="dd_testcases.TC_010_verifyInboxMailsWithStarCount_byStatus_skiped_SKIP4_details"
                       class="testMethodDetails">
                     <div>
                        <b>Name: </b>verifyInboxMailsWithStarCount
                     </div>
                     <div>
                        <b>Signature: </b>verifyInboxMailsWithStarCount(java.lang.String, java.lang.String)[pri:0, instance:dd_testcases.TC_010@5d7657]
                     </div>
                     <div>
                        <b>Parameters: </b>
                        
                        meenifsss@gmail.com
                        
                        ,
                        
                        Meenu@676
                        
                        
                     </div>
                     <div>
                        <b>Start time: </b>12:52:42
                     </div>
                     <div>
                        <b>End time: </b>12:52:42
                     </div>
                     <div>
                        <b>Duration: </b>2 ms
                        
                     </div>
                  </div>
               </td>
            </tr>
            <tr></tr>
            <tr id="dd_testcases.TC_011_isSkip_byStatus_skiped_SKIP5_row"
                class="testMethodStatusSKIP testMethodStatusCONF">
               <td width="100%" class="firstMethodCell">
                  <a onclick="toggleDetailsVisibility('dd_testcases.TC_011_isSkip_byStatus_skiped_SKIP5_details')">isSkip()</a>
               </td>
               <td nowrap="true">12:52:42</td>
               <td nowrap="true" align="right">0 ms
                  
               </td>
               <td nowrap="true">
                  <a onclick="toggleDetailsVisibility('dd_testcases.TC_011_isSkip_byStatus_skiped_SKIP5_exception')">org.testng.SkipException: 
                     Skipping the test as the Run mode is No
                     
                  </a>
                   
                  
               </td>
            </tr>
            <tr>
               <td colspan="4" class="detailsBox">
                  <div id="dd_testcases.TC_011_isSkip_byStatus_skiped_SKIP5_details"
                       class="testMethodDetails">
                     <div>
                        <b>Name: </b>isSkip
                     </div>
                     <div>
                        <b>Signature: </b>isSkip()[pri:0, instance:dd_testcases.TC_011@12ea799]
                     </div>
                     <div>
                        <b>Start time: </b>12:52:42
                     </div>
                     <div>
                        <b>End time: </b>12:52:42
                     </div>
                     <div>
                        <b>Duration: </b>0 ms
                        
                     </div>
                  </div>
               </td>
            </tr>
            <tr>
               <td colspan="4" class="detailsBox">
                  <div id="dd_testcases.TC_011_isSkip_byStatus_skiped_SKIP5_exception"
                       class="testMethodDetails">
                     <pre style="padding: 5px; margin: 0;">org.testng.SkipException: Skipping the test as the Run mode is No
                        	at dd_testcases.TC_011.isSkip(TC_011.java:26)
                        	at sun.reflect.NativeMethodAccessorImpl.invoke0(Native Method)
                        	at sun.reflect.NativeMethodAccessorImpl.invoke(Unknown Source)
                        	at sun.reflect.DelegatingMethodAccessorImpl.invoke(Unknown Source)
                        	at java.lang.reflect.Method.invoke(Unknown Source)
                        	at org.testng.internal.MethodInvocationHelper.invokeMethod(MethodInvocationHelper.java:100)
                        	at org.testng.internal.Invoker.invokeConfigurationMethod(Invoker.java:515)
                        	at org.testng.internal.Invoker.invokeConfigurations(Invoker.java:216)
                        	at org.testng.internal.Invoker.invokeConfigurations(Invoker.java:143)
                        	at org.testng.TestRunner.beforeRun(TestRunner.java:631)
                        	at org.testng.TestRunner.run(TestRunner.java:599)
                        	at org.testng.SuiteRunner.runTest(SuiteRunner.java:368)
                        	at org.testng.SuiteRunner.runSequentially(SuiteRunner.java:363)
                        	at org.testng.SuiteRunner.privateRun(SuiteRunner.java:321)
                        	at org.testng.SuiteRunner.run(SuiteRunner.java:270)
                        	at org.testng.SuiteRunnerWorker.runSuite(SuiteRunnerWorker.java:52)
                        	at org.testng.SuiteRunnerWorker.run(SuiteRunnerWorker.java:86)
                        	at org.testng.TestNG.runSuitesSequentially(TestNG.java:1284)
                        	at org.testng.TestNG.runSuitesLocally(TestNG.java:1209)
                        	at org.testng.TestNG.runSuites(TestNG.java:1124)
                        	at org.testng.TestNG.run(TestNG.java:1096)
                        	at org.testng.remote.AbstractRemoteTestNG.run(AbstractRemoteTestNG.java:132)
                        	at org.testng.remote.RemoteTestNG.initAndRun(RemoteTestNG.java:236)
                        	at org.testng.remote.RemoteTestNG.main(RemoteTestNG.java:81)
                     </pre>
                  </div>
               </td>
            </tr>
            <tr id="dd_testcases.TC_011_VerifyInboxUnreadMailsCount_byStatus_skiped_SKIP6_row"
                class="testMethodStatusSKIP">
               <td width="100%" class="firstMethodCell">
                  <a onclick="toggleDetailsVisibility('dd_testcases.TC_011_VerifyInboxUnreadMailsCount_byStatus_skiped_SKIP6_details')">VerifyInboxUnreadMailsCount(meenifsss@gmail.com
                     
                     ,
                     
                     Meenu@676)
                  </a>
               </td>
               <td nowrap="true">12:52:42</td>
               <td nowrap="true" align="right">2 ms
                  
               </td>
               <td nowrap="true">
                   
                  
               </td>
            </tr>
            <tr>
               <td colspan="4" class="detailsBox">
                  <div id="dd_testcases.TC_011_VerifyInboxUnreadMailsCount_byStatus_skiped_SKIP6_details"
                       class="testMethodDetails">
                     <div>
                        <b>Name: </b>VerifyInboxUnreadMailsCount
                     </div>
                     <div>
                        <b>Signature: </b>VerifyInboxUnreadMailsCount(java.lang.String, java.lang.String)[pri:0, instance:dd_testcases.TC_011@12ea799]
                     </div>
                     <div>
                        <b>Parameters: </b>
                        
                        meenifsss@gmail.com
                        
                        ,
                        
                        Meenu@676
                        
                        
                     </div>
                     <div>
                        <b>Start time: </b>12:52:42
                     </div>
                     <div>
                        <b>End time: </b>12:52:42
                     </div>
                     <div>
                        <b>Duration: </b>2 ms
                        
                     </div>
                  </div>
               </td>
            </tr>
            <tr></tr>
            <tr id="dd_testcases.TC_012_isSkip_byStatus_skiped_SKIP7_row"
                class="testMethodStatusSKIP testMethodStatusCONF">
               <td width="100%" class="firstMethodCell">
                  <a onclick="toggleDetailsVisibility('dd_testcases.TC_012_isSkip_byStatus_skiped_SKIP7_details')">isSkip()</a>
               </td>
               <td nowrap="true">12:52:42</td>
               <td nowrap="true" align="right">0 ms
                  
               </td>
               <td nowrap="true">
                  <a onclick="toggleDetailsVisibility('dd_testcases.TC_012_isSkip_byStatus_skiped_SKIP7_exception')">org.testng.SkipException: 
                     Skipping the test as the Run mode is No
                     
                  </a>
                   
                  
               </td>
            </tr>
            <tr>
               <td colspan="4" class="detailsBox">
                  <div id="dd_testcases.TC_012_isSkip_byStatus_skiped_SKIP7_details"
                       class="testMethodDetails">
                     <div>
                        <b>Name: </b>isSkip
                     </div>
                     <div>
                        <b>Signature: </b>isSkip()[pri:0, instance:dd_testcases.TC_012@fcd809]
                     </div>
                     <div>
                        <b>Start time: </b>12:52:42
                     </div>
                     <div>
                        <b>End time: </b>12:52:42
                     </div>
                     <div>
                        <b>Duration: </b>0 ms
                        
                     </div>
                  </div>
               </td>
            </tr>
            <tr>
               <td colspan="4" class="detailsBox">
                  <div id="dd_testcases.TC_012_isSkip_byStatus_skiped_SKIP7_exception"
                       class="testMethodDetails">
                     <pre style="padding: 5px; margin: 0;">org.testng.SkipException: Skipping the test as the Run mode is No
                        	at dd_testcases.TC_012.isSkip(TC_012.java:26)
                        	at sun.reflect.NativeMethodAccessorImpl.invoke0(Native Method)
                        	at sun.reflect.NativeMethodAccessorImpl.invoke(Unknown Source)
                        	at sun.reflect.DelegatingMethodAccessorImpl.invoke(Unknown Source)
                        	at java.lang.reflect.Method.invoke(Unknown Source)
                        	at org.testng.internal.MethodInvocationHelper.invokeMethod(MethodInvocationHelper.java:100)
                        	at org.testng.internal.Invoker.invokeConfigurationMethod(Invoker.java:515)
                        	at org.testng.internal.Invoker.invokeConfigurations(Invoker.java:216)
                        	at org.testng.internal.Invoker.invokeConfigurations(Invoker.java:143)
                        	at org.testng.TestRunner.beforeRun(TestRunner.java:631)
                        	at org.testng.TestRunner.run(TestRunner.java:599)
                        	at org.testng.SuiteRunner.runTest(SuiteRunner.java:368)
                        	at org.testng.SuiteRunner.runSequentially(SuiteRunner.java:363)
                        	at org.testng.SuiteRunner.privateRun(SuiteRunner.java:321)
                        	at org.testng.SuiteRunner.run(SuiteRunner.java:270)
                        	at org.testng.SuiteRunnerWorker.runSuite(SuiteRunnerWorker.java:52)
                        	at org.testng.SuiteRunnerWorker.run(SuiteRunnerWorker.java:86)
                        	at org.testng.TestNG.runSuitesSequentially(TestNG.java:1284)
                        	at org.testng.TestNG.runSuitesLocally(TestNG.java:1209)
                        	at org.testng.TestNG.runSuites(TestNG.java:1124)
                        	at org.testng.TestNG.run(TestNG.java:1096)
                        	at org.testng.remote.AbstractRemoteTestNG.run(AbstractRemoteTestNG.java:132)
                        	at org.testng.remote.RemoteTestNG.initAndRun(RemoteTestNG.java:236)
                        	at org.testng.remote.RemoteTestNG.main(RemoteTestNG.java:81)
                     </pre>
                  </div>
               </td>
            </tr>
            <tr id="dd_testcases.TC_012_VerifyInboxReadMailsCount_byStatus_skiped_SKIP8_row"
                class="testMethodStatusSKIP">
               <td width="100%" class="firstMethodCell">
                  <a onclick="toggleDetailsVisibility('dd_testcases.TC_012_VerifyInboxReadMailsCount_byStatus_skiped_SKIP8_details')">VerifyInboxReadMailsCount(meenifsss@gmail.com
                     
                     ,
                     
                     Meenu@676)
                  </a>
               </td>
               <td nowrap="true">12:52:42</td>
               <td nowrap="true" align="right">5 ms
                  
               </td>
               <td nowrap="true">
                   
                  
               </td>
            </tr>
            <tr>
               <td colspan="4" class="detailsBox">
                  <div id="dd_testcases.TC_012_VerifyInboxReadMailsCount_byStatus_skiped_SKIP8_details"
                       class="testMethodDetails">
                     <div>
                        <b>Name: </b>VerifyInboxReadMailsCount
                     </div>
                     <div>
                        <b>Signature: </b>VerifyInboxReadMailsCount(java.lang.String, java.lang.String)[pri:0, instance:dd_testcases.TC_012@fcd809]
                     </div>
                     <div>
                        <b>Parameters: </b>
                        
                        meenifsss@gmail.com
                        
                        ,
                        
                        Meenu@676
                        
                        
                     </div>
                     <div>
                        <b>Start time: </b>12:52:42
                     </div>
                     <div>
                        <b>End time: </b>12:52:42
                     </div>
                     <div>
                        <b>Duration: </b>5 ms
                        
                     </div>
                  </div>
               </td>
            </tr>
            <tr></tr>
            <tr id="dd_testcases.TC_013_isSkip_byStatus_skiped_SKIP9_row"
                class="testMethodStatusSKIP testMethodStatusCONF">
               <td width="100%" class="firstMethodCell">
                  <a onclick="toggleDetailsVisibility('dd_testcases.TC_013_isSkip_byStatus_skiped_SKIP9_details')">isSkip()</a>
               </td>
               <td nowrap="true">12:52:42</td>
               <td nowrap="true" align="right">0 ms
                  
               </td>
               <td nowrap="true">
                  <a onclick="toggleDetailsVisibility('dd_testcases.TC_013_isSkip_byStatus_skiped_SKIP9_exception')">org.testng.SkipException: 
                     Skipping the test as the Run mode is No
                     
                  </a>
                   
                  
               </td>
            </tr>
            <tr>
               <td colspan="4" class="detailsBox">
                  <div id="dd_testcases.TC_013_isSkip_byStatus_skiped_SKIP9_details"
                       class="testMethodDetails">
                     <div>
                        <b>Name: </b>isSkip
                     </div>
                     <div>
                        <b>Signature: </b>isSkip()[pri:0, instance:dd_testcases.TC_013@17caf28]
                     </div>
                     <div>
                        <b>Start time: </b>12:52:42
                     </div>
                     <div>
                        <b>End time: </b>12:52:42
                     </div>
                     <div>
                        <b>Duration: </b>0 ms
                        
                     </div>
                  </div>
               </td>
            </tr>
            <tr>
               <td colspan="4" class="detailsBox">
                  <div id="dd_testcases.TC_013_isSkip_byStatus_skiped_SKIP9_exception"
                       class="testMethodDetails">
                     <pre style="padding: 5px; margin: 0;">org.testng.SkipException: Skipping the test as the Run mode is No
                        	at dd_testcases.TC_013.isSkip(TC_013.java:23)
                        	at sun.reflect.NativeMethodAccessorImpl.invoke0(Native Method)
                        	at sun.reflect.NativeMethodAccessorImpl.invoke(Unknown Source)
                        	at sun.reflect.DelegatingMethodAccessorImpl.invoke(Unknown Source)
                        	at java.lang.reflect.Method.invoke(Unknown Source)
                        	at org.testng.internal.MethodInvocationHelper.invokeMethod(MethodInvocationHelper.java:100)
                        	at org.testng.internal.Invoker.invokeConfigurationMethod(Invoker.java:515)
                        	at org.testng.internal.Invoker.invokeConfigurations(Invoker.java:216)
                        	at org.testng.internal.Invoker.invokeConfigurations(Invoker.java:143)
                        	at org.testng.TestRunner.beforeRun(TestRunner.java:631)
                        	at org.testng.TestRunner.run(TestRunner.java:599)
                        	at org.testng.SuiteRunner.runTest(SuiteRunner.java:368)
                        	at org.testng.SuiteRunner.runSequentially(SuiteRunner.java:363)
                        	at org.testng.SuiteRunner.privateRun(SuiteRunner.java:321)
                        	at org.testng.SuiteRunner.run(SuiteRunner.java:270)
                        	at org.testng.SuiteRunnerWorker.runSuite(SuiteRunnerWorker.java:52)
                        	at org.testng.SuiteRunnerWorker.run(SuiteRunnerWorker.java:86)
                        	at org.testng.TestNG.runSuitesSequentially(TestNG.java:1284)
                        	at org.testng.TestNG.runSuitesLocally(TestNG.java:1209)
                        	at org.testng.TestNG.runSuites(TestNG.java:1124)
                        	at org.testng.TestNG.run(TestNG.java:1096)
                        	at org.testng.remote.AbstractRemoteTestNG.run(AbstractRemoteTestNG.java:132)
                        	at org.testng.remote.RemoteTestNG.initAndRun(RemoteTestNG.java:236)
                        	at org.testng.remote.RemoteTestNG.main(RemoteTestNG.java:81)
                     </pre>
                  </div>
               </td>
            </tr>
            <tr id="dd_testcases.TC_013_VerifymailComposeIsWorkingProperly_byStatus_skiped_SKIP10_row"
                class="testMethodStatusSKIP">
               <td width="100%" class="firstMethodCell">
                  <a onclick="toggleDetailsVisibility('dd_testcases.TC_013_VerifymailComposeIsWorkingProperly_byStatus_skiped_SKIP10_details')">VerifymailComposeIsWorkingProperly(meenifsss@gmail.com
                     
                     ,
                     
                     Meenu@676)
                  </a>
               </td>
               <td nowrap="true">12:52:42</td>
               <td nowrap="true" align="right">1 ms
                  
               </td>
               <td nowrap="true">
                   
                  
               </td>
            </tr>
            <tr>
               <td colspan="4" class="detailsBox">
                  <div id="dd_testcases.TC_013_VerifymailComposeIsWorkingProperly_byStatus_skiped_SKIP10_details"
                       class="testMethodDetails">
                     <div>
                        <b>Name: </b>VerifymailComposeIsWorkingProperly
                     </div>
                     <div>
                        <b>Signature: </b>VerifymailComposeIsWorkingProperly(java.lang.String, java.lang.String)[pri:0, instance:dd_testcases.TC_013@17caf28]
                     </div>
                     <div>
                        <b>Parameters: </b>
                        
                        meenifsss@gmail.com
                        
                        ,
                        
                        Meenu@676
                        
                        
                     </div>
                     <div>
                        <b>Start time: </b>12:52:42
                     </div>
                     <div>
                        <b>End time: </b>12:52:42
                     </div>
                     <div>
                        <b>Duration: </b>1 ms
                        
                     </div>
                  </div>
               </td>
            </tr>
            <tr></tr>
            <tr id="dd_testcases.TC_014_isSkip_byStatus_skiped_SKIP11_row"
                class="testMethodStatusSKIP testMethodStatusCONF">
               <td width="100%" class="firstMethodCell">
                  <a onclick="toggleDetailsVisibility('dd_testcases.TC_014_isSkip_byStatus_skiped_SKIP11_details')">isSkip()</a>
               </td>
               <td nowrap="true">12:52:42</td>
               <td nowrap="true" align="right">0 ms
                  
               </td>
               <td nowrap="true">
                  <a onclick="toggleDetailsVisibility('dd_testcases.TC_014_isSkip_byStatus_skiped_SKIP11_exception')">org.testng.SkipException: 
                     Skipping the test as the Run mode is No
                     
                  </a>
                   
                  
               </td>
            </tr>
            <tr>
               <td colspan="4" class="detailsBox">
                  <div id="dd_testcases.TC_014_isSkip_byStatus_skiped_SKIP11_details"
                       class="testMethodDetails">
                     <div>
                        <b>Name: </b>isSkip
                     </div>
                     <div>
                        <b>Signature: </b>isSkip()[pri:0, instance:dd_testcases.TC_014@ebc363]
                     </div>
                     <div>
                        <b>Start time: </b>12:52:42
                     </div>
                     <div>
                        <b>End time: </b>12:52:42
                     </div>
                     <div>
                        <b>Duration: </b>0 ms
                        
                     </div>
                  </div>
               </td>
            </tr>
            <tr>
               <td colspan="4" class="detailsBox">
                  <div id="dd_testcases.TC_014_isSkip_byStatus_skiped_SKIP11_exception"
                       class="testMethodDetails">
                     <pre style="padding: 5px; margin: 0;">org.testng.SkipException: Skipping the test as the Run mode is No
                        	at dd_testcases.TC_014.isSkip(TC_014.java:22)
                        	at sun.reflect.NativeMethodAccessorImpl.invoke0(Native Method)
                        	at sun.reflect.NativeMethodAccessorImpl.invoke(Unknown Source)
                        	at sun.reflect.DelegatingMethodAccessorImpl.invoke(Unknown Source)
                        	at java.lang.reflect.Method.invoke(Unknown Source)
                        	at org.testng.internal.MethodInvocationHelper.invokeMethod(MethodInvocationHelper.java:100)
                        	at org.testng.internal.Invoker.invokeConfigurationMethod(Invoker.java:515)
                        	at org.testng.internal.Invoker.invokeConfigurations(Invoker.java:216)
                        	at org.testng.internal.Invoker.invokeConfigurations(Invoker.java:143)
                        	at org.testng.TestRunner.beforeRun(TestRunner.java:631)
                        	at org.testng.TestRunner.run(TestRunner.java:599)
                        	at org.testng.SuiteRunner.runTest(SuiteRunner.java:368)
                        	at org.testng.SuiteRunner.runSequentially(SuiteRunner.java:363)
                        	at org.testng.SuiteRunner.privateRun(SuiteRunner.java:321)
                        	at org.testng.SuiteRunner.run(SuiteRunner.java:270)
                        	at org.testng.SuiteRunnerWorker.runSuite(SuiteRunnerWorker.java:52)
                        	at org.testng.SuiteRunnerWorker.run(SuiteRunnerWorker.java:86)
                        	at org.testng.TestNG.runSuitesSequentially(TestNG.java:1284)
                        	at org.testng.TestNG.runSuitesLocally(TestNG.java:1209)
                        	at org.testng.TestNG.runSuites(TestNG.java:1124)
                        	at org.testng.TestNG.run(TestNG.java:1096)
                        	at org.testng.remote.AbstractRemoteTestNG.run(AbstractRemoteTestNG.java:132)
                        	at org.testng.remote.RemoteTestNG.initAndRun(RemoteTestNG.java:236)
                        	at org.testng.remote.RemoteTestNG.main(RemoteTestNG.java:81)
                     </pre>
                  </div>
               </td>
            </tr>
            <tr id="dd_testcases.TC_014_VerifyMailIsSendProperly_byStatus_skiped_SKIP12_row"
                class="testMethodStatusSKIP">
               <td width="100%" class="firstMethodCell">
                  <a onclick="toggleDetailsVisibility('dd_testcases.TC_014_VerifyMailIsSendProperly_byStatus_skiped_SKIP12_details')">VerifyMailIsSendProperly(meenifsss@gmail.com
                     
                     ,
                     
                     Meenu@676
                     
                     ,
                     
                     meenakshi.patil04@gmail.com
                     
                     ,
                     
                     Test Mail
                     
                     ,
                     
                     This is test mail      Regards,Meenakshi patil)
                  </a>
               </td>
               <td nowrap="true">12:52:42</td>
               <td nowrap="true" align="right">2 ms
                  
               </td>
               <td nowrap="true">
                   
                  
               </td>
            </tr>
            <tr>
               <td colspan="4" class="detailsBox">
                  <div id="dd_testcases.TC_014_VerifyMailIsSendProperly_byStatus_skiped_SKIP12_details"
                       class="testMethodDetails">
                     <div>
                        <b>Name: </b>VerifyMailIsSendProperly
                     </div>
                     <div>
                        <b>Signature: </b>VerifyMailIsSendProperly(java.lang.String, java.lang.String, java.lang.String, java.lang.String, java.lang.String)[pri:0,
                        instance:dd_testcases.TC_014@ebc363]
                     </div>
                     <div>
                        <b>Parameters: </b>
                        
                        meenifsss@gmail.com
                        
                        ,
                        
                        Meenu@676
                        
                        ,
                        
                        meenakshi.patil04@gmail.com
                        
                        ,
                        
                        Test Mail
                        
                        ,
                        
                        This is test mail      Regards,Meenakshi patil              
                        
                        
                     </div>
                     <div>
                        <b>Start time: </b>12:52:42
                     </div>
                     <div>
                        <b>End time: </b>12:52:42
                     </div>
                     <div>
                        <b>Duration: </b>2 ms
                        
                     </div>
                  </div>
               </td>
            </tr>
            <tr></tr>
            <tr id="dd_testcases.TC_015_isSkip_byStatus_skiped_SKIP13_row"
                class="testMethodStatusSKIP testMethodStatusCONF">
               <td width="100%" class="firstMethodCell">
                  <a onclick="toggleDetailsVisibility('dd_testcases.TC_015_isSkip_byStatus_skiped_SKIP13_details')">isSkip()</a>
               </td>
               <td nowrap="true">12:52:42</td>
               <td nowrap="true" align="right">0 ms
                  
               </td>
               <td nowrap="true">
                  <a onclick="toggleDetailsVisibility('dd_testcases.TC_015_isSkip_byStatus_skiped_SKIP13_exception')">org.testng.SkipException: 
                     Skipping the test as the Run mode is No
                     
                  </a>
                   
                  
               </td>
            </tr>
            <tr>
               <td colspan="4" class="detailsBox">
                  <div id="dd_testcases.TC_015_isSkip_byStatus_skiped_SKIP13_details"
                       class="testMethodDetails">
                     <div>
                        <b>Name: </b>isSkip
                     </div>
                     <div>
                        <b>Signature: </b>isSkip()[pri:0, instance:dd_testcases.TC_015@6cb05c]
                     </div>
                     <div>
                        <b>Start time: </b>12:52:42
                     </div>
                     <div>
                        <b>End time: </b>12:52:42
                     </div>
                     <div>
                        <b>Duration: </b>0 ms
                        
                     </div>
                  </div>
               </td>
            </tr>
            <tr>
               <td colspan="4" class="detailsBox">
                  <div id="dd_testcases.TC_015_isSkip_byStatus_skiped_SKIP13_exception"
                       class="testMethodDetails">
                     <pre style="padding: 5px; margin: 0;">org.testng.SkipException: Skipping the test as the Run mode is No
                        	at dd_testcases.TC_015.isSkip(TC_015.java:22)
                        	at sun.reflect.NativeMethodAccessorImpl.invoke0(Native Method)
                        	at sun.reflect.NativeMethodAccessorImpl.invoke(Unknown Source)
                        	at sun.reflect.DelegatingMethodAccessorImpl.invoke(Unknown Source)
                        	at java.lang.reflect.Method.invoke(Unknown Source)
                        	at org.testng.internal.MethodInvocationHelper.invokeMethod(MethodInvocationHelper.java:100)
                        	at org.testng.internal.Invoker.invokeConfigurationMethod(Invoker.java:515)
                        	at org.testng.internal.Invoker.invokeConfigurations(Invoker.java:216)
                        	at org.testng.internal.Invoker.invokeConfigurations(Invoker.java:143)
                        	at org.testng.TestRunner.beforeRun(TestRunner.java:631)
                        	at org.testng.TestRunner.run(TestRunner.java:599)
                        	at org.testng.SuiteRunner.runTest(SuiteRunner.java:368)
                        	at org.testng.SuiteRunner.runSequentially(SuiteRunner.java:363)
                        	at org.testng.SuiteRunner.privateRun(SuiteRunner.java:321)
                        	at org.testng.SuiteRunner.run(SuiteRunner.java:270)
                        	at org.testng.SuiteRunnerWorker.runSuite(SuiteRunnerWorker.java:52)
                        	at org.testng.SuiteRunnerWorker.run(SuiteRunnerWorker.java:86)
                        	at org.testng.TestNG.runSuitesSequentially(TestNG.java:1284)
                        	at org.testng.TestNG.runSuitesLocally(TestNG.java:1209)
                        	at org.testng.TestNG.runSuites(TestNG.java:1124)
                        	at org.testng.TestNG.run(TestNG.java:1096)
                        	at org.testng.remote.AbstractRemoteTestNG.run(AbstractRemoteTestNG.java:132)
                        	at org.testng.remote.RemoteTestNG.initAndRun(RemoteTestNG.java:236)
                        	at org.testng.remote.RemoteTestNG.main(RemoteTestNG.java:81)
                     </pre>
                  </div>
               </td>
            </tr>
            <tr id="dd_testcases.TC_015_VerifyMailsareserchproperly_byStatus_skiped_SKIP14_row"
                class="testMethodStatusSKIP">
               <td width="100%" class="firstMethodCell">
                  <a onclick="toggleDetailsVisibility('dd_testcases.TC_015_VerifyMailsareserchproperly_byStatus_skiped_SKIP14_details')">VerifyMailsareserchproperly(meenifsss@gmail.com
                     
                     ,
                     
                     Meenu@676
                     
                     ,
                     
                     linkedin notifications)
                  </a>
               </td>
               <td nowrap="true">12:52:42</td>
               <td nowrap="true" align="right">2 ms
                  
               </td>
               <td nowrap="true">
                   
                  
               </td>
            </tr>
            <tr>
               <td colspan="4" class="detailsBox">
                  <div id="dd_testcases.TC_015_VerifyMailsareserchproperly_byStatus_skiped_SKIP14_details"
                       class="testMethodDetails">
                     <div>
                        <b>Name: </b>VerifyMailsareserchproperly
                     </div>
                     <div>
                        <b>Signature: </b>VerifyMailsareserchproperly(java.lang.String, java.lang.String, java.lang.String)[pri:0, instance:dd_testcases.TC_015@6cb05c]
                     </div>
                     <div>
                        <b>Parameters: </b>
                        
                        meenifsss@gmail.com
                        
                        ,
                        
                        Meenu@676
                        
                        ,
                        
                        linkedin notifications
                        
                        
                     </div>
                     <div>
                        <b>Start time: </b>12:52:42
                     </div>
                     <div>
                        <b>End time: </b>12:52:42
                     </div>
                     <div>
                        <b>Duration: </b>2 ms
                        
                     </div>
                  </div>
               </td>
            </tr>
            <tr></tr>
            <tr id="dd_testcases.TC_016_isSkip_byStatus_skiped_SKIP15_row"
                class="testMethodStatusSKIP testMethodStatusCONF">
               <td width="100%" class="firstMethodCell">
                  <a onclick="toggleDetailsVisibility('dd_testcases.TC_016_isSkip_byStatus_skiped_SKIP15_details')">isSkip()</a>
               </td>
               <td nowrap="true">12:52:42</td>
               <td nowrap="true" align="right">0 ms
                  
               </td>
               <td nowrap="true">
                  <a onclick="toggleDetailsVisibility('dd_testcases.TC_016_isSkip_byStatus_skiped_SKIP15_exception')">org.testng.SkipException: 
                     Skipping the test as the Run mode is No
                     
                  </a>
                   
                  
               </td>
            </tr>
            <tr>
               <td colspan="4" class="detailsBox">
                  <div id="dd_testcases.TC_016_isSkip_byStatus_skiped_SKIP15_details"
                       class="testMethodDetails">
                     <div>
                        <b>Name: </b>isSkip
                     </div>
                     <div>
                        <b>Signature: </b>isSkip()[pri:0, instance:dd_testcases.TC_016@1165b38]
                     </div>
                     <div>
                        <b>Start time: </b>12:52:42
                     </div>
                     <div>
                        <b>End time: </b>12:52:42
                     </div>
                     <div>
                        <b>Duration: </b>0 ms
                        
                     </div>
                  </div>
               </td>
            </tr>
            <tr>
               <td colspan="4" class="detailsBox">
                  <div id="dd_testcases.TC_016_isSkip_byStatus_skiped_SKIP15_exception"
                       class="testMethodDetails">
                     <pre style="padding: 5px; margin: 0;">org.testng.SkipException: Skipping the test as the Run mode is No
                        	at dd_testcases.TC_016.isSkip(TC_016.java:26)
                        	at sun.reflect.NativeMethodAccessorImpl.invoke0(Native Method)
                        	at sun.reflect.NativeMethodAccessorImpl.invoke(Unknown Source)
                        	at sun.reflect.DelegatingMethodAccessorImpl.invoke(Unknown Source)
                        	at java.lang.reflect.Method.invoke(Unknown Source)
                        	at org.testng.internal.MethodInvocationHelper.invokeMethod(MethodInvocationHelper.java:100)
                        	at org.testng.internal.Invoker.invokeConfigurationMethod(Invoker.java:515)
                        	at org.testng.internal.Invoker.invokeConfigurations(Invoker.java:216)
                        	at org.testng.internal.Invoker.invokeConfigurations(Invoker.java:143)
                        	at org.testng.TestRunner.beforeRun(TestRunner.java:631)
                        	at org.testng.TestRunner.run(TestRunner.java:599)
                        	at org.testng.SuiteRunner.runTest(SuiteRunner.java:368)
                        	at org.testng.SuiteRunner.runSequentially(SuiteRunner.java:363)
                        	at org.testng.SuiteRunner.privateRun(SuiteRunner.java:321)
                        	at org.testng.SuiteRunner.run(SuiteRunner.java:270)
                        	at org.testng.SuiteRunnerWorker.runSuite(SuiteRunnerWorker.java:52)
                        	at org.testng.SuiteRunnerWorker.run(SuiteRunnerWorker.java:86)
                        	at org.testng.TestNG.runSuitesSequentially(TestNG.java:1284)
                        	at org.testng.TestNG.runSuitesLocally(TestNG.java:1209)
                        	at org.testng.TestNG.runSuites(TestNG.java:1124)
                        	at org.testng.TestNG.run(TestNG.java:1096)
                        	at org.testng.remote.AbstractRemoteTestNG.run(AbstractRemoteTestNG.java:132)
                        	at org.testng.remote.RemoteTestNG.initAndRun(RemoteTestNG.java:236)
                        	at org.testng.remote.RemoteTestNG.main(RemoteTestNG.java:81)
                     </pre>
                  </div>
               </td>
            </tr>
            <tr id="dd_testcases.TC_016_VerifyInboxMailsWithAttachmentCount_byStatus_skiped_SKIP16_row"
                class="testMethodStatusSKIP">
               <td width="100%" class="firstMethodCell">
                  <a onclick="toggleDetailsVisibility('dd_testcases.TC_016_VerifyInboxMailsWithAttachmentCount_byStatus_skiped_SKIP16_details')">VerifyInboxMailsWithAttachmentCount(meenifsss@gmail.com
                     
                     ,
                     
                     Meenu@676)
                  </a>
               </td>
               <td nowrap="true">12:52:42</td>
               <td nowrap="true" align="right">3 ms
                  
               </td>
               <td nowrap="true">
                   
                  
               </td>
            </tr>
            <tr>
               <td colspan="4" class="detailsBox">
                  <div id="dd_testcases.TC_016_VerifyInboxMailsWithAttachmentCount_byStatus_skiped_SKIP16_details"
                       class="testMethodDetails">
                     <div>
                        <b>Name: </b>VerifyInboxMailsWithAttachmentCount
                     </div>
                     <div>
                        <b>Signature: </b>VerifyInboxMailsWithAttachmentCount(java.lang.String, java.lang.String)[pri:0, instance:dd_testcases.TC_016@1165b38]
                     </div>
                     <div>
                        <b>Parameters: </b>
                        
                        meenifsss@gmail.com
                        
                        ,
                        
                        Meenu@676
                        
                        
                     </div>
                     <div>
                        <b>Start time: </b>12:52:42
                     </div>
                     <div>
                        <b>End time: </b>12:52:42
                     </div>
                     <div>
                        <b>Duration: </b>3 ms
                        
                     </div>
                  </div>
               </td>
            </tr>
            <tr></tr>
            <tr id="dd_testcases.TC_017_isSkip_byStatus_skiped_SKIP17_row"
                class="testMethodStatusSKIP testMethodStatusCONF">
               <td width="100%" class="firstMethodCell">
                  <a onclick="toggleDetailsVisibility('dd_testcases.TC_017_isSkip_byStatus_skiped_SKIP17_details')">isSkip()</a>
               </td>
               <td nowrap="true">12:52:42</td>
               <td nowrap="true" align="right">0 ms
                  
               </td>
               <td nowrap="true">
                  <a onclick="toggleDetailsVisibility('dd_testcases.TC_017_isSkip_byStatus_skiped_SKIP17_exception')">org.testng.SkipException: 
                     Skipping the test as the Run mode is No
                     
                  </a>
                   
                  
               </td>
            </tr>
            <tr>
               <td colspan="4" class="detailsBox">
                  <div id="dd_testcases.TC_017_isSkip_byStatus_skiped_SKIP17_details"
                       class="testMethodDetails">
                     <div>
                        <b>Name: </b>isSkip
                     </div>
                     <div>
                        <b>Signature: </b>isSkip()[pri:0, instance:dd_testcases.TC_017@c03695]
                     </div>
                     <div>
                        <b>Start time: </b>12:52:42
                     </div>
                     <div>
                        <b>End time: </b>12:52:42
                     </div>
                     <div>
                        <b>Duration: </b>0 ms
                        
                     </div>
                  </div>
               </td>
            </tr>
            <tr>
               <td colspan="4" class="detailsBox">
                  <div id="dd_testcases.TC_017_isSkip_byStatus_skiped_SKIP17_exception"
                       class="testMethodDetails">
                     <pre style="padding: 5px; margin: 0;">org.testng.SkipException: Skipping the test as the Run mode is No
                        	at dd_testcases.TC_017.isSkip(TC_017.java:23)
                        	at sun.reflect.NativeMethodAccessorImpl.invoke0(Native Method)
                        	at sun.reflect.NativeMethodAccessorImpl.invoke(Unknown Source)
                        	at sun.reflect.DelegatingMethodAccessorImpl.invoke(Unknown Source)
                        	at java.lang.reflect.Method.invoke(Unknown Source)
                        	at org.testng.internal.MethodInvocationHelper.invokeMethod(MethodInvocationHelper.java:100)
                        	at org.testng.internal.Invoker.invokeConfigurationMethod(Invoker.java:515)
                        	at org.testng.internal.Invoker.invokeConfigurations(Invoker.java:216)
                        	at org.testng.internal.Invoker.invokeConfigurations(Invoker.java:143)
                        	at org.testng.TestRunner.beforeRun(TestRunner.java:631)
                        	at org.testng.TestRunner.run(TestRunner.java:599)
                        	at org.testng.SuiteRunner.runTest(SuiteRunner.java:368)
                        	at org.testng.SuiteRunner.runSequentially(SuiteRunner.java:363)
                        	at org.testng.SuiteRunner.privateRun(SuiteRunner.java:321)
                        	at org.testng.SuiteRunner.run(SuiteRunner.java:270)
                        	at org.testng.SuiteRunnerWorker.runSuite(SuiteRunnerWorker.java:52)
                        	at org.testng.SuiteRunnerWorker.run(SuiteRunnerWorker.java:86)
                        	at org.testng.TestNG.runSuitesSequentially(TestNG.java:1284)
                        	at org.testng.TestNG.runSuitesLocally(TestNG.java:1209)
                        	at org.testng.TestNG.runSuites(TestNG.java:1124)
                        	at org.testng.TestNG.run(TestNG.java:1096)
                        	at org.testng.remote.AbstractRemoteTestNG.run(AbstractRemoteTestNG.java:132)
                        	at org.testng.remote.RemoteTestNG.initAndRun(RemoteTestNG.java:236)
                        	at org.testng.remote.RemoteTestNG.main(RemoteTestNG.java:81)
                     </pre>
                  </div>
               </td>
            </tr>
            <tr id="dd_testcases.TC_017_VerifyEmailSettingIspresent_byStatus_skiped_SKIP18_row"
                class="testMethodStatusSKIP">
               <td width="100%" class="firstMethodCell">
                  <a onclick="toggleDetailsVisibility('dd_testcases.TC_017_VerifyEmailSettingIspresent_byStatus_skiped_SKIP18_details')">VerifyEmailSettingIspresent(meenifsss@gmail.com
                     
                     ,
                     
                     Meenu@676)
                  </a>
               </td>
               <td nowrap="true">12:52:42</td>
               <td nowrap="true" align="right">1 ms
                  
               </td>
               <td nowrap="true">
                   
                  
               </td>
            </tr>
            <tr>
               <td colspan="4" class="detailsBox">
                  <div id="dd_testcases.TC_017_VerifyEmailSettingIspresent_byStatus_skiped_SKIP18_details"
                       class="testMethodDetails">
                     <div>
                        <b>Name: </b>VerifyEmailSettingIspresent
                     </div>
                     <div>
                        <b>Signature: </b>VerifyEmailSettingIspresent(java.lang.String, java.lang.String)[pri:0, instance:dd_testcases.TC_017@c03695]
                     </div>
                     <div>
                        <b>Parameters: </b>
                        
                        meenifsss@gmail.com
                        
                        ,
                        
                        Meenu@676
                        
                        
                     </div>
                     <div>
                        <b>Start time: </b>12:52:42
                     </div>
                     <div>
                        <b>End time: </b>12:52:42
                     </div>
                     <div>
                        <b>Duration: </b>1 ms
                        
                     </div>
                  </div>
               </td>
            </tr>
            <tr></tr>
            <tr id="dd_testcases.TC_018_isSkip_byStatus_skiped_SKIP19_row"
                class="testMethodStatusSKIP testMethodStatusCONF">
               <td width="100%" class="firstMethodCell">
                  <a onclick="toggleDetailsVisibility('dd_testcases.TC_018_isSkip_byStatus_skiped_SKIP19_details')">isSkip()</a>
               </td>
               <td nowrap="true">12:52:42</td>
               <td nowrap="true" align="right">0 ms
                  
               </td>
               <td nowrap="true">
                  <a onclick="toggleDetailsVisibility('dd_testcases.TC_018_isSkip_byStatus_skiped_SKIP19_exception')">org.testng.SkipException: 
                     Skipping the test as the Run mode is No
                     
                  </a>
                   
                  
               </td>
            </tr>
            <tr>
               <td colspan="4" class="detailsBox">
                  <div id="dd_testcases.TC_018_isSkip_byStatus_skiped_SKIP19_details"
                       class="testMethodDetails">
                     <div>
                        <b>Name: </b>isSkip
                     </div>
                     <div>
                        <b>Signature: </b>isSkip()[pri:0, instance:dd_testcases.TC_018@a9e4eb]
                     </div>
                     <div>
                        <b>Start time: </b>12:52:42
                     </div>
                     <div>
                        <b>End time: </b>12:52:42
                     </div>
                     <div>
                        <b>Duration: </b>0 ms
                        
                     </div>
                  </div>
               </td>
            </tr>
            <tr>
               <td colspan="4" class="detailsBox">
                  <div id="dd_testcases.TC_018_isSkip_byStatus_skiped_SKIP19_exception"
                       class="testMethodDetails">
                     <pre style="padding: 5px; margin: 0;">org.testng.SkipException: Skipping the test as the Run mode is No
                        	at dd_testcases.TC_018.isSkip(TC_018.java:21)
                        	at sun.reflect.NativeMethodAccessorImpl.invoke0(Native Method)
                        	at sun.reflect.NativeMethodAccessorImpl.invoke(Unknown Source)
                        	at sun.reflect.DelegatingMethodAccessorImpl.invoke(Unknown Source)
                        	at java.lang.reflect.Method.invoke(Unknown Source)
                        	at org.testng.internal.MethodInvocationHelper.invokeMethod(MethodInvocationHelper.java:100)
                        	at org.testng.internal.Invoker.invokeConfigurationMethod(Invoker.java:515)
                        	at org.testng.internal.Invoker.invokeConfigurations(Invoker.java:216)
                        	at org.testng.internal.Invoker.invokeConfigurations(Invoker.java:143)
                        	at org.testng.TestRunner.beforeRun(TestRunner.java:631)
                        	at org.testng.TestRunner.run(TestRunner.java:599)
                        	at org.testng.SuiteRunner.runTest(SuiteRunner.java:368)
                        	at org.testng.SuiteRunner.runSequentially(SuiteRunner.java:363)
                        	at org.testng.SuiteRunner.privateRun(SuiteRunner.java:321)
                        	at org.testng.SuiteRunner.run(SuiteRunner.java:270)
                        	at org.testng.SuiteRunnerWorker.runSuite(SuiteRunnerWorker.java:52)
                        	at org.testng.SuiteRunnerWorker.run(SuiteRunnerWorker.java:86)
                        	at org.testng.TestNG.runSuitesSequentially(TestNG.java:1284)
                        	at org.testng.TestNG.runSuitesLocally(TestNG.java:1209)
                        	at org.testng.TestNG.runSuites(TestNG.java:1124)
                        	at org.testng.TestNG.run(TestNG.java:1096)
                        	at org.testng.remote.AbstractRemoteTestNG.run(AbstractRemoteTestNG.java:132)
                        	at org.testng.remote.RemoteTestNG.initAndRun(RemoteTestNG.java:236)
                        	at org.testng.remote.RemoteTestNG.main(RemoteTestNG.java:81)
                     </pre>
                  </div>
               </td>
            </tr>
            <tr id="dd_testcases.TC_018_VerifyLabelIsCreated_byStatus_skiped_SKIP20_row"
                class="testMethodStatusSKIP">
               <td width="100%" class="firstMethodCell">
                  <a onclick="toggleDetailsVisibility('dd_testcases.TC_018_VerifyLabelIsCreated_byStatus_skiped_SKIP20_details')">VerifyLabelIsCreated(meenifsss@gmail.com
                     
                     ,
                     
                     Meenu@676
                     
                     ,
                     
                     Testing_01)
                  </a>
               </td>
               <td nowrap="true">12:52:42</td>
               <td nowrap="true" align="right">2 ms
                  
               </td>
               <td nowrap="true">
                   
                  
               </td>
            </tr>
            <tr>
               <td colspan="4" class="detailsBox">
                  <div id="dd_testcases.TC_018_VerifyLabelIsCreated_byStatus_skiped_SKIP20_details"
                       class="testMethodDetails">
                     <div>
                        <b>Name: </b>VerifyLabelIsCreated
                     </div>
                     <div>
                        <b>Signature: </b>VerifyLabelIsCreated(java.lang.String, java.lang.String, java.lang.String)[pri:0, instance:dd_testcases.TC_018@a9e4eb]
                     </div>
                     <div>
                        <b>Parameters: </b>
                        
                        meenifsss@gmail.com
                        
                        ,
                        
                        Meenu@676
                        
                        ,
                        
                        Testing_01
                        
                        
                     </div>
                     <div>
                        <b>Start time: </b>12:52:42
                     </div>
                     <div>
                        <b>End time: </b>12:52:42
                     </div>
                     <div>
                        <b>Duration: </b>2 ms
                        
                     </div>
                  </div>
               </td>
            </tr>
            <tr></tr>
            <tr id="dd_testcases.TC_019_isSkip_byStatus_skiped_SKIP21_row"
                class="testMethodStatusSKIP testMethodStatusCONF">
               <td width="100%" class="firstMethodCell">
                  <a onclick="toggleDetailsVisibility('dd_testcases.TC_019_isSkip_byStatus_skiped_SKIP21_details')">isSkip()</a>
               </td>
               <td nowrap="true">12:52:42</td>
               <td nowrap="true" align="right">0 ms
                  
               </td>
               <td nowrap="true">
                  <a onclick="toggleDetailsVisibility('dd_testcases.TC_019_isSkip_byStatus_skiped_SKIP21_exception')">org.testng.SkipException: 
                     Skipping the test as the Run mode is No
                     
                  </a>
                   
                  
               </td>
            </tr>
            <tr>
               <td colspan="4" class="detailsBox">
                  <div id="dd_testcases.TC_019_isSkip_byStatus_skiped_SKIP21_details"
                       class="testMethodDetails">
                     <div>
                        <b>Name: </b>isSkip
                     </div>
                     <div>
                        <b>Signature: </b>isSkip()[pri:0, instance:dd_testcases.TC_019@1190526]
                     </div>
                     <div>
                        <b>Start time: </b>12:52:42
                     </div>
                     <div>
                        <b>End time: </b>12:52:42
                     </div>
                     <div>
                        <b>Duration: </b>0 ms
                        
                     </div>
                  </div>
               </td>
            </tr>
            <tr>
               <td colspan="4" class="detailsBox">
                  <div id="dd_testcases.TC_019_isSkip_byStatus_skiped_SKIP21_exception"
                       class="testMethodDetails">
                     <pre style="padding: 5px; margin: 0;">org.testng.SkipException: Skipping the test as the Run mode is No
                        	at dd_testcases.TC_019.isSkip(TC_019.java:21)
                        	at sun.reflect.NativeMethodAccessorImpl.invoke0(Native Method)
                        	at sun.reflect.NativeMethodAccessorImpl.invoke(Unknown Source)
                        	at sun.reflect.DelegatingMethodAccessorImpl.invoke(Unknown Source)
                        	at java.lang.reflect.Method.invoke(Unknown Source)
                        	at org.testng.internal.MethodInvocationHelper.invokeMethod(MethodInvocationHelper.java:100)
                        	at org.testng.internal.Invoker.invokeConfigurationMethod(Invoker.java:515)
                        	at org.testng.internal.Invoker.invokeConfigurations(Invoker.java:216)
                        	at org.testng.internal.Invoker.invokeConfigurations(Invoker.java:143)
                        	at org.testng.TestRunner.beforeRun(TestRunner.java:631)
                        	at org.testng.TestRunner.run(TestRunner.java:599)
                        	at org.testng.SuiteRunner.runTest(SuiteRunner.java:368)
                        	at org.testng.SuiteRunner.runSequentially(SuiteRunner.java:363)
                        	at org.testng.SuiteRunner.privateRun(SuiteRunner.java:321)
                        	at org.testng.SuiteRunner.run(SuiteRunner.java:270)
                        	at org.testng.SuiteRunnerWorker.runSuite(SuiteRunnerWorker.java:52)
                        	at org.testng.SuiteRunnerWorker.run(SuiteRunnerWorker.java:86)
                        	at org.testng.TestNG.runSuitesSequentially(TestNG.java:1284)
                        	at org.testng.TestNG.runSuitesLocally(TestNG.java:1209)
                        	at org.testng.TestNG.runSuites(TestNG.java:1124)
                        	at org.testng.TestNG.run(TestNG.java:1096)
                        	at org.testng.remote.AbstractRemoteTestNG.run(AbstractRemoteTestNG.java:132)
                        	at org.testng.remote.RemoteTestNG.initAndRun(RemoteTestNG.java:236)
                        	at org.testng.remote.RemoteTestNG.main(RemoteTestNG.java:81)
                     </pre>
                  </div>
               </td>
            </tr>
            <tr id="dd_testcases.TC_019_VerifyMailsMoveSourceFolderTotargetfolder_byStatus_skiped_SKIP22_row"
                class="testMethodStatusSKIP">
               <td width="100%" class="firstMethodCell">
                  <a onclick="toggleDetailsVisibility('dd_testcases.TC_019_VerifyMailsMoveSourceFolderTotargetfolder_byStatus_skiped_SKIP22_details')">VerifyMailsMoveSourceFolderTotargetfolder(meenifsss@gmail.com
                     
                     ,
                     
                     Meenu@676)
                  </a>
               </td>
               <td nowrap="true">12:52:42</td>
               <td nowrap="true" align="right">1 ms
                  
               </td>
               <td nowrap="true">
                   
                  
               </td>
            </tr>
            <tr>
               <td colspan="4" class="detailsBox">
                  <div id="dd_testcases.TC_019_VerifyMailsMoveSourceFolderTotargetfolder_byStatus_skiped_SKIP22_details"
                       class="testMethodDetails">
                     <div>
                        <b>Name: </b>VerifyMailsMoveSourceFolderTotargetfolder
                     </div>
                     <div>
                        <b>Signature: </b>VerifyMailsMoveSourceFolderTotargetfolder(java.lang.String, java.lang.String)[pri:0, instance:dd_testcases.TC_019@1190526]
                     </div>
                     <div>
                        <b>Parameters: </b>
                        
                        meenifsss@gmail.com
                        
                        ,
                        
                        Meenu@676
                        
                        
                     </div>
                     <div>
                        <b>Start time: </b>12:52:42
                     </div>
                     <div>
                        <b>End time: </b>12:52:42
                     </div>
                     <div>
                        <b>Duration: </b>1 ms
                        
                     </div>
                  </div>
               </td>
            </tr>
            <tr></tr>
            <tr id="dd_testcases.TC_020_isSkip_byStatus_skiped_SKIP23_row"
                class="testMethodStatusSKIP testMethodStatusCONF">
               <td width="100%" class="firstMethodCell">
                  <a onclick="toggleDetailsVisibility('dd_testcases.TC_020_isSkip_byStatus_skiped_SKIP23_details')">isSkip()</a>
               </td>
               <td nowrap="true">12:52:42</td>
               <td nowrap="true" align="right">0 ms
                  
               </td>
               <td nowrap="true">
                  <a onclick="toggleDetailsVisibility('dd_testcases.TC_020_isSkip_byStatus_skiped_SKIP23_exception')">org.testng.SkipException: 
                     Skipping the test as the Run mode is No
                     
                  </a>
                   
                  
               </td>
            </tr>
            <tr>
               <td colspan="4" class="detailsBox">
                  <div id="dd_testcases.TC_020_isSkip_byStatus_skiped_SKIP23_details"
                       class="testMethodDetails">
                     <div>
                        <b>Name: </b>isSkip
                     </div>
                     <div>
                        <b>Signature: </b>isSkip()[pri:0, instance:dd_testcases.TC_020@b738bb]
                     </div>
                     <div>
                        <b>Start time: </b>12:52:42
                     </div>
                     <div>
                        <b>End time: </b>12:52:42
                     </div>
                     <div>
                        <b>Duration: </b>0 ms
                        
                     </div>
                  </div>
               </td>
            </tr>
            <tr>
               <td colspan="4" class="detailsBox">
                  <div id="dd_testcases.TC_020_isSkip_byStatus_skiped_SKIP23_exception"
                       class="testMethodDetails">
                     <pre style="padding: 5px; margin: 0;">org.testng.SkipException: Skipping the test as the Run mode is No
                        	at dd_testcases.TC_020.isSkip(TC_020.java:21)
                        	at sun.reflect.NativeMethodAccessorImpl.invoke0(Native Method)
                        	at sun.reflect.NativeMethodAccessorImpl.invoke(Unknown Source)
                        	at sun.reflect.DelegatingMethodAccessorImpl.invoke(Unknown Source)
                        	at java.lang.reflect.Method.invoke(Unknown Source)
                        	at org.testng.internal.MethodInvocationHelper.invokeMethod(MethodInvocationHelper.java:100)
                        	at org.testng.internal.Invoker.invokeConfigurationMethod(Invoker.java:515)
                        	at org.testng.internal.Invoker.invokeConfigurations(Invoker.java:216)
                        	at org.testng.internal.Invoker.invokeConfigurations(Invoker.java:143)
                        	at org.testng.TestRunner.beforeRun(TestRunner.java:631)
                        	at org.testng.TestRunner.run(TestRunner.java:599)
                        	at org.testng.SuiteRunner.runTest(SuiteRunner.java:368)
                        	at org.testng.SuiteRunner.runSequentially(SuiteRunner.java:363)
                        	at org.testng.SuiteRunner.privateRun(SuiteRunner.java:321)
                        	at org.testng.SuiteRunner.run(SuiteRunner.java:270)
                        	at org.testng.SuiteRunnerWorker.runSuite(SuiteRunnerWorker.java:52)
                        	at org.testng.SuiteRunnerWorker.run(SuiteRunnerWorker.java:86)
                        	at org.testng.TestNG.runSuitesSequentially(TestNG.java:1284)
                        	at org.testng.TestNG.runSuitesLocally(TestNG.java:1209)
                        	at org.testng.TestNG.runSuites(TestNG.java:1124)
                        	at org.testng.TestNG.run(TestNG.java:1096)
                        	at org.testng.remote.AbstractRemoteTestNG.run(AbstractRemoteTestNG.java:132)
                        	at org.testng.remote.RemoteTestNG.initAndRun(RemoteTestNG.java:236)
                        	at org.testng.remote.RemoteTestNG.main(RemoteTestNG.java:81)
                     </pre>
                  </div>
               </td>
            </tr>
            <tr id="dd_testcases.TC_020_VerifyMailsMoveSourceFolderTotargetfolder_byStatus_skiped_SKIP24_row"
                class="testMethodStatusSKIP">
               <td width="100%" class="firstMethodCell">
                  <a onclick="toggleDetailsVisibility('dd_testcases.TC_020_VerifyMailsMoveSourceFolderTotargetfolder_byStatus_skiped_SKIP24_details')">VerifyMailsMoveSourceFolderTotargetfolder(meenifsss@gmail.com
                     
                     ,
                     
                     Meenu@676)
                  </a>
               </td>
               <td nowrap="true">12:52:42</td>
               <td nowrap="true" align="right">7 ms
                  
               </td>
               <td nowrap="true">
                   
                  
               </td>
            </tr>
            <tr>
               <td colspan="4" class="detailsBox">
                  <div id="dd_testcases.TC_020_VerifyMailsMoveSourceFolderTotargetfolder_byStatus_skiped_SKIP24_details"
                       class="testMethodDetails">
                     <div>
                        <b>Name: </b>VerifyMailsMoveSourceFolderTotargetfolder
                     </div>
                     <div>
                        <b>Signature: </b>VerifyMailsMoveSourceFolderTotargetfolder(java.lang.String, java.lang.String)[pri:0, instance:dd_testcases.TC_020@b738bb]
                     </div>
                     <div>
                        <b>Parameters: </b>
                        
                        meenifsss@gmail.com
                        
                        ,
                        
                        Meenu@676
                        
                        
                     </div>
                     <div>
                        <b>Start time: </b>12:52:42
                     </div>
                     <div>
                        <b>End time: </b>12:52:42
                     </div>
                     <div>
                        <b>Duration: </b>7 ms
                        
                     </div>
                  </div>
               </td>
            </tr>
            <tr></tr>
            <tr id="dd_testcases.TC_020_QuitDriver_byStatus_skiped_SKIP25_row"
                class="testMethodStatusSKIP testMethodStatusCONF">
               <td width="100%" class="firstMethodCell">
                  <a onclick="toggleDetailsVisibility('dd_testcases.TC_020_QuitDriver_byStatus_skiped_SKIP25_details')">QuitDriver()</a>
               </td>
               <td nowrap="true">12:52:42</td>
               <td nowrap="true" align="right">0 ms
                  
               </td>
               <td nowrap="true">
                   
                  
               </td>
            </tr>
            <tr>
               <td colspan="4" class="detailsBox">
                  <div id="dd_testcases.TC_020_QuitDriver_byStatus_skiped_SKIP25_details"
                       class="testMethodDetails">
                     <div>
                        <b>Name: </b>QuitDriver
                     </div>
                     <div>
                        <b>Signature: </b>QuitDriver()[pri:0, instance:dd_testcases.TC_020@b738bb]
                     </div>
                     <div>
                        <b>Start time: </b>12:52:42
                     </div>
                     <div>
                        <b>End time: </b>12:52:42
                     </div>
                     <div>
                        <b>Duration: </b>0 ms
                        
                     </div>
                  </div>
               </td>
            </tr>
            <tr></tr>
         </table>
      </div>
      <div id="testMethodsByClass" style="display: none;">
         <table class="testMethodsTable" cellpadding="0" cellspacing="0">
            <tr>
               <td colspan="4">
                  <h3 style="display: inline;">dd_testcases.TC_001</h3>
               </td>
            </tr>
            <tr class="methodsTableHeader">
               <td width="100%">Name</td>
               <td nowrap="true">Started</td>
               <td nowrap="true">Duration</td>
               <td>Exception</td>
            </tr>
            <tr id="dd_testcases.TC_001_isSkip_byClass_PASS1_row"
                class="testMethodStatusPASS testMethodStatusCONF">
               <td width="100%" class="firstMethodCell">
                  <a onclick="toggleDetailsVisibility('dd_testcases.TC_001_isSkip_byClass_PASS1_details')">isSkip()</a>
               </td>
               <td nowrap="true">12:44:19</td>
               <td nowrap="true" align="right">17 ms
                  
               </td>
               <td nowrap="true">
                   
                  
               </td>
            </tr>
            <tr>
               <td colspan="4" class="detailsBox">
                  <div id="dd_testcases.TC_001_isSkip_byClass_PASS1_details" class="testMethodDetails">
                     <div>
                        <b>Name: </b>isSkip
                     </div>
                     <div>
                        <b>Signature: </b>isSkip()[pri:0, instance:dd_testcases.TC_001@23b78d]
                     </div>
                     <div>
                        <b>Start time: </b>12:44:19
                     </div>
                     <div>
                        <b>End time: </b>12:44:19
                     </div>
                     <div>
                        <b>Duration: </b>17 ms
                        
                     </div>
                  </div>
               </td>
            </tr>
            <tr></tr>
            <tr id="dd_testcases.TC_001_VerifyGoogle_byClass_PASS2_row"
                class="testMethodStatusPASS">
               <td width="100%" class="firstMethodCell">
                  <a onclick="toggleDetailsVisibility('dd_testcases.TC_001_VerifyGoogle_byClass_PASS2_details')">VerifyGoogle(null)</a>
               </td>
               <td nowrap="true">12:44:19</td>
               <td nowrap="true" align="right">2s
                  
               </td>
               <td nowrap="true">
                   
                  
               </td>
            </tr>
            <tr>
               <td colspan="4" class="detailsBox">
                  <div id="dd_testcases.TC_001_VerifyGoogle_byClass_PASS2_details"
                       class="testMethodDetails">
                     <div>
                        <b>Name: </b>VerifyGoogle
                     </div>
                     <div>
                        <b>Signature: </b>VerifyGoogle(java.lang.String)[pri:0, instance:dd_testcases.TC_001@23b78d]
                     </div>
                     <div>
                        <b>Parameters: </b>
                        
                        null
                        
                        
                     </div>
                     <div>
                        <b>Start time: </b>12:44:19
                     </div>
                     <div>
                        <b>End time: </b>12:44:21
                     </div>
                     <div>
                        <b>Duration: </b>2s
                        
                     </div>
                  </div>
               </td>
            </tr>
            <tr></tr>
         </table>
         <br></br>
         <table class="testMethodsTable" cellpadding="0" cellspacing="0">
            <tr>
               <td colspan="4">
                  <h3 style="display: inline;">dd_testcases.TC_002</h3>
               </td>
            </tr>
            <tr class="methodsTableHeader">
               <td width="100%">Name</td>
               <td nowrap="true">Started</td>
               <td nowrap="true">Duration</td>
               <td>Exception</td>
            </tr>
            <tr id="dd_testcases.TC_002_isSkip_byClass_PASS1_row"
                class="testMethodStatusPASS testMethodStatusCONF">
               <td width="100%" class="firstMethodCell">
                  <a onclick="toggleDetailsVisibility('dd_testcases.TC_002_isSkip_byClass_PASS1_details')">isSkip()</a>
               </td>
               <td nowrap="true">12:44:21</td>
               <td nowrap="true" align="right">0 ms
                  
               </td>
               <td nowrap="true">
                   
                  
               </td>
            </tr>
            <tr>
               <td colspan="4" class="detailsBox">
                  <div id="dd_testcases.TC_002_isSkip_byClass_PASS1_details" class="testMethodDetails">
                     <div>
                        <b>Name: </b>isSkip
                     </div>
                     <div>
                        <b>Signature: </b>isSkip()[pri:0, instance:dd_testcases.TC_002@f0ea28]
                     </div>
                     <div>
                        <b>Start time: </b>12:44:21
                     </div>
                     <div>
                        <b>End time: </b>12:44:21
                     </div>
                     <div>
                        <b>Duration: </b>0 ms
                        
                     </div>
                  </div>
               </td>
            </tr>
            <tr></tr>
            <tr id="dd_testcases.TC_002_VerifyGoogleApp_byClass_PASS2_row"
                class="testMethodStatusPASS">
               <td width="100%" class="firstMethodCell">
                  <a onclick="toggleDetailsVisibility('dd_testcases.TC_002_VerifyGoogleApp_byClass_PASS2_details')">VerifyGoogleApp(null)</a>
               </td>
               <td nowrap="true">12:44:21</td>
               <td nowrap="true" align="right">7s
                  
               </td>
               <td nowrap="true">
                   
                  
               </td>
            </tr>
            <tr>
               <td colspan="4" class="detailsBox">
                  <div id="dd_testcases.TC_002_VerifyGoogleApp_byClass_PASS2_details"
                       class="testMethodDetails">
                     <div>
                        <b>Name: </b>VerifyGoogleApp
                     </div>
                     <div>
                        <b>Signature: </b>VerifyGoogleApp(java.lang.String)[pri:0, instance:dd_testcases.TC_002@f0ea28]
                     </div>
                     <div>
                        <b>Parameters: </b>
                        
                        null
                        
                        
                     </div>
                     <div>
                        <b>Start time: </b>12:44:21
                     </div>
                     <div>
                        <b>End time: </b>12:44:28
                     </div>
                     <div>
                        <b>Duration: </b>7s
                        
                     </div>
                  </div>
               </td>
            </tr>
            <tr></tr>
         </table>
         <br></br>
         <table class="testMethodsTable" cellpadding="0" cellspacing="0">
            <tr>
               <td colspan="4">
                  <h3 style="display: inline;">dd_testcases.TC_003</h3>
               </td>
            </tr>
            <tr class="methodsTableHeader">
               <td width="100%">Name</td>
               <td nowrap="true">Started</td>
               <td nowrap="true">Duration</td>
               <td>Exception</td>
            </tr>
            <tr id="dd_testcases.TC_003_isSkip_byClass_PASS1_row"
                class="testMethodStatusPASS testMethodStatusCONF">
               <td width="100%" class="firstMethodCell">
                  <a onclick="toggleDetailsVisibility('dd_testcases.TC_003_isSkip_byClass_PASS1_details')">isSkip()</a>
               </td>
               <td nowrap="true">12:44:28</td>
               <td nowrap="true" align="right">1 ms
                  
               </td>
               <td nowrap="true">
                   
                  
               </td>
            </tr>
            <tr>
               <td colspan="4" class="detailsBox">
                  <div id="dd_testcases.TC_003_isSkip_byClass_PASS1_details" class="testMethodDetails">
                     <div>
                        <b>Name: </b>isSkip
                     </div>
                     <div>
                        <b>Signature: </b>isSkip()[pri:0, instance:dd_testcases.TC_003@3b5b47]
                     </div>
                     <div>
                        <b>Start time: </b>12:44:28
                     </div>
                     <div>
                        <b>End time: </b>12:44:28
                     </div>
                     <div>
                        <b>Duration: </b>1 ms
                        
                     </div>
                  </div>
               </td>
            </tr>
            <tr></tr>
            <tr id="dd_testcases.TC_003_VerifyAllGoogleApps_byClass_FAIL2_row"
                class="testMethodStatusFAIL">
               <td width="100%" class="firstMethodCell">
                  <a onclick="toggleDetailsVisibility('dd_testcases.TC_003_VerifyAllGoogleApps_byClass_FAIL2_details')">VerifyAllGoogleApps(null)</a>
               </td>
               <td nowrap="true">12:44:28</td>
               <td nowrap="true" align="right">2m
                  29s
                  
               </td>
               <td nowrap="true">
                  <a onclick="toggleDetailsVisibility('dd_testcases.TC_003_VerifyAllGoogleApps_byClass_FAIL2_exception')">org.openqa.selenium.NoSuchElementException: 
                     no such element: Unable to locate element: {"method":"xpath","selector":"html/body/span/header/nav/ul/li[2]/a"}
                     (Session info: chrome=56.0.2924.51)
                     (Driver info: chromedriver=2.25.426923 (0390b88869384d6eb0d5d09729679f934aab9eed),platform=Windows NT 6.1.7601 SP1 x86) (WARNING:
                     The server did not provide any stacktrace information)
                     Command duration or timeout: 20.12 seconds
                     For documentation on this error, please visit: http://seleniumhq.org/exceptions/no_such_element.html
                     Build info: version: '2.53.0', revision: '35ae25b', time: '2016-03-15 16:57:40'
                     System info: host: 'Sachin-PC', ip: '192.168.100.1', os.name: 'Windows 7', os.arch: 'x86', os.version: '6.1', java.version:
                     '1.8.0_91'
                     Driver info: org.openqa.selenium.chrome.ChromeDriver
                     Capabilities [{applicationCacheEnabled=false, rotatable=false, mobileEmulationEnabled=false, networkConnectionEnabled=false,
                     chrome={chromedriverVersion=2.25.426923 (0390b88869384d6eb0d5d09729679f934aab9eed), userDataDir=C:\Users\Sachin\AppData\Local\Temp\scoped_dir1536_22911},
                     takesHeapSnapshot=true, pageLoadStrategy=normal, databaseEnabled=false, handlesAlerts=true, hasTouchScreen=false, version=56.0.2924.51,
                     platform=XP, browserConnectionEnabled=false, nativeEvents=true, acceptSslCerts=true, locationContextEnabled=true, webStorageEnabled=true,
                     browserName=chrome, takesScreenshot=true, javascriptEnabled=true, cssSelectorsEnabled=true}]
                     Session ID: 07011e8a61d35f00e1391d7f7197ab83
                     *** Element info: {Using=xpath, value=html/body/span/header/nav/ul/li[2]/a}
                     
                  </a>
                   
                  
               </td>
            </tr>
            <tr>
               <td colspan="4" class="detailsBox">
                  <div id="dd_testcases.TC_003_VerifyAllGoogleApps_byClass_FAIL2_details"
                       class="testMethodDetails">
                     <div>
                        <b>Name: </b>VerifyAllGoogleApps
                     </div>
                     <div>
                        <b>Signature: </b>VerifyAllGoogleApps(java.lang.String)[pri:0, instance:dd_testcases.TC_003@3b5b47]
                     </div>
                     <div>
                        <b>Parameters: </b>
                        
                        null
                        
                        
                     </div>
                     <div>
                        <b>Start time: </b>12:44:28
                     </div>
                     <div>
                        <b>End time: </b>12:46:57
                     </div>
                     <div>
                        <b>Duration: </b>2m
                        29s
                        
                     </div>
                  </div>
               </td>
            </tr>
            <tr>
               <td colspan="4" class="detailsBox">
                  <div id="dd_testcases.TC_003_VerifyAllGoogleApps_byClass_FAIL2_exception"
                       class="testMethodDetails">
                     <pre style="padding: 5px; margin: 0;">org.openqa.selenium.NoSuchElementException: no such element: Unable to locate element: {"method":"xpath","selector":"html/body/span/header/nav/ul/li[2]/a"}
                        (Session info: chrome=56.0.2924.51)
                        (Driver info: chromedriver=2.25.426923 (0390b88869384d6eb0d5d09729679f934aab9eed),platform=Windows NT 6.1.7601 SP1 x86) (WARNING:
                        The server did not provide any stacktrace information)
                        Command duration or timeout: 20.12 seconds
                        For documentation on this error, please visit: http://seleniumhq.org/exceptions/no_such_element.html
                        Build info: version: '2.53.0', revision: '35ae25b', time: '2016-03-15 16:57:40'
                        System info: host: 'Sachin-PC', ip: '192.168.100.1', os.name: 'Windows 7', os.arch: 'x86', os.version: '6.1', java.version:
                        '1.8.0_91'
                        Driver info: org.openqa.selenium.chrome.ChromeDriver
                        Capabilities [{applicationCacheEnabled=false, rotatable=false, mobileEmulationEnabled=false, networkConnectionEnabled=false,
                        chrome={chromedriverVersion=2.25.426923 (0390b88869384d6eb0d5d09729679f934aab9eed), userDataDir=C:\Users\Sachin\AppData\Local\Temp\scoped_dir1536_22911},
                        takesHeapSnapshot=true, pageLoadStrategy=normal, databaseEnabled=false, handlesAlerts=true, hasTouchScreen=false, version=56.0.2924.51,
                        platform=XP, browserConnectionEnabled=false, nativeEvents=true, acceptSslCerts=true, locationContextEnabled=true, webStorageEnabled=true,
                        browserName=chrome, takesScreenshot=true, javascriptEnabled=true, cssSelectorsEnabled=true}]
                        Session ID: 07011e8a61d35f00e1391d7f7197ab83
                        *** Element info: {Using=xpath, value=html/body/span/header/nav/ul/li[2]/a}
                        	at sun.reflect.NativeConstructorAccessorImpl.newInstance0(Native Method)
                        	at sun.reflect.NativeConstructorAccessorImpl.newInstance(Unknown Source)
                        	at sun.reflect.DelegatingConstructorAccessorImpl.newInstance(Unknown Source)
                        	at java.lang.reflect.Constructor.newInstance(Unknown Source)
                        	at org.openqa.selenium.remote.ErrorHandler.createThrowable(ErrorHandler.java:206)
                        	at org.openqa.selenium.remote.ErrorHandler.throwIfResponseFailed(ErrorHandler.java:158)
                        	at org.openqa.selenium.remote.RemoteWebDriver.execute(RemoteWebDriver.java:678)
                        	at org.openqa.selenium.remote.RemoteWebDriver.findElement(RemoteWebDriver.java:363)
                        	at org.openqa.selenium.remote.RemoteWebDriver.findElementByXPath(RemoteWebDriver.java:500)
                        	at org.openqa.selenium.By$ByXPath.findElement(By.java:361)
                        	at org.openqa.selenium.remote.RemoteWebDriver.findElement(RemoteWebDriver.java:355)
                        	at dd_core.Page.IsElementPresent(Page.java:91)
                        	at dd_testcases.TC_003.VerifyAllGoogleApps(TC_003.java:195)
                        	at sun.reflect.NativeMethodAccessorImpl.invoke0(Native Method)
                        	at sun.reflect.NativeMethodAccessorImpl.invoke(Unknown Source)
                        	at sun.reflect.DelegatingMethodAccessorImpl.invoke(Unknown Source)
                        	at java.lang.reflect.Method.invoke(Unknown Source)
                        	at org.testng.internal.MethodInvocationHelper.invokeMethod(MethodInvocationHelper.java:100)
                        	at org.testng.internal.Invoker.invokeMethod(Invoker.java:646)
                        	at org.testng.internal.Invoker.invokeTestMethod(Invoker.java:811)
                        	at org.testng.internal.Invoker.invokeTestMethods(Invoker.java:1137)
                        	at org.testng.internal.TestMethodWorker.invokeTestMethods(TestMethodWorker.java:129)
                        	at org.testng.internal.TestMethodWorker.run(TestMethodWorker.java:112)
                        	at org.testng.TestRunner.privateRun(TestRunner.java:753)
                        	at org.testng.TestRunner.run(TestRunner.java:607)
                        	at org.testng.SuiteRunner.runTest(SuiteRunner.java:368)
                        	at org.testng.SuiteRunner.runSequentially(SuiteRunner.java:363)
                        	at org.testng.SuiteRunner.privateRun(SuiteRunner.java:321)
                        	at org.testng.SuiteRunner.run(SuiteRunner.java:270)
                        	at org.testng.SuiteRunnerWorker.runSuite(SuiteRunnerWorker.java:52)
                        	at org.testng.SuiteRunnerWorker.run(SuiteRunnerWorker.java:86)
                        	at org.testng.TestNG.runSuitesSequentially(TestNG.java:1284)
                        	at org.testng.TestNG.runSuitesLocally(TestNG.java:1209)
                        	at org.testng.TestNG.runSuites(TestNG.java:1124)
                        	at org.testng.TestNG.run(TestNG.java:1096)
                        	at org.testng.remote.AbstractRemoteTestNG.run(AbstractRemoteTestNG.java:132)
                        	at org.testng.remote.RemoteTestNG.initAndRun(RemoteTestNG.java:236)
                        	at org.testng.remote.RemoteTestNG.main(RemoteTestNG.java:81)
                     </pre>
                  </div>
               </td>
            </tr>
         </table>
         <br></br>
         <table class="testMethodsTable" cellpadding="0" cellspacing="0">
            <tr>
               <td colspan="4">
                  <h3 style="display: inline;">dd_testcases.TC_004</h3>
               </td>
            </tr>
            <tr class="methodsTableHeader">
               <td width="100%">Name</td>
               <td nowrap="true">Started</td>
               <td nowrap="true">Duration</td>
               <td>Exception</td>
            </tr>
            <tr id="dd_testcases.TC_004_isSkip_byClass_PASS1_row"
                class="testMethodStatusPASS testMethodStatusCONF">
               <td width="100%" class="firstMethodCell">
                  <a onclick="toggleDetailsVisibility('dd_testcases.TC_004_isSkip_byClass_PASS1_details')">isSkip()</a>
               </td>
               <td nowrap="true">12:46:57</td>
               <td nowrap="true" align="right">0 ms
                  
               </td>
               <td nowrap="true">
                   
                  
               </td>
            </tr>
            <tr>
               <td colspan="4" class="detailsBox">
                  <div id="dd_testcases.TC_004_isSkip_byClass_PASS1_details" class="testMethodDetails">
                     <div>
                        <b>Name: </b>isSkip
                     </div>
                     <div>
                        <b>Signature: </b>isSkip()[pri:0, instance:dd_testcases.TC_004@23df74]
                     </div>
                     <div>
                        <b>Start time: </b>12:46:57
                     </div>
                     <div>
                        <b>End time: </b>12:46:57
                     </div>
                     <div>
                        <b>Duration: </b>0 ms
                        
                     </div>
                  </div>
               </td>
            </tr>
            <tr></tr>
            <tr id="dd_testcases.TC_004_VerifyGoogleAppsLogInAndLogOut_byClass_PASS2_row"
                class="testMethodStatusPASS">
               <td width="100%" class="firstMethodCell">
                  <a onclick="toggleDetailsVisibility('dd_testcases.TC_004_VerifyGoogleAppsLogInAndLogOut_byClass_PASS2_details')">VerifyGoogleAppsLogInAndLogOut(meenifsss@gmail.com
                     
                     ,
                     
                     Meenu@676)
                  </a>
               </td>
               <td nowrap="true">12:46:57</td>
               <td nowrap="true" align="right">5m
                  59s
                  
               </td>
               <td nowrap="true">
                   
                  
               </td>
            </tr>
            <tr>
               <td colspan="4" class="detailsBox">
                  <div id="dd_testcases.TC_004_VerifyGoogleAppsLogInAndLogOut_byClass_PASS2_details"
                       class="testMethodDetails">
                     <div>
                        <b>Name: </b>VerifyGoogleAppsLogInAndLogOut
                     </div>
                     <div>
                        <b>Signature: </b>VerifyGoogleAppsLogInAndLogOut(java.lang.String, java.lang.String)[pri:0, instance:dd_testcases.TC_004@23df74]
                     </div>
                     <div>
                        <b>Parameters: </b>
                        
                        meenifsss@gmail.com
                        
                        ,
                        
                        Meenu@676
                        
                        
                     </div>
                     <div>
                        <b>Start time: </b>12:46:57
                     </div>
                     <div>
                        <b>End time: </b>12:51:56
                     </div>
                     <div>
                        <b>Duration: </b>5m
                        59s
                        
                     </div>
                  </div>
               </td>
            </tr>
            <tr></tr>
         </table>
         <br></br>
         <table class="testMethodsTable" cellpadding="0" cellspacing="0">
            <tr>
               <td colspan="4">
                  <h3 style="display: inline;">dd_testcases.TC_005</h3>
               </td>
            </tr>
            <tr class="methodsTableHeader">
               <td width="100%">Name</td>
               <td nowrap="true">Started</td>
               <td nowrap="true">Duration</td>
               <td>Exception</td>
            </tr>
            <tr id="dd_testcases.TC_005_isSkip_byClass_PASS1_row"
                class="testMethodStatusPASS testMethodStatusCONF">
               <td width="100%" class="firstMethodCell">
                  <a onclick="toggleDetailsVisibility('dd_testcases.TC_005_isSkip_byClass_PASS1_details')">isSkip()</a>
               </td>
               <td nowrap="true">12:51:56</td>
               <td nowrap="true" align="right">3 ms
                  
               </td>
               <td nowrap="true">
                   
                  
               </td>
            </tr>
            <tr>
               <td colspan="4" class="detailsBox">
                  <div id="dd_testcases.TC_005_isSkip_byClass_PASS1_details" class="testMethodDetails">
                     <div>
                        <b>Name: </b>isSkip
                     </div>
                     <div>
                        <b>Signature: </b>isSkip()[pri:0, instance:dd_testcases.TC_005@4fb17b]
                     </div>
                     <div>
                        <b>Start time: </b>12:51:56
                     </div>
                     <div>
                        <b>End time: </b>12:51:56
                     </div>
                     <div>
                        <b>Duration: </b>3 ms
                        
                     </div>
                  </div>
               </td>
            </tr>
            <tr></tr>
            <tr id="dd_testcases.TC_005_VerifyGoogleLaguageLinks_byClass_PASS2_row"
                class="testMethodStatusPASS">
               <td width="100%" class="firstMethodCell">
                  <a onclick="toggleDetailsVisibility('dd_testcases.TC_005_VerifyGoogleLaguageLinks_byClass_PASS2_details')">VerifyGoogleLaguageLinks(null)</a>
               </td>
               <td nowrap="true">12:51:56</td>
               <td nowrap="true" align="right">10s
                  
               </td>
               <td nowrap="true">
                   
                  
               </td>
            </tr>
            <tr>
               <td colspan="4" class="detailsBox">
                  <div id="dd_testcases.TC_005_VerifyGoogleLaguageLinks_byClass_PASS2_details"
                       class="testMethodDetails">
                     <div>
                        <b>Name: </b>VerifyGoogleLaguageLinks
                     </div>
                     <div>
                        <b>Signature: </b>VerifyGoogleLaguageLinks(java.lang.String)[pri:0, instance:dd_testcases.TC_005@4fb17b]
                     </div>
                     <div>
                        <b>Parameters: </b>
                        
                        null
                        
                        
                     </div>
                     <div>
                        <b>Start time: </b>12:51:56
                     </div>
                     <div>
                        <b>End time: </b>12:52:07
                     </div>
                     <div>
                        <b>Duration: </b>10s
                        
                     </div>
                  </div>
               </td>
            </tr>
            <tr></tr>
         </table>
         <br></br>
         <table class="testMethodsTable" cellpadding="0" cellspacing="0">
            <tr>
               <td colspan="4">
                  <h3 style="display: inline;">dd_testcases.TC_006</h3>
               </td>
            </tr>
            <tr class="methodsTableHeader">
               <td width="100%">Name</td>
               <td nowrap="true">Started</td>
               <td nowrap="true">Duration</td>
               <td>Exception</td>
            </tr>
            <tr id="dd_testcases.TC_006_isSkip_byClass_PASS1_row"
                class="testMethodStatusPASS testMethodStatusCONF">
               <td width="100%" class="firstMethodCell">
                  <a onclick="toggleDetailsVisibility('dd_testcases.TC_006_isSkip_byClass_PASS1_details')">isSkip()</a>
               </td>
               <td nowrap="true">12:52:07</td>
               <td nowrap="true" align="right">2 ms
                  
               </td>
               <td nowrap="true">
                   
                  
               </td>
            </tr>
            <tr>
               <td colspan="4" class="detailsBox">
                  <div id="dd_testcases.TC_006_isSkip_byClass_PASS1_details" class="testMethodDetails">
                     <div>
                        <b>Name: </b>isSkip
                     </div>
                     <div>
                        <b>Signature: </b>isSkip()[pri:0, instance:dd_testcases.TC_006@8f2016]
                     </div>
                     <div>
                        <b>Start time: </b>12:52:07
                     </div>
                     <div>
                        <b>End time: </b>12:52:07
                     </div>
                     <div>
                        <b>Duration: </b>2 ms
                        
                     </div>
                  </div>
               </td>
            </tr>
            <tr></tr>
            <tr id="dd_testcases.TC_006_VerifyGoogleSearchOperationPerformProperly_byClass_PASS2_row"
                class="testMethodStatusPASS">
               <td width="100%" class="firstMethodCell">
                  <a onclick="toggleDetailsVisibility('dd_testcases.TC_006_VerifyGoogleSearchOperationPerformProperly_byClass_PASS2_details')">VerifyGoogleSearchOperationPerformProperly(Amitabh Bachchan)</a>
               </td>
               <td nowrap="true">12:52:07</td>
               <td nowrap="true" align="right">2s
                  
               </td>
               <td nowrap="true">
                   
                  
               </td>
            </tr>
            <tr>
               <td colspan="4" class="detailsBox">
                  <div id="dd_testcases.TC_006_VerifyGoogleSearchOperationPerformProperly_byClass_PASS2_details"
                       class="testMethodDetails">
                     <div>
                        <b>Name: </b>VerifyGoogleSearchOperationPerformProperly
                     </div>
                     <div>
                        <b>Signature: </b>VerifyGoogleSearchOperationPerformProperly(java.lang.String)[pri:0, instance:dd_testcases.TC_006@8f2016]
                     </div>
                     <div>
                        <b>Parameters: </b>
                        
                        Amitabh Bachchan
                        
                        
                     </div>
                     <div>
                        <b>Start time: </b>12:52:07
                     </div>
                     <div>
                        <b>End time: </b>12:52:09
                     </div>
                     <div>
                        <b>Duration: </b>2s
                        
                     </div>
                  </div>
               </td>
            </tr>
            <tr></tr>
         </table>
         <br></br>
         <table class="testMethodsTable" cellpadding="0" cellspacing="0">
            <tr>
               <td colspan="4">
                  <h3 style="display: inline;">dd_testcases.TC_007</h3>
               </td>
            </tr>
            <tr class="methodsTableHeader">
               <td width="100%">Name</td>
               <td nowrap="true">Started</td>
               <td nowrap="true">Duration</td>
               <td>Exception</td>
            </tr>
            <tr id="dd_testcases.TC_007_isSkip_byClass_PASS1_row"
                class="testMethodStatusPASS testMethodStatusCONF">
               <td width="100%" class="firstMethodCell">
                  <a onclick="toggleDetailsVisibility('dd_testcases.TC_007_isSkip_byClass_PASS1_details')">isSkip()</a>
               </td>
               <td nowrap="true">12:52:09</td>
               <td nowrap="true" align="right">1 ms
                  
               </td>
               <td nowrap="true">
                   
                  
               </td>
            </tr>
            <tr>
               <td colspan="4" class="detailsBox">
                  <div id="dd_testcases.TC_007_isSkip_byClass_PASS1_details" class="testMethodDetails">
                     <div>
                        <b>Name: </b>isSkip
                     </div>
                     <div>
                        <b>Signature: </b>isSkip()[pri:0, instance:dd_testcases.TC_007@1141def]
                     </div>
                     <div>
                        <b>Start time: </b>12:52:09
                     </div>
                     <div>
                        <b>End time: </b>12:52:09
                     </div>
                     <div>
                        <b>Duration: </b>1 ms
                        
                     </div>
                  </div>
               </td>
            </tr>
            <tr></tr>
            <tr id="dd_testcases.TC_007_VerifyGoogleProducts_byClass_PASS2_row"
                class="testMethodStatusPASS">
               <td width="100%" class="firstMethodCell">
                  <a onclick="toggleDetailsVisibility('dd_testcases.TC_007_VerifyGoogleProducts_byClass_PASS2_details')">VerifyGoogleProducts(null)</a>
               </td>
               <td nowrap="true">12:52:09</td>
               <td nowrap="true" align="right">8s
                  
               </td>
               <td nowrap="true">
                   
                  
               </td>
            </tr>
            <tr>
               <td colspan="4" class="detailsBox">
                  <div id="dd_testcases.TC_007_VerifyGoogleProducts_byClass_PASS2_details"
                       class="testMethodDetails">
                     <div>
                        <b>Name: </b>VerifyGoogleProducts
                     </div>
                     <div>
                        <b>Signature: </b>VerifyGoogleProducts(java.lang.String)[pri:0, instance:dd_testcases.TC_007@1141def]
                     </div>
                     <div>
                        <b>Parameters: </b>
                        
                        null
                        
                        
                     </div>
                     <div>
                        <b>Start time: </b>12:52:09
                     </div>
                     <div>
                        <b>End time: </b>12:52:17
                     </div>
                     <div>
                        <b>Duration: </b>8s
                        
                     </div>
                  </div>
               </td>
            </tr>
            <tr></tr>
         </table>
         <br></br>
         <table class="testMethodsTable" cellpadding="0" cellspacing="0">
            <tr>
               <td colspan="4">
                  <h3 style="display: inline;">dd_testcases.TC_008</h3>
               </td>
            </tr>
            <tr class="methodsTableHeader">
               <td width="100%">Name</td>
               <td nowrap="true">Started</td>
               <td nowrap="true">Duration</td>
               <td>Exception</td>
            </tr>
            <tr id="dd_testcases.TC_008_isSkip_byClass_PASS1_row"
                class="testMethodStatusPASS testMethodStatusCONF">
               <td width="100%" class="firstMethodCell">
                  <a onclick="toggleDetailsVisibility('dd_testcases.TC_008_isSkip_byClass_PASS1_details')">isSkip()</a>
               </td>
               <td nowrap="true">12:52:17</td>
               <td nowrap="true" align="right">7 ms
                  
               </td>
               <td nowrap="true">
                   
                  
               </td>
            </tr>
            <tr>
               <td colspan="4" class="detailsBox">
                  <div id="dd_testcases.TC_008_isSkip_byClass_PASS1_details" class="testMethodDetails">
                     <div>
                        <b>Name: </b>isSkip
                     </div>
                     <div>
                        <b>Signature: </b>isSkip()[pri:0, instance:dd_testcases.TC_008@198f307]
                     </div>
                     <div>
                        <b>Start time: </b>12:52:17
                     </div>
                     <div>
                        <b>End time: </b>12:52:17
                     </div>
                     <div>
                        <b>Duration: </b>7 ms
                        
                     </div>
                  </div>
               </td>
            </tr>
            <tr></tr>
            <tr id="dd_testcases.TC_008_GmailLogin_byClass_PASS2_row"
                class="testMethodStatusPASS">
               <td width="100%" class="firstMethodCell">
                  <a onclick="toggleDetailsVisibility('dd_testcases.TC_008_GmailLogin_byClass_PASS2_details')">GmailLogin(meenifsss@gmail.com
                     
                     ,
                     
                     Meenu@676)
                  </a>
               </td>
               <td nowrap="true">12:52:17</td>
               <td nowrap="true" align="right">25s
                  
               </td>
               <td nowrap="true">
                   
                  
               </td>
            </tr>
            <tr>
               <td colspan="4" class="detailsBox">
                  <div id="dd_testcases.TC_008_GmailLogin_byClass_PASS2_details"
                       class="testMethodDetails">
                     <div>
                        <b>Name: </b>GmailLogin
                     </div>
                     <div>
                        <b>Signature: </b>GmailLogin(java.lang.String, java.lang.String)[pri:0, instance:dd_testcases.TC_008@198f307]
                     </div>
                     <div>
                        <b>Parameters: </b>
                        
                        meenifsss@gmail.com
                        
                        ,
                        
                        Meenu@676
                        
                        
                     </div>
                     <div>
                        <b>Start time: </b>12:52:17
                     </div>
                     <div>
                        <b>End time: </b>12:52:42
                     </div>
                     <div>
                        <b>Duration: </b>25s
                        
                     </div>
                  </div>
               </td>
            </tr>
            <tr></tr>
         </table>
         <br></br>
         <table class="testMethodsTable" cellpadding="0" cellspacing="0">
            <tr>
               <td colspan="4">
                  <h3 style="display: inline;">dd_testcases.TC_009</h3>
               </td>
            </tr>
            <tr class="methodsTableHeader">
               <td width="100%">Name</td>
               <td nowrap="true">Started</td>
               <td nowrap="true">Duration</td>
               <td>Exception</td>
            </tr>
            <tr id="dd_testcases.TC_009_isSkip_byClass_SKIP1_row"
                class="testMethodStatusSKIP testMethodStatusCONF">
               <td width="100%" class="firstMethodCell">
                  <a onclick="toggleDetailsVisibility('dd_testcases.TC_009_isSkip_byClass_SKIP1_details')">isSkip()</a>
               </td>
               <td nowrap="true">12:52:42</td>
               <td nowrap="true" align="right">0 ms
                  
               </td>
               <td nowrap="true">
                  <a onclick="toggleDetailsVisibility('dd_testcases.TC_009_isSkip_byClass_SKIP1_exception')">org.testng.SkipException: 
                     Skipping the test as the Run mode is No
                     
                  </a>
                   
                  
               </td>
            </tr>
            <tr>
               <td colspan="4" class="detailsBox">
                  <div id="dd_testcases.TC_009_isSkip_byClass_SKIP1_details" class="testMethodDetails">
                     <div>
                        <b>Name: </b>isSkip
                     </div>
                     <div>
                        <b>Signature: </b>isSkip()[pri:0, instance:dd_testcases.TC_009@1d477ed]
                     </div>
                     <div>
                        <b>Start time: </b>12:52:42
                     </div>
                     <div>
                        <b>End time: </b>12:52:42
                     </div>
                     <div>
                        <b>Duration: </b>0 ms
                        
                     </div>
                  </div>
               </td>
            </tr>
            <tr>
               <td colspan="4" class="detailsBox">
                  <div id="dd_testcases.TC_009_isSkip_byClass_SKIP1_exception"
                       class="testMethodDetails">
                     <pre style="padding: 5px; margin: 0;">org.testng.SkipException: Skipping the test as the Run mode is No
                        	at dd_testcases.TC_009.isSkip(TC_009.java:25)
                        	at sun.reflect.NativeMethodAccessorImpl.invoke0(Native Method)
                        	at sun.reflect.NativeMethodAccessorImpl.invoke(Unknown Source)
                        	at sun.reflect.DelegatingMethodAccessorImpl.invoke(Unknown Source)
                        	at java.lang.reflect.Method.invoke(Unknown Source)
                        	at org.testng.internal.MethodInvocationHelper.invokeMethod(MethodInvocationHelper.java:100)
                        	at org.testng.internal.Invoker.invokeConfigurationMethod(Invoker.java:515)
                        	at org.testng.internal.Invoker.invokeConfigurations(Invoker.java:216)
                        	at org.testng.internal.Invoker.invokeConfigurations(Invoker.java:143)
                        	at org.testng.TestRunner.beforeRun(TestRunner.java:631)
                        	at org.testng.TestRunner.run(TestRunner.java:599)
                        	at org.testng.SuiteRunner.runTest(SuiteRunner.java:368)
                        	at org.testng.SuiteRunner.runSequentially(SuiteRunner.java:363)
                        	at org.testng.SuiteRunner.privateRun(SuiteRunner.java:321)
                        	at org.testng.SuiteRunner.run(SuiteRunner.java:270)
                        	at org.testng.SuiteRunnerWorker.runSuite(SuiteRunnerWorker.java:52)
                        	at org.testng.SuiteRunnerWorker.run(SuiteRunnerWorker.java:86)
                        	at org.testng.TestNG.runSuitesSequentially(TestNG.java:1284)
                        	at org.testng.TestNG.runSuitesLocally(TestNG.java:1209)
                        	at org.testng.TestNG.runSuites(TestNG.java:1124)
                        	at org.testng.TestNG.run(TestNG.java:1096)
                        	at org.testng.remote.AbstractRemoteTestNG.run(AbstractRemoteTestNG.java:132)
                        	at org.testng.remote.RemoteTestNG.initAndRun(RemoteTestNG.java:236)
                        	at org.testng.remote.RemoteTestNG.main(RemoteTestNG.java:81)
                     </pre>
                  </div>
               </td>
            </tr>
            <tr id="dd_testcases.TC_009_VerifyInboxMailsCount_byClass_SKIP2_row"
                class="testMethodStatusSKIP">
               <td width="100%" class="firstMethodCell">
                  <a onclick="toggleDetailsVisibility('dd_testcases.TC_009_VerifyInboxMailsCount_byClass_SKIP2_details')">VerifyInboxMailsCount(meenifsss@gmail.com
                     
                     ,
                     
                     Meenu@676)
                  </a>
               </td>
               <td nowrap="true">12:52:42</td>
               <td nowrap="true" align="right">3 ms
                  
               </td>
               <td nowrap="true">
                   
                  
               </td>
            </tr>
            <tr>
               <td colspan="4" class="detailsBox">
                  <div id="dd_testcases.TC_009_VerifyInboxMailsCount_byClass_SKIP2_details"
                       class="testMethodDetails">
                     <div>
                        <b>Name: </b>VerifyInboxMailsCount
                     </div>
                     <div>
                        <b>Signature: </b>VerifyInboxMailsCount(java.lang.String, java.lang.String)[pri:0, instance:dd_testcases.TC_009@1d477ed]
                     </div>
                     <div>
                        <b>Parameters: </b>
                        
                        meenifsss@gmail.com
                        
                        ,
                        
                        Meenu@676
                        
                        
                     </div>
                     <div>
                        <b>Start time: </b>12:52:42
                     </div>
                     <div>
                        <b>End time: </b>12:52:42
                     </div>
                     <div>
                        <b>Duration: </b>3 ms
                        
                     </div>
                  </div>
               </td>
            </tr>
            <tr></tr>
         </table>
         <br></br>
         <table class="testMethodsTable" cellpadding="0" cellspacing="0">
            <tr>
               <td colspan="4">
                  <h3 style="display: inline;">dd_testcases.TC_010</h3>
               </td>
            </tr>
            <tr class="methodsTableHeader">
               <td width="100%">Name</td>
               <td nowrap="true">Started</td>
               <td nowrap="true">Duration</td>
               <td>Exception</td>
            </tr>
            <tr id="dd_testcases.TC_010_isSkip_byClass_SKIP1_row"
                class="testMethodStatusSKIP testMethodStatusCONF">
               <td width="100%" class="firstMethodCell">
                  <a onclick="toggleDetailsVisibility('dd_testcases.TC_010_isSkip_byClass_SKIP1_details')">isSkip()</a>
               </td>
               <td nowrap="true">12:52:42</td>
               <td nowrap="true" align="right">0 ms
                  
               </td>
               <td nowrap="true">
                  <a onclick="toggleDetailsVisibility('dd_testcases.TC_010_isSkip_byClass_SKIP1_exception')">org.testng.SkipException: 
                     Skipping the test as the Run mode is No
                     
                  </a>
                   
                  
               </td>
            </tr>
            <tr>
               <td colspan="4" class="detailsBox">
                  <div id="dd_testcases.TC_010_isSkip_byClass_SKIP1_details" class="testMethodDetails">
                     <div>
                        <b>Name: </b>isSkip
                     </div>
                     <div>
                        <b>Signature: </b>isSkip()[pri:0, instance:dd_testcases.TC_010@5d7657]
                     </div>
                     <div>
                        <b>Start time: </b>12:52:42
                     </div>
                     <div>
                        <b>End time: </b>12:52:42
                     </div>
                     <div>
                        <b>Duration: </b>0 ms
                        
                     </div>
                  </div>
               </td>
            </tr>
            <tr>
               <td colspan="4" class="detailsBox">
                  <div id="dd_testcases.TC_010_isSkip_byClass_SKIP1_exception"
                       class="testMethodDetails">
                     <pre style="padding: 5px; margin: 0;">org.testng.SkipException: Skipping the test as the Run mode is No
                        	at dd_testcases.TC_010.isSkip(TC_010.java:22)
                        	at sun.reflect.NativeMethodAccessorImpl.invoke0(Native Method)
                        	at sun.reflect.NativeMethodAccessorImpl.invoke(Unknown Source)
                        	at sun.reflect.DelegatingMethodAccessorImpl.invoke(Unknown Source)
                        	at java.lang.reflect.Method.invoke(Unknown Source)
                        	at org.testng.internal.MethodInvocationHelper.invokeMethod(MethodInvocationHelper.java:100)
                        	at org.testng.internal.Invoker.invokeConfigurationMethod(Invoker.java:515)
                        	at org.testng.internal.Invoker.invokeConfigurations(Invoker.java:216)
                        	at org.testng.internal.Invoker.invokeConfigurations(Invoker.java:143)
                        	at org.testng.TestRunner.beforeRun(TestRunner.java:631)
                        	at org.testng.TestRunner.run(TestRunner.java:599)
                        	at org.testng.SuiteRunner.runTest(SuiteRunner.java:368)
                        	at org.testng.SuiteRunner.runSequentially(SuiteRunner.java:363)
                        	at org.testng.SuiteRunner.privateRun(SuiteRunner.java:321)
                        	at org.testng.SuiteRunner.run(SuiteRunner.java:270)
                        	at org.testng.SuiteRunnerWorker.runSuite(SuiteRunnerWorker.java:52)
                        	at org.testng.SuiteRunnerWorker.run(SuiteRunnerWorker.java:86)
                        	at org.testng.TestNG.runSuitesSequentially(TestNG.java:1284)
                        	at org.testng.TestNG.runSuitesLocally(TestNG.java:1209)
                        	at org.testng.TestNG.runSuites(TestNG.java:1124)
                        	at org.testng.TestNG.run(TestNG.java:1096)
                        	at org.testng.remote.AbstractRemoteTestNG.run(AbstractRemoteTestNG.java:132)
                        	at org.testng.remote.RemoteTestNG.initAndRun(RemoteTestNG.java:236)
                        	at org.testng.remote.RemoteTestNG.main(RemoteTestNG.java:81)
                     </pre>
                  </div>
               </td>
            </tr>
            <tr id="dd_testcases.TC_010_verifyInboxMailsWithStarCount_byClass_SKIP2_row"
                class="testMethodStatusSKIP">
               <td width="100%" class="firstMethodCell">
                  <a onclick="toggleDetailsVisibility('dd_testcases.TC_010_verifyInboxMailsWithStarCount_byClass_SKIP2_details')">verifyInboxMailsWithStarCount(meenifsss@gmail.com
                     
                     ,
                     
                     Meenu@676)
                  </a>
               </td>
               <td nowrap="true">12:52:42</td>
               <td nowrap="true" align="right">2 ms
                  
               </td>
               <td nowrap="true">
                   
                  
               </td>
            </tr>
            <tr>
               <td colspan="4" class="detailsBox">
                  <div id="dd_testcases.TC_010_verifyInboxMailsWithStarCount_byClass_SKIP2_details"
                       class="testMethodDetails">
                     <div>
                        <b>Name: </b>verifyInboxMailsWithStarCount
                     </div>
                     <div>
                        <b>Signature: </b>verifyInboxMailsWithStarCount(java.lang.String, java.lang.String)[pri:0, instance:dd_testcases.TC_010@5d7657]
                     </div>
                     <div>
                        <b>Parameters: </b>
                        
                        meenifsss@gmail.com
                        
                        ,
                        
                        Meenu@676
                        
                        
                     </div>
                     <div>
                        <b>Start time: </b>12:52:42
                     </div>
                     <div>
                        <b>End time: </b>12:52:42
                     </div>
                     <div>
                        <b>Duration: </b>2 ms
                        
                     </div>
                  </div>
               </td>
            </tr>
            <tr></tr>
         </table>
         <br></br>
         <table class="testMethodsTable" cellpadding="0" cellspacing="0">
            <tr>
               <td colspan="4">
                  <h3 style="display: inline;">dd_testcases.TC_011</h3>
               </td>
            </tr>
            <tr class="methodsTableHeader">
               <td width="100%">Name</td>
               <td nowrap="true">Started</td>
               <td nowrap="true">Duration</td>
               <td>Exception</td>
            </tr>
            <tr id="dd_testcases.TC_011_isSkip_byClass_SKIP1_row"
                class="testMethodStatusSKIP testMethodStatusCONF">
               <td width="100%" class="firstMethodCell">
                  <a onclick="toggleDetailsVisibility('dd_testcases.TC_011_isSkip_byClass_SKIP1_details')">isSkip()</a>
               </td>
               <td nowrap="true">12:52:42</td>
               <td nowrap="true" align="right">0 ms
                  
               </td>
               <td nowrap="true">
                  <a onclick="toggleDetailsVisibility('dd_testcases.TC_011_isSkip_byClass_SKIP1_exception')">org.testng.SkipException: 
                     Skipping the test as the Run mode is No
                     
                  </a>
                   
                  
               </td>
            </tr>
            <tr>
               <td colspan="4" class="detailsBox">
                  <div id="dd_testcases.TC_011_isSkip_byClass_SKIP1_details" class="testMethodDetails">
                     <div>
                        <b>Name: </b>isSkip
                     </div>
                     <div>
                        <b>Signature: </b>isSkip()[pri:0, instance:dd_testcases.TC_011@12ea799]
                     </div>
                     <div>
                        <b>Start time: </b>12:52:42
                     </div>
                     <div>
                        <b>End time: </b>12:52:42
                     </div>
                     <div>
                        <b>Duration: </b>0 ms
                        
                     </div>
                  </div>
               </td>
            </tr>
            <tr>
               <td colspan="4" class="detailsBox">
                  <div id="dd_testcases.TC_011_isSkip_byClass_SKIP1_exception"
                       class="testMethodDetails">
                     <pre style="padding: 5px; margin: 0;">org.testng.SkipException: Skipping the test as the Run mode is No
                        	at dd_testcases.TC_011.isSkip(TC_011.java:26)
                        	at sun.reflect.NativeMethodAccessorImpl.invoke0(Native Method)
                        	at sun.reflect.NativeMethodAccessorImpl.invoke(Unknown Source)
                        	at sun.reflect.DelegatingMethodAccessorImpl.invoke(Unknown Source)
                        	at java.lang.reflect.Method.invoke(Unknown Source)
                        	at org.testng.internal.MethodInvocationHelper.invokeMethod(MethodInvocationHelper.java:100)
                        	at org.testng.internal.Invoker.invokeConfigurationMethod(Invoker.java:515)
                        	at org.testng.internal.Invoker.invokeConfigurations(Invoker.java:216)
                        	at org.testng.internal.Invoker.invokeConfigurations(Invoker.java:143)
                        	at org.testng.TestRunner.beforeRun(TestRunner.java:631)
                        	at org.testng.TestRunner.run(TestRunner.java:599)
                        	at org.testng.SuiteRunner.runTest(SuiteRunner.java:368)
                        	at org.testng.SuiteRunner.runSequentially(SuiteRunner.java:363)
                        	at org.testng.SuiteRunner.privateRun(SuiteRunner.java:321)
                        	at org.testng.SuiteRunner.run(SuiteRunner.java:270)
                        	at org.testng.SuiteRunnerWorker.runSuite(SuiteRunnerWorker.java:52)
                        	at org.testng.SuiteRunnerWorker.run(SuiteRunnerWorker.java:86)
                        	at org.testng.TestNG.runSuitesSequentially(TestNG.java:1284)
                        	at org.testng.TestNG.runSuitesLocally(TestNG.java:1209)
                        	at org.testng.TestNG.runSuites(TestNG.java:1124)
                        	at org.testng.TestNG.run(TestNG.java:1096)
                        	at org.testng.remote.AbstractRemoteTestNG.run(AbstractRemoteTestNG.java:132)
                        	at org.testng.remote.RemoteTestNG.initAndRun(RemoteTestNG.java:236)
                        	at org.testng.remote.RemoteTestNG.main(RemoteTestNG.java:81)
                     </pre>
                  </div>
               </td>
            </tr>
            <tr id="dd_testcases.TC_011_VerifyInboxUnreadMailsCount_byClass_SKIP2_row"
                class="testMethodStatusSKIP">
               <td width="100%" class="firstMethodCell">
                  <a onclick="toggleDetailsVisibility('dd_testcases.TC_011_VerifyInboxUnreadMailsCount_byClass_SKIP2_details')">VerifyInboxUnreadMailsCount(meenifsss@gmail.com
                     
                     ,
                     
                     Meenu@676)
                  </a>
               </td>
               <td nowrap="true">12:52:42</td>
               <td nowrap="true" align="right">2 ms
                  
               </td>
               <td nowrap="true">
                   
                  
               </td>
            </tr>
            <tr>
               <td colspan="4" class="detailsBox">
                  <div id="dd_testcases.TC_011_VerifyInboxUnreadMailsCount_byClass_SKIP2_details"
                       class="testMethodDetails">
                     <div>
                        <b>Name: </b>VerifyInboxUnreadMailsCount
                     </div>
                     <div>
                        <b>Signature: </b>VerifyInboxUnreadMailsCount(java.lang.String, java.lang.String)[pri:0, instance:dd_testcases.TC_011@12ea799]
                     </div>
                     <div>
                        <b>Parameters: </b>
                        
                        meenifsss@gmail.com
                        
                        ,
                        
                        Meenu@676
                        
                        
                     </div>
                     <div>
                        <b>Start time: </b>12:52:42
                     </div>
                     <div>
                        <b>End time: </b>12:52:42
                     </div>
                     <div>
                        <b>Duration: </b>2 ms
                        
                     </div>
                  </div>
               </td>
            </tr>
            <tr></tr>
         </table>
         <br></br>
         <table class="testMethodsTable" cellpadding="0" cellspacing="0">
            <tr>
               <td colspan="4">
                  <h3 style="display: inline;">dd_testcases.TC_012</h3>
               </td>
            </tr>
            <tr class="methodsTableHeader">
               <td width="100%">Name</td>
               <td nowrap="true">Started</td>
               <td nowrap="true">Duration</td>
               <td>Exception</td>
            </tr>
            <tr id="dd_testcases.TC_012_isSkip_byClass_SKIP1_row"
                class="testMethodStatusSKIP testMethodStatusCONF">
               <td width="100%" class="firstMethodCell">
                  <a onclick="toggleDetailsVisibility('dd_testcases.TC_012_isSkip_byClass_SKIP1_details')">isSkip()</a>
               </td>
               <td nowrap="true">12:52:42</td>
               <td nowrap="true" align="right">0 ms
                  
               </td>
               <td nowrap="true">
                  <a onclick="toggleDetailsVisibility('dd_testcases.TC_012_isSkip_byClass_SKIP1_exception')">org.testng.SkipException: 
                     Skipping the test as the Run mode is No
                     
                  </a>
                   
                  
               </td>
            </tr>
            <tr>
               <td colspan="4" class="detailsBox">
                  <div id="dd_testcases.TC_012_isSkip_byClass_SKIP1_details" class="testMethodDetails">
                     <div>
                        <b>Name: </b>isSkip
                     </div>
                     <div>
                        <b>Signature: </b>isSkip()[pri:0, instance:dd_testcases.TC_012@fcd809]
                     </div>
                     <div>
                        <b>Start time: </b>12:52:42
                     </div>
                     <div>
                        <b>End time: </b>12:52:42
                     </div>
                     <div>
                        <b>Duration: </b>0 ms
                        
                     </div>
                  </div>
               </td>
            </tr>
            <tr>
               <td colspan="4" class="detailsBox">
                  <div id="dd_testcases.TC_012_isSkip_byClass_SKIP1_exception"
                       class="testMethodDetails">
                     <pre style="padding: 5px; margin: 0;">org.testng.SkipException: Skipping the test as the Run mode is No
                        	at dd_testcases.TC_012.isSkip(TC_012.java:26)
                        	at sun.reflect.NativeMethodAccessorImpl.invoke0(Native Method)
                        	at sun.reflect.NativeMethodAccessorImpl.invoke(Unknown Source)
                        	at sun.reflect.DelegatingMethodAccessorImpl.invoke(Unknown Source)
                        	at java.lang.reflect.Method.invoke(Unknown Source)
                        	at org.testng.internal.MethodInvocationHelper.invokeMethod(MethodInvocationHelper.java:100)
                        	at org.testng.internal.Invoker.invokeConfigurationMethod(Invoker.java:515)
                        	at org.testng.internal.Invoker.invokeConfigurations(Invoker.java:216)
                        	at org.testng.internal.Invoker.invokeConfigurations(Invoker.java:143)
                        	at org.testng.TestRunner.beforeRun(TestRunner.java:631)
                        	at org.testng.TestRunner.run(TestRunner.java:599)
                        	at org.testng.SuiteRunner.runTest(SuiteRunner.java:368)
                        	at org.testng.SuiteRunner.runSequentially(SuiteRunner.java:363)
                        	at org.testng.SuiteRunner.privateRun(SuiteRunner.java:321)
                        	at org.testng.SuiteRunner.run(SuiteRunner.java:270)
                        	at org.testng.SuiteRunnerWorker.runSuite(SuiteRunnerWorker.java:52)
                        	at org.testng.SuiteRunnerWorker.run(SuiteRunnerWorker.java:86)
                        	at org.testng.TestNG.runSuitesSequentially(TestNG.java:1284)
                        	at org.testng.TestNG.runSuitesLocally(TestNG.java:1209)
                        	at org.testng.TestNG.runSuites(TestNG.java:1124)
                        	at org.testng.TestNG.run(TestNG.java:1096)
                        	at org.testng.remote.AbstractRemoteTestNG.run(AbstractRemoteTestNG.java:132)
                        	at org.testng.remote.RemoteTestNG.initAndRun(RemoteTestNG.java:236)
                        	at org.testng.remote.RemoteTestNG.main(RemoteTestNG.java:81)
                     </pre>
                  </div>
               </td>
            </tr>
            <tr id="dd_testcases.TC_012_VerifyInboxReadMailsCount_byClass_SKIP2_row"
                class="testMethodStatusSKIP">
               <td width="100%" class="firstMethodCell">
                  <a onclick="toggleDetailsVisibility('dd_testcases.TC_012_VerifyInboxReadMailsCount_byClass_SKIP2_details')">VerifyInboxReadMailsCount(meenifsss@gmail.com
                     
                     ,
                     
                     Meenu@676)
                  </a>
               </td>
               <td nowrap="true">12:52:42</td>
               <td nowrap="true" align="right">5 ms
                  
               </td>
               <td nowrap="true">
                   
                  
               </td>
            </tr>
            <tr>
               <td colspan="4" class="detailsBox">
                  <div id="dd_testcases.TC_012_VerifyInboxReadMailsCount_byClass_SKIP2_details"
                       class="testMethodDetails">
                     <div>
                        <b>Name: </b>VerifyInboxReadMailsCount
                     </div>
                     <div>
                        <b>Signature: </b>VerifyInboxReadMailsCount(java.lang.String, java.lang.String)[pri:0, instance:dd_testcases.TC_012@fcd809]
                     </div>
                     <div>
                        <b>Parameters: </b>
                        
                        meenifsss@gmail.com
                        
                        ,
                        
                        Meenu@676
                        
                        
                     </div>
                     <div>
                        <b>Start time: </b>12:52:42
                     </div>
                     <div>
                        <b>End time: </b>12:52:42
                     </div>
                     <div>
                        <b>Duration: </b>5 ms
                        
                     </div>
                  </div>
               </td>
            </tr>
            <tr></tr>
         </table>
         <br></br>
         <table class="testMethodsTable" cellpadding="0" cellspacing="0">
            <tr>
               <td colspan="4">
                  <h3 style="display: inline;">dd_testcases.TC_013</h3>
               </td>
            </tr>
            <tr class="methodsTableHeader">
               <td width="100%">Name</td>
               <td nowrap="true">Started</td>
               <td nowrap="true">Duration</td>
               <td>Exception</td>
            </tr>
            <tr id="dd_testcases.TC_013_isSkip_byClass_SKIP1_row"
                class="testMethodStatusSKIP testMethodStatusCONF">
               <td width="100%" class="firstMethodCell">
                  <a onclick="toggleDetailsVisibility('dd_testcases.TC_013_isSkip_byClass_SKIP1_details')">isSkip()</a>
               </td>
               <td nowrap="true">12:52:42</td>
               <td nowrap="true" align="right">0 ms
                  
               </td>
               <td nowrap="true">
                  <a onclick="toggleDetailsVisibility('dd_testcases.TC_013_isSkip_byClass_SKIP1_exception')">org.testng.SkipException: 
                     Skipping the test as the Run mode is No
                     
                  </a>
                   
                  
               </td>
            </tr>
            <tr>
               <td colspan="4" class="detailsBox">
                  <div id="dd_testcases.TC_013_isSkip_byClass_SKIP1_details" class="testMethodDetails">
                     <div>
                        <b>Name: </b>isSkip
                     </div>
                     <div>
                        <b>Signature: </b>isSkip()[pri:0, instance:dd_testcases.TC_013@17caf28]
                     </div>
                     <div>
                        <b>Start time: </b>12:52:42
                     </div>
                     <div>
                        <b>End time: </b>12:52:42
                     </div>
                     <div>
                        <b>Duration: </b>0 ms
                        
                     </div>
                  </div>
               </td>
            </tr>
            <tr>
               <td colspan="4" class="detailsBox">
                  <div id="dd_testcases.TC_013_isSkip_byClass_SKIP1_exception"
                       class="testMethodDetails">
                     <pre style="padding: 5px; margin: 0;">org.testng.SkipException: Skipping the test as the Run mode is No
                        	at dd_testcases.TC_013.isSkip(TC_013.java:23)
                        	at sun.reflect.NativeMethodAccessorImpl.invoke0(Native Method)
                        	at sun.reflect.NativeMethodAccessorImpl.invoke(Unknown Source)
                        	at sun.reflect.DelegatingMethodAccessorImpl.invoke(Unknown Source)
                        	at java.lang.reflect.Method.invoke(Unknown Source)
                        	at org.testng.internal.MethodInvocationHelper.invokeMethod(MethodInvocationHelper.java:100)
                        	at org.testng.internal.Invoker.invokeConfigurationMethod(Invoker.java:515)
                        	at org.testng.internal.Invoker.invokeConfigurations(Invoker.java:216)
                        	at org.testng.internal.Invoker.invokeConfigurations(Invoker.java:143)
                        	at org.testng.TestRunner.beforeRun(TestRunner.java:631)
                        	at org.testng.TestRunner.run(TestRunner.java:599)
                        	at org.testng.SuiteRunner.runTest(SuiteRunner.java:368)
                        	at org.testng.SuiteRunner.runSequentially(SuiteRunner.java:363)
                        	at org.testng.SuiteRunner.privateRun(SuiteRunner.java:321)
                        	at org.testng.SuiteRunner.run(SuiteRunner.java:270)
                        	at org.testng.SuiteRunnerWorker.runSuite(SuiteRunnerWorker.java:52)
                        	at org.testng.SuiteRunnerWorker.run(SuiteRunnerWorker.java:86)
                        	at org.testng.TestNG.runSuitesSequentially(TestNG.java:1284)
                        	at org.testng.TestNG.runSuitesLocally(TestNG.java:1209)
                        	at org.testng.TestNG.runSuites(TestNG.java:1124)
                        	at org.testng.TestNG.run(TestNG.java:1096)
                        	at org.testng.remote.AbstractRemoteTestNG.run(AbstractRemoteTestNG.java:132)
                        	at org.testng.remote.RemoteTestNG.initAndRun(RemoteTestNG.java:236)
                        	at org.testng.remote.RemoteTestNG.main(RemoteTestNG.java:81)
                     </pre>
                  </div>
               </td>
            </tr>
            <tr id="dd_testcases.TC_013_VerifymailComposeIsWorkingProperly_byClass_SKIP2_row"
                class="testMethodStatusSKIP">
               <td width="100%" class="firstMethodCell">
                  <a onclick="toggleDetailsVisibility('dd_testcases.TC_013_VerifymailComposeIsWorkingProperly_byClass_SKIP2_details')">VerifymailComposeIsWorkingProperly(meenifsss@gmail.com
                     
                     ,
                     
                     Meenu@676)
                  </a>
               </td>
               <td nowrap="true">12:52:42</td>
               <td nowrap="true" align="right">1 ms
                  
               </td>
               <td nowrap="true">
                   
                  
               </td>
            </tr>
            <tr>
               <td colspan="4" class="detailsBox">
                  <div id="dd_testcases.TC_013_VerifymailComposeIsWorkingProperly_byClass_SKIP2_details"
                       class="testMethodDetails">
                     <div>
                        <b>Name: </b>VerifymailComposeIsWorkingProperly
                     </div>
                     <div>
                        <b>Signature: </b>VerifymailComposeIsWorkingProperly(java.lang.String, java.lang.String)[pri:0, instance:dd_testcases.TC_013@17caf28]
                     </div>
                     <div>
                        <b>Parameters: </b>
                        
                        meenifsss@gmail.com
                        
                        ,
                        
                        Meenu@676
                        
                        
                     </div>
                     <div>
                        <b>Start time: </b>12:52:42
                     </div>
                     <div>
                        <b>End time: </b>12:52:42
                     </div>
                     <div>
                        <b>Duration: </b>1 ms
                        
                     </div>
                  </div>
               </td>
            </tr>
            <tr></tr>
         </table>
         <br></br>
         <table class="testMethodsTable" cellpadding="0" cellspacing="0">
            <tr>
               <td colspan="4">
                  <h3 style="display: inline;">dd_testcases.TC_014</h3>
               </td>
            </tr>
            <tr class="methodsTableHeader">
               <td width="100%">Name</td>
               <td nowrap="true">Started</td>
               <td nowrap="true">Duration</td>
               <td>Exception</td>
            </tr>
            <tr id="dd_testcases.TC_014_isSkip_byClass_SKIP1_row"
                class="testMethodStatusSKIP testMethodStatusCONF">
               <td width="100%" class="firstMethodCell">
                  <a onclick="toggleDetailsVisibility('dd_testcases.TC_014_isSkip_byClass_SKIP1_details')">isSkip()</a>
               </td>
               <td nowrap="true">12:52:42</td>
               <td nowrap="true" align="right">0 ms
                  
               </td>
               <td nowrap="true">
                  <a onclick="toggleDetailsVisibility('dd_testcases.TC_014_isSkip_byClass_SKIP1_exception')">org.testng.SkipException: 
                     Skipping the test as the Run mode is No
                     
                  </a>
                   
                  
               </td>
            </tr>
            <tr>
               <td colspan="4" class="detailsBox">
                  <div id="dd_testcases.TC_014_isSkip_byClass_SKIP1_details" class="testMethodDetails">
                     <div>
                        <b>Name: </b>isSkip
                     </div>
                     <div>
                        <b>Signature: </b>isSkip()[pri:0, instance:dd_testcases.TC_014@ebc363]
                     </div>
                     <div>
                        <b>Start time: </b>12:52:42
                     </div>
                     <div>
                        <b>End time: </b>12:52:42
                     </div>
                     <div>
                        <b>Duration: </b>0 ms
                        
                     </div>
                  </div>
               </td>
            </tr>
            <tr>
               <td colspan="4" class="detailsBox">
                  <div id="dd_testcases.TC_014_isSkip_byClass_SKIP1_exception"
                       class="testMethodDetails">
                     <pre style="padding: 5px; margin: 0;">org.testng.SkipException: Skipping the test as the Run mode is No
                        	at dd_testcases.TC_014.isSkip(TC_014.java:22)
                        	at sun.reflect.NativeMethodAccessorImpl.invoke0(Native Method)
                        	at sun.reflect.NativeMethodAccessorImpl.invoke(Unknown Source)
                        	at sun.reflect.DelegatingMethodAccessorImpl.invoke(Unknown Source)
                        	at java.lang.reflect.Method.invoke(Unknown Source)
                        	at org.testng.internal.MethodInvocationHelper.invokeMethod(MethodInvocationHelper.java:100)
                        	at org.testng.internal.Invoker.invokeConfigurationMethod(Invoker.java:515)
                        	at org.testng.internal.Invoker.invokeConfigurations(Invoker.java:216)
                        	at org.testng.internal.Invoker.invokeConfigurations(Invoker.java:143)
                        	at org.testng.TestRunner.beforeRun(TestRunner.java:631)
                        	at org.testng.TestRunner.run(TestRunner.java:599)
                        	at org.testng.SuiteRunner.runTest(SuiteRunner.java:368)
                        	at org.testng.SuiteRunner.runSequentially(SuiteRunner.java:363)
                        	at org.testng.SuiteRunner.privateRun(SuiteRunner.java:321)
                        	at org.testng.SuiteRunner.run(SuiteRunner.java:270)
                        	at org.testng.SuiteRunnerWorker.runSuite(SuiteRunnerWorker.java:52)
                        	at org.testng.SuiteRunnerWorker.run(SuiteRunnerWorker.java:86)
                        	at org.testng.TestNG.runSuitesSequentially(TestNG.java:1284)
                        	at org.testng.TestNG.runSuitesLocally(TestNG.java:1209)
                        	at org.testng.TestNG.runSuites(TestNG.java:1124)
                        	at org.testng.TestNG.run(TestNG.java:1096)
                        	at org.testng.remote.AbstractRemoteTestNG.run(AbstractRemoteTestNG.java:132)
                        	at org.testng.remote.RemoteTestNG.initAndRun(RemoteTestNG.java:236)
                        	at org.testng.remote.RemoteTestNG.main(RemoteTestNG.java:81)
                     </pre>
                  </div>
               </td>
            </tr>
            <tr id="dd_testcases.TC_014_VerifyMailIsSendProperly_byClass_SKIP2_row"
                class="testMethodStatusSKIP">
               <td width="100%" class="firstMethodCell">
                  <a onclick="toggleDetailsVisibility('dd_testcases.TC_014_VerifyMailIsSendProperly_byClass_SKIP2_details')">VerifyMailIsSendProperly(meenifsss@gmail.com
                     
                     ,
                     
                     Meenu@676
                     
                     ,
                     
                     meenakshi.patil04@gmail.com
                     
                     ,
                     
                     Test Mail
                     
                     ,
                     
                     This is test mail      Regards,Meenakshi patil)
                  </a>
               </td>
               <td nowrap="true">12:52:42</td>
               <td nowrap="true" align="right">2 ms
                  
               </td>
               <td nowrap="true">
                   
                  
               </td>
            </tr>
            <tr>
               <td colspan="4" class="detailsBox">
                  <div id="dd_testcases.TC_014_VerifyMailIsSendProperly_byClass_SKIP2_details"
                       class="testMethodDetails">
                     <div>
                        <b>Name: </b>VerifyMailIsSendProperly
                     </div>
                     <div>
                        <b>Signature: </b>VerifyMailIsSendProperly(java.lang.String, java.lang.String, java.lang.String, java.lang.String, java.lang.String)[pri:0,
                        instance:dd_testcases.TC_014@ebc363]
                     </div>
                     <div>
                        <b>Parameters: </b>
                        
                        meenifsss@gmail.com
                        
                        ,
                        
                        Meenu@676
                        
                        ,
                        
                        meenakshi.patil04@gmail.com
                        
                        ,
                        
                        Test Mail
                        
                        ,
                        
                        This is test mail      Regards,Meenakshi patil              
                        
                        
                     </div>
                     <div>
                        <b>Start time: </b>12:52:42
                     </div>
                     <div>
                        <b>End time: </b>12:52:42
                     </div>
                     <div>
                        <b>Duration: </b>2 ms
                        
                     </div>
                  </div>
               </td>
            </tr>
            <tr></tr>
         </table>
         <br></br>
         <table class="testMethodsTable" cellpadding="0" cellspacing="0">
            <tr>
               <td colspan="4">
                  <h3 style="display: inline;">dd_testcases.TC_015</h3>
               </td>
            </tr>
            <tr class="methodsTableHeader">
               <td width="100%">Name</td>
               <td nowrap="true">Started</td>
               <td nowrap="true">Duration</td>
               <td>Exception</td>
            </tr>
            <tr id="dd_testcases.TC_015_isSkip_byClass_SKIP1_row"
                class="testMethodStatusSKIP testMethodStatusCONF">
               <td width="100%" class="firstMethodCell">
                  <a onclick="toggleDetailsVisibility('dd_testcases.TC_015_isSkip_byClass_SKIP1_details')">isSkip()</a>
               </td>
               <td nowrap="true">12:52:42</td>
               <td nowrap="true" align="right">0 ms
                  
               </td>
               <td nowrap="true">
                  <a onclick="toggleDetailsVisibility('dd_testcases.TC_015_isSkip_byClass_SKIP1_exception')">org.testng.SkipException: 
                     Skipping the test as the Run mode is No
                     
                  </a>
                   
                  
               </td>
            </tr>
            <tr>
               <td colspan="4" class="detailsBox">
                  <div id="dd_testcases.TC_015_isSkip_byClass_SKIP1_details" class="testMethodDetails">
                     <div>
                        <b>Name: </b>isSkip
                     </div>
                     <div>
                        <b>Signature: </b>isSkip()[pri:0, instance:dd_testcases.TC_015@6cb05c]
                     </div>
                     <div>
                        <b>Start time: </b>12:52:42
                     </div>
                     <div>
                        <b>End time: </b>12:52:42
                     </div>
                     <div>
                        <b>Duration: </b>0 ms
                        
                     </div>
                  </div>
               </td>
            </tr>
            <tr>
               <td colspan="4" class="detailsBox">
                  <div id="dd_testcases.TC_015_isSkip_byClass_SKIP1_exception"
                       class="testMethodDetails">
                     <pre style="padding: 5px; margin: 0;">org.testng.SkipException: Skipping the test as the Run mode is No
                        	at dd_testcases.TC_015.isSkip(TC_015.java:22)
                        	at sun.reflect.NativeMethodAccessorImpl.invoke0(Native Method)
                        	at sun.reflect.NativeMethodAccessorImpl.invoke(Unknown Source)
                        	at sun.reflect.DelegatingMethodAccessorImpl.invoke(Unknown Source)
                        	at java.lang.reflect.Method.invoke(Unknown Source)
                        	at org.testng.internal.MethodInvocationHelper.invokeMethod(MethodInvocationHelper.java:100)
                        	at org.testng.internal.Invoker.invokeConfigurationMethod(Invoker.java:515)
                        	at org.testng.internal.Invoker.invokeConfigurations(Invoker.java:216)
                        	at org.testng.internal.Invoker.invokeConfigurations(Invoker.java:143)
                        	at org.testng.TestRunner.beforeRun(TestRunner.java:631)
                        	at org.testng.TestRunner.run(TestRunner.java:599)
                        	at org.testng.SuiteRunner.runTest(SuiteRunner.java:368)
                        	at org.testng.SuiteRunner.runSequentially(SuiteRunner.java:363)
                        	at org.testng.SuiteRunner.privateRun(SuiteRunner.java:321)
                        	at org.testng.SuiteRunner.run(SuiteRunner.java:270)
                        	at org.testng.SuiteRunnerWorker.runSuite(SuiteRunnerWorker.java:52)
                        	at org.testng.SuiteRunnerWorker.run(SuiteRunnerWorker.java:86)
                        	at org.testng.TestNG.runSuitesSequentially(TestNG.java:1284)
                        	at org.testng.TestNG.runSuitesLocally(TestNG.java:1209)
                        	at org.testng.TestNG.runSuites(TestNG.java:1124)
                        	at org.testng.TestNG.run(TestNG.java:1096)
                        	at org.testng.remote.AbstractRemoteTestNG.run(AbstractRemoteTestNG.java:132)
                        	at org.testng.remote.RemoteTestNG.initAndRun(RemoteTestNG.java:236)
                        	at org.testng.remote.RemoteTestNG.main(RemoteTestNG.java:81)
                     </pre>
                  </div>
               </td>
            </tr>
            <tr id="dd_testcases.TC_015_VerifyMailsareserchproperly_byClass_SKIP2_row"
                class="testMethodStatusSKIP">
               <td width="100%" class="firstMethodCell">
                  <a onclick="toggleDetailsVisibility('dd_testcases.TC_015_VerifyMailsareserchproperly_byClass_SKIP2_details')">VerifyMailsareserchproperly(meenifsss@gmail.com
                     
                     ,
                     
                     Meenu@676
                     
                     ,
                     
                     linkedin notifications)
                  </a>
               </td>
               <td nowrap="true">12:52:42</td>
               <td nowrap="true" align="right">2 ms
                  
               </td>
               <td nowrap="true">
                   
                  
               </td>
            </tr>
            <tr>
               <td colspan="4" class="detailsBox">
                  <div id="dd_testcases.TC_015_VerifyMailsareserchproperly_byClass_SKIP2_details"
                       class="testMethodDetails">
                     <div>
                        <b>Name: </b>VerifyMailsareserchproperly
                     </div>
                     <div>
                        <b>Signature: </b>VerifyMailsareserchproperly(java.lang.String, java.lang.String, java.lang.String)[pri:0, instance:dd_testcases.TC_015@6cb05c]
                     </div>
                     <div>
                        <b>Parameters: </b>
                        
                        meenifsss@gmail.com
                        
                        ,
                        
                        Meenu@676
                        
                        ,
                        
                        linkedin notifications
                        
                        
                     </div>
                     <div>
                        <b>Start time: </b>12:52:42
                     </div>
                     <div>
                        <b>End time: </b>12:52:42
                     </div>
                     <div>
                        <b>Duration: </b>2 ms
                        
                     </div>
                  </div>
               </td>
            </tr>
            <tr></tr>
         </table>
         <br></br>
         <table class="testMethodsTable" cellpadding="0" cellspacing="0">
            <tr>
               <td colspan="4">
                  <h3 style="display: inline;">dd_testcases.TC_016</h3>
               </td>
            </tr>
            <tr class="methodsTableHeader">
               <td width="100%">Name</td>
               <td nowrap="true">Started</td>
               <td nowrap="true">Duration</td>
               <td>Exception</td>
            </tr>
            <tr id="dd_testcases.TC_016_isSkip_byClass_SKIP1_row"
                class="testMethodStatusSKIP testMethodStatusCONF">
               <td width="100%" class="firstMethodCell">
                  <a onclick="toggleDetailsVisibility('dd_testcases.TC_016_isSkip_byClass_SKIP1_details')">isSkip()</a>
               </td>
               <td nowrap="true">12:52:42</td>
               <td nowrap="true" align="right">0 ms
                  
               </td>
               <td nowrap="true">
                  <a onclick="toggleDetailsVisibility('dd_testcases.TC_016_isSkip_byClass_SKIP1_exception')">org.testng.SkipException: 
                     Skipping the test as the Run mode is No
                     
                  </a>
                   
                  
               </td>
            </tr>
            <tr>
               <td colspan="4" class="detailsBox">
                  <div id="dd_testcases.TC_016_isSkip_byClass_SKIP1_details" class="testMethodDetails">
                     <div>
                        <b>Name: </b>isSkip
                     </div>
                     <div>
                        <b>Signature: </b>isSkip()[pri:0, instance:dd_testcases.TC_016@1165b38]
                     </div>
                     <div>
                        <b>Start time: </b>12:52:42
                     </div>
                     <div>
                        <b>End time: </b>12:52:42
                     </div>
                     <div>
                        <b>Duration: </b>0 ms
                        
                     </div>
                  </div>
               </td>
            </tr>
            <tr>
               <td colspan="4" class="detailsBox">
                  <div id="dd_testcases.TC_016_isSkip_byClass_SKIP1_exception"
                       class="testMethodDetails">
                     <pre style="padding: 5px; margin: 0;">org.testng.SkipException: Skipping the test as the Run mode is No
                        	at dd_testcases.TC_016.isSkip(TC_016.java:26)
                        	at sun.reflect.NativeMethodAccessorImpl.invoke0(Native Method)
                        	at sun.reflect.NativeMethodAccessorImpl.invoke(Unknown Source)
                        	at sun.reflect.DelegatingMethodAccessorImpl.invoke(Unknown Source)
                        	at java.lang.reflect.Method.invoke(Unknown Source)
                        	at org.testng.internal.MethodInvocationHelper.invokeMethod(MethodInvocationHelper.java:100)
                        	at org.testng.internal.Invoker.invokeConfigurationMethod(Invoker.java:515)
                        	at org.testng.internal.Invoker.invokeConfigurations(Invoker.java:216)
                        	at org.testng.internal.Invoker.invokeConfigurations(Invoker.java:143)
                        	at org.testng.TestRunner.beforeRun(TestRunner.java:631)
                        	at org.testng.TestRunner.run(TestRunner.java:599)
                        	at org.testng.SuiteRunner.runTest(SuiteRunner.java:368)
                        	at org.testng.SuiteRunner.runSequentially(SuiteRunner.java:363)
                        	at org.testng.SuiteRunner.privateRun(SuiteRunner.java:321)
                        	at org.testng.SuiteRunner.run(SuiteRunner.java:270)
                        	at org.testng.SuiteRunnerWorker.runSuite(SuiteRunnerWorker.java:52)
                        	at org.testng.SuiteRunnerWorker.run(SuiteRunnerWorker.java:86)
                        	at org.testng.TestNG.runSuitesSequentially(TestNG.java:1284)
                        	at org.testng.TestNG.runSuitesLocally(TestNG.java:1209)
                        	at org.testng.TestNG.runSuites(TestNG.java:1124)
                        	at org.testng.TestNG.run(TestNG.java:1096)
                        	at org.testng.remote.AbstractRemoteTestNG.run(AbstractRemoteTestNG.java:132)
                        	at org.testng.remote.RemoteTestNG.initAndRun(RemoteTestNG.java:236)
                        	at org.testng.remote.RemoteTestNG.main(RemoteTestNG.java:81)
                     </pre>
                  </div>
               </td>
            </tr>
            <tr id="dd_testcases.TC_016_VerifyInboxMailsWithAttachmentCount_byClass_SKIP2_row"
                class="testMethodStatusSKIP">
               <td width="100%" class="firstMethodCell">
                  <a onclick="toggleDetailsVisibility('dd_testcases.TC_016_VerifyInboxMailsWithAttachmentCount_byClass_SKIP2_details')">VerifyInboxMailsWithAttachmentCount(meenifsss@gmail.com
                     
                     ,
                     
                     Meenu@676)
                  </a>
               </td>
               <td nowrap="true">12:52:42</td>
               <td nowrap="true" align="right">3 ms
                  
               </td>
               <td nowrap="true">
                   
                  
               </td>
            </tr>
            <tr>
               <td colspan="4" class="detailsBox">
                  <div id="dd_testcases.TC_016_VerifyInboxMailsWithAttachmentCount_byClass_SKIP2_details"
                       class="testMethodDetails">
                     <div>
                        <b>Name: </b>VerifyInboxMailsWithAttachmentCount
                     </div>
                     <div>
                        <b>Signature: </b>VerifyInboxMailsWithAttachmentCount(java.lang.String, java.lang.String)[pri:0, instance:dd_testcases.TC_016@1165b38]
                     </div>
                     <div>
                        <b>Parameters: </b>
                        
                        meenifsss@gmail.com
                        
                        ,
                        
                        Meenu@676
                        
                        
                     </div>
                     <div>
                        <b>Start time: </b>12:52:42
                     </div>
                     <div>
                        <b>End time: </b>12:52:42
                     </div>
                     <div>
                        <b>Duration: </b>3 ms
                        
                     </div>
                  </div>
               </td>
            </tr>
            <tr></tr>
         </table>
         <br></br>
         <table class="testMethodsTable" cellpadding="0" cellspacing="0">
            <tr>
               <td colspan="4">
                  <h3 style="display: inline;">dd_testcases.TC_017</h3>
               </td>
            </tr>
            <tr class="methodsTableHeader">
               <td width="100%">Name</td>
               <td nowrap="true">Started</td>
               <td nowrap="true">Duration</td>
               <td>Exception</td>
            </tr>
            <tr id="dd_testcases.TC_017_isSkip_byClass_SKIP1_row"
                class="testMethodStatusSKIP testMethodStatusCONF">
               <td width="100%" class="firstMethodCell">
                  <a onclick="toggleDetailsVisibility('dd_testcases.TC_017_isSkip_byClass_SKIP1_details')">isSkip()</a>
               </td>
               <td nowrap="true">12:52:42</td>
               <td nowrap="true" align="right">0 ms
                  
               </td>
               <td nowrap="true">
                  <a onclick="toggleDetailsVisibility('dd_testcases.TC_017_isSkip_byClass_SKIP1_exception')">org.testng.SkipException: 
                     Skipping the test as the Run mode is No
                     
                  </a>
                   
                  
               </td>
            </tr>
            <tr>
               <td colspan="4" class="detailsBox">
                  <div id="dd_testcases.TC_017_isSkip_byClass_SKIP1_details" class="testMethodDetails">
                     <div>
                        <b>Name: </b>isSkip
                     </div>
                     <div>
                        <b>Signature: </b>isSkip()[pri:0, instance:dd_testcases.TC_017@c03695]
                     </div>
                     <div>
                        <b>Start time: </b>12:52:42
                     </div>
                     <div>
                        <b>End time: </b>12:52:42
                     </div>
                     <div>
                        <b>Duration: </b>0 ms
                        
                     </div>
                  </div>
               </td>
            </tr>
            <tr>
               <td colspan="4" class="detailsBox">
                  <div id="dd_testcases.TC_017_isSkip_byClass_SKIP1_exception"
                       class="testMethodDetails">
                     <pre style="padding: 5px; margin: 0;">org.testng.SkipException: Skipping the test as the Run mode is No
                        	at dd_testcases.TC_017.isSkip(TC_017.java:23)
                        	at sun.reflect.NativeMethodAccessorImpl.invoke0(Native Method)
                        	at sun.reflect.NativeMethodAccessorImpl.invoke(Unknown Source)
                        	at sun.reflect.DelegatingMethodAccessorImpl.invoke(Unknown Source)
                        	at java.lang.reflect.Method.invoke(Unknown Source)
                        	at org.testng.internal.MethodInvocationHelper.invokeMethod(MethodInvocationHelper.java:100)
                        	at org.testng.internal.Invoker.invokeConfigurationMethod(Invoker.java:515)
                        	at org.testng.internal.Invoker.invokeConfigurations(Invoker.java:216)
                        	at org.testng.internal.Invoker.invokeConfigurations(Invoker.java:143)
                        	at org.testng.TestRunner.beforeRun(TestRunner.java:631)
                        	at org.testng.TestRunner.run(TestRunner.java:599)
                        	at org.testng.SuiteRunner.runTest(SuiteRunner.java:368)
                        	at org.testng.SuiteRunner.runSequentially(SuiteRunner.java:363)
                        	at org.testng.SuiteRunner.privateRun(SuiteRunner.java:321)
                        	at org.testng.SuiteRunner.run(SuiteRunner.java:270)
                        	at org.testng.SuiteRunnerWorker.runSuite(SuiteRunnerWorker.java:52)
                        	at org.testng.SuiteRunnerWorker.run(SuiteRunnerWorker.java:86)
                        	at org.testng.TestNG.runSuitesSequentially(TestNG.java:1284)
                        	at org.testng.TestNG.runSuitesLocally(TestNG.java:1209)
                        	at org.testng.TestNG.runSuites(TestNG.java:1124)
                        	at org.testng.TestNG.run(TestNG.java:1096)
                        	at org.testng.remote.AbstractRemoteTestNG.run(AbstractRemoteTestNG.java:132)
                        	at org.testng.remote.RemoteTestNG.initAndRun(RemoteTestNG.java:236)
                        	at org.testng.remote.RemoteTestNG.main(RemoteTestNG.java:81)
                     </pre>
                  </div>
               </td>
            </tr>
            <tr id="dd_testcases.TC_017_VerifyEmailSettingIspresent_byClass_SKIP2_row"
                class="testMethodStatusSKIP">
               <td width="100%" class="firstMethodCell">
                  <a onclick="toggleDetailsVisibility('dd_testcases.TC_017_VerifyEmailSettingIspresent_byClass_SKIP2_details')">VerifyEmailSettingIspresent(meenifsss@gmail.com
                     
                     ,
                     
                     Meenu@676)
                  </a>
               </td>
               <td nowrap="true">12:52:42</td>
               <td nowrap="true" align="right">1 ms
                  
               </td>
               <td nowrap="true">
                   
                  
               </td>
            </tr>
            <tr>
               <td colspan="4" class="detailsBox">
                  <div id="dd_testcases.TC_017_VerifyEmailSettingIspresent_byClass_SKIP2_details"
                       class="testMethodDetails">
                     <div>
                        <b>Name: </b>VerifyEmailSettingIspresent
                     </div>
                     <div>
                        <b>Signature: </b>VerifyEmailSettingIspresent(java.lang.String, java.lang.String)[pri:0, instance:dd_testcases.TC_017@c03695]
                     </div>
                     <div>
                        <b>Parameters: </b>
                        
                        meenifsss@gmail.com
                        
                        ,
                        
                        Meenu@676
                        
                        
                     </div>
                     <div>
                        <b>Start time: </b>12:52:42
                     </div>
                     <div>
                        <b>End time: </b>12:52:42
                     </div>
                     <div>
                        <b>Duration: </b>1 ms
                        
                     </div>
                  </div>
               </td>
            </tr>
            <tr></tr>
         </table>
         <br></br>
         <table class="testMethodsTable" cellpadding="0" cellspacing="0">
            <tr>
               <td colspan="4">
                  <h3 style="display: inline;">dd_testcases.TC_018</h3>
               </td>
            </tr>
            <tr class="methodsTableHeader">
               <td width="100%">Name</td>
               <td nowrap="true">Started</td>
               <td nowrap="true">Duration</td>
               <td>Exception</td>
            </tr>
            <tr id="dd_testcases.TC_018_isSkip_byClass_SKIP1_row"
                class="testMethodStatusSKIP testMethodStatusCONF">
               <td width="100%" class="firstMethodCell">
                  <a onclick="toggleDetailsVisibility('dd_testcases.TC_018_isSkip_byClass_SKIP1_details')">isSkip()</a>
               </td>
               <td nowrap="true">12:52:42</td>
               <td nowrap="true" align="right">0 ms
                  
               </td>
               <td nowrap="true">
                  <a onclick="toggleDetailsVisibility('dd_testcases.TC_018_isSkip_byClass_SKIP1_exception')">org.testng.SkipException: 
                     Skipping the test as the Run mode is No
                     
                  </a>
                   
                  
               </td>
            </tr>
            <tr>
               <td colspan="4" class="detailsBox">
                  <div id="dd_testcases.TC_018_isSkip_byClass_SKIP1_details" class="testMethodDetails">
                     <div>
                        <b>Name: </b>isSkip
                     </div>
                     <div>
                        <b>Signature: </b>isSkip()[pri:0, instance:dd_testcases.TC_018@a9e4eb]
                     </div>
                     <div>
                        <b>Start time: </b>12:52:42
                     </div>
                     <div>
                        <b>End time: </b>12:52:42
                     </div>
                     <div>
                        <b>Duration: </b>0 ms
                        
                     </div>
                  </div>
               </td>
            </tr>
            <tr>
               <td colspan="4" class="detailsBox">
                  <div id="dd_testcases.TC_018_isSkip_byClass_SKIP1_exception"
                       class="testMethodDetails">
                     <pre style="padding: 5px; margin: 0;">org.testng.SkipException: Skipping the test as the Run mode is No
                        	at dd_testcases.TC_018.isSkip(TC_018.java:21)
                        	at sun.reflect.NativeMethodAccessorImpl.invoke0(Native Method)
                        	at sun.reflect.NativeMethodAccessorImpl.invoke(Unknown Source)
                        	at sun.reflect.DelegatingMethodAccessorImpl.invoke(Unknown Source)
                        	at java.lang.reflect.Method.invoke(Unknown Source)
                        	at org.testng.internal.MethodInvocationHelper.invokeMethod(MethodInvocationHelper.java:100)
                        	at org.testng.internal.Invoker.invokeConfigurationMethod(Invoker.java:515)
                        	at org.testng.internal.Invoker.invokeConfigurations(Invoker.java:216)
                        	at org.testng.internal.Invoker.invokeConfigurations(Invoker.java:143)
                        	at org.testng.TestRunner.beforeRun(TestRunner.java:631)
                        	at org.testng.TestRunner.run(TestRunner.java:599)
                        	at org.testng.SuiteRunner.runTest(SuiteRunner.java:368)
                        	at org.testng.SuiteRunner.runSequentially(SuiteRunner.java:363)
                        	at org.testng.SuiteRunner.privateRun(SuiteRunner.java:321)
                        	at org.testng.SuiteRunner.run(SuiteRunner.java:270)
                        	at org.testng.SuiteRunnerWorker.runSuite(SuiteRunnerWorker.java:52)
                        	at org.testng.SuiteRunnerWorker.run(SuiteRunnerWorker.java:86)
                        	at org.testng.TestNG.runSuitesSequentially(TestNG.java:1284)
                        	at org.testng.TestNG.runSuitesLocally(TestNG.java:1209)
                        	at org.testng.TestNG.runSuites(TestNG.java:1124)
                        	at org.testng.TestNG.run(TestNG.java:1096)
                        	at org.testng.remote.AbstractRemoteTestNG.run(AbstractRemoteTestNG.java:132)
                        	at org.testng.remote.RemoteTestNG.initAndRun(RemoteTestNG.java:236)
                        	at org.testng.remote.RemoteTestNG.main(RemoteTestNG.java:81)
                     </pre>
                  </div>
               </td>
            </tr>
            <tr id="dd_testcases.TC_018_VerifyLabelIsCreated_byClass_SKIP2_row"
                class="testMethodStatusSKIP">
               <td width="100%" class="firstMethodCell">
                  <a onclick="toggleDetailsVisibility('dd_testcases.TC_018_VerifyLabelIsCreated_byClass_SKIP2_details')">VerifyLabelIsCreated(meenifsss@gmail.com
                     
                     ,
                     
                     Meenu@676
                     
                     ,
                     
                     Testing_01)
                  </a>
               </td>
               <td nowrap="true">12:52:42</td>
               <td nowrap="true" align="right">2 ms
                  
               </td>
               <td nowrap="true">
                   
                  
               </td>
            </tr>
            <tr>
               <td colspan="4" class="detailsBox">
                  <div id="dd_testcases.TC_018_VerifyLabelIsCreated_byClass_SKIP2_details"
                       class="testMethodDetails">
                     <div>
                        <b>Name: </b>VerifyLabelIsCreated
                     </div>
                     <div>
                        <b>Signature: </b>VerifyLabelIsCreated(java.lang.String, java.lang.String, java.lang.String)[pri:0, instance:dd_testcases.TC_018@a9e4eb]
                     </div>
                     <div>
                        <b>Parameters: </b>
                        
                        meenifsss@gmail.com
                        
                        ,
                        
                        Meenu@676
                        
                        ,
                        
                        Testing_01
                        
                        
                     </div>
                     <div>
                        <b>Start time: </b>12:52:42
                     </div>
                     <div>
                        <b>End time: </b>12:52:42
                     </div>
                     <div>
                        <b>Duration: </b>2 ms
                        
                     </div>
                  </div>
               </td>
            </tr>
            <tr></tr>
         </table>
         <br></br>
         <table class="testMethodsTable" cellpadding="0" cellspacing="0">
            <tr>
               <td colspan="4">
                  <h3 style="display: inline;">dd_testcases.TC_019</h3>
               </td>
            </tr>
            <tr class="methodsTableHeader">
               <td width="100%">Name</td>
               <td nowrap="true">Started</td>
               <td nowrap="true">Duration</td>
               <td>Exception</td>
            </tr>
            <tr id="dd_testcases.TC_019_isSkip_byClass_SKIP1_row"
                class="testMethodStatusSKIP testMethodStatusCONF">
               <td width="100%" class="firstMethodCell">
                  <a onclick="toggleDetailsVisibility('dd_testcases.TC_019_isSkip_byClass_SKIP1_details')">isSkip()</a>
               </td>
               <td nowrap="true">12:52:42</td>
               <td nowrap="true" align="right">0 ms
                  
               </td>
               <td nowrap="true">
                  <a onclick="toggleDetailsVisibility('dd_testcases.TC_019_isSkip_byClass_SKIP1_exception')">org.testng.SkipException: 
                     Skipping the test as the Run mode is No
                     
                  </a>
                   
                  
               </td>
            </tr>
            <tr>
               <td colspan="4" class="detailsBox">
                  <div id="dd_testcases.TC_019_isSkip_byClass_SKIP1_details" class="testMethodDetails">
                     <div>
                        <b>Name: </b>isSkip
                     </div>
                     <div>
                        <b>Signature: </b>isSkip()[pri:0, instance:dd_testcases.TC_019@1190526]
                     </div>
                     <div>
                        <b>Start time: </b>12:52:42
                     </div>
                     <div>
                        <b>End time: </b>12:52:42
                     </div>
                     <div>
                        <b>Duration: </b>0 ms
                        
                     </div>
                  </div>
               </td>
            </tr>
            <tr>
               <td colspan="4" class="detailsBox">
                  <div id="dd_testcases.TC_019_isSkip_byClass_SKIP1_exception"
                       class="testMethodDetails">
                     <pre style="padding: 5px; margin: 0;">org.testng.SkipException: Skipping the test as the Run mode is No
                        	at dd_testcases.TC_019.isSkip(TC_019.java:21)
                        	at sun.reflect.NativeMethodAccessorImpl.invoke0(Native Method)
                        	at sun.reflect.NativeMethodAccessorImpl.invoke(Unknown Source)
                        	at sun.reflect.DelegatingMethodAccessorImpl.invoke(Unknown Source)
                        	at java.lang.reflect.Method.invoke(Unknown Source)
                        	at org.testng.internal.MethodInvocationHelper.invokeMethod(MethodInvocationHelper.java:100)
                        	at org.testng.internal.Invoker.invokeConfigurationMethod(Invoker.java:515)
                        	at org.testng.internal.Invoker.invokeConfigurations(Invoker.java:216)
                        	at org.testng.internal.Invoker.invokeConfigurations(Invoker.java:143)
                        	at org.testng.TestRunner.beforeRun(TestRunner.java:631)
                        	at org.testng.TestRunner.run(TestRunner.java:599)
                        	at org.testng.SuiteRunner.runTest(SuiteRunner.java:368)
                        	at org.testng.SuiteRunner.runSequentially(SuiteRunner.java:363)
                        	at org.testng.SuiteRunner.privateRun(SuiteRunner.java:321)
                        	at org.testng.SuiteRunner.run(SuiteRunner.java:270)
                        	at org.testng.SuiteRunnerWorker.runSuite(SuiteRunnerWorker.java:52)
                        	at org.testng.SuiteRunnerWorker.run(SuiteRunnerWorker.java:86)
                        	at org.testng.TestNG.runSuitesSequentially(TestNG.java:1284)
                        	at org.testng.TestNG.runSuitesLocally(TestNG.java:1209)
                        	at org.testng.TestNG.runSuites(TestNG.java:1124)
                        	at org.testng.TestNG.run(TestNG.java:1096)
                        	at org.testng.remote.AbstractRemoteTestNG.run(AbstractRemoteTestNG.java:132)
                        	at org.testng.remote.RemoteTestNG.initAndRun(RemoteTestNG.java:236)
                        	at org.testng.remote.RemoteTestNG.main(RemoteTestNG.java:81)
                     </pre>
                  </div>
               </td>
            </tr>
            <tr id="dd_testcases.TC_019_VerifyMailsMoveSourceFolderTotargetfolder_byClass_SKIP2_row"
                class="testMethodStatusSKIP">
               <td width="100%" class="firstMethodCell">
                  <a onclick="toggleDetailsVisibility('dd_testcases.TC_019_VerifyMailsMoveSourceFolderTotargetfolder_byClass_SKIP2_details')">VerifyMailsMoveSourceFolderTotargetfolder(meenifsss@gmail.com
                     
                     ,
                     
                     Meenu@676)
                  </a>
               </td>
               <td nowrap="true">12:52:42</td>
               <td nowrap="true" align="right">1 ms
                  
               </td>
               <td nowrap="true">
                   
                  
               </td>
            </tr>
            <tr>
               <td colspan="4" class="detailsBox">
                  <div id="dd_testcases.TC_019_VerifyMailsMoveSourceFolderTotargetfolder_byClass_SKIP2_details"
                       class="testMethodDetails">
                     <div>
                        <b>Name: </b>VerifyMailsMoveSourceFolderTotargetfolder
                     </div>
                     <div>
                        <b>Signature: </b>VerifyMailsMoveSourceFolderTotargetfolder(java.lang.String, java.lang.String)[pri:0, instance:dd_testcases.TC_019@1190526]
                     </div>
                     <div>
                        <b>Parameters: </b>
                        
                        meenifsss@gmail.com
                        
                        ,
                        
                        Meenu@676
                        
                        
                     </div>
                     <div>
                        <b>Start time: </b>12:52:42
                     </div>
                     <div>
                        <b>End time: </b>12:52:42
                     </div>
                     <div>
                        <b>Duration: </b>1 ms
                        
                     </div>
                  </div>
               </td>
            </tr>
            <tr></tr>
         </table>
         <br></br>
         <table class="testMethodsTable" cellpadding="0" cellspacing="0">
            <tr>
               <td colspan="4">
                  <h3 style="display: inline;">dd_testcases.TC_020</h3>
               </td>
            </tr>
            <tr class="methodsTableHeader">
               <td width="100%">Name</td>
               <td nowrap="true">Started</td>
               <td nowrap="true">Duration</td>
               <td>Exception</td>
            </tr>
            <tr id="dd_testcases.TC_020_init_byClass_PASS1_row"
                class="testMethodStatusPASS testMethodStatusCONF">
               <td width="100%" class="firstMethodCell">
                  <a onclick="toggleDetailsVisibility('dd_testcases.TC_020_init_byClass_PASS1_details')">init()</a>
               </td>
               <td nowrap="true">12:44:06</td>
               <td nowrap="true" align="right">12s
                  
               </td>
               <td nowrap="true">
                   
                  
               </td>
            </tr>
            <tr>
               <td colspan="4" class="detailsBox">
                  <div id="dd_testcases.TC_020_init_byClass_PASS1_details" class="testMethodDetails">
                     <div>
                        <b>Name: </b>init
                     </div>
                     <div>
                        <b>Signature: </b>init()[pri:0, instance:dd_testcases.TC_020@b738bb]
                     </div>
                     <div>
                        <b>Start time: </b>12:44:06
                     </div>
                     <div>
                        <b>End time: </b>12:44:19
                     </div>
                     <div>
                        <b>Duration: </b>12s
                        
                     </div>
                  </div>
               </td>
            </tr>
            <tr></tr>
            <tr id="dd_testcases.TC_020_isSkip_byClass_SKIP2_row"
                class="testMethodStatusSKIP testMethodStatusCONF">
               <td width="100%" class="firstMethodCell">
                  <a onclick="toggleDetailsVisibility('dd_testcases.TC_020_isSkip_byClass_SKIP2_details')">isSkip()</a>
               </td>
               <td nowrap="true">12:52:42</td>
               <td nowrap="true" align="right">0 ms
                  
               </td>
               <td nowrap="true">
                  <a onclick="toggleDetailsVisibility('dd_testcases.TC_020_isSkip_byClass_SKIP2_exception')">org.testng.SkipException: 
                     Skipping the test as the Run mode is No
                     
                  </a>
                   
                  
               </td>
            </tr>
            <tr>
               <td colspan="4" class="detailsBox">
                  <div id="dd_testcases.TC_020_isSkip_byClass_SKIP2_details" class="testMethodDetails">
                     <div>
                        <b>Name: </b>isSkip
                     </div>
                     <div>
                        <b>Signature: </b>isSkip()[pri:0, instance:dd_testcases.TC_020@b738bb]
                     </div>
                     <div>
                        <b>Start time: </b>12:52:42
                     </div>
                     <div>
                        <b>End time: </b>12:52:42
                     </div>
                     <div>
                        <b>Duration: </b>0 ms
                        
                     </div>
                  </div>
               </td>
            </tr>
            <tr>
               <td colspan="4" class="detailsBox">
                  <div id="dd_testcases.TC_020_isSkip_byClass_SKIP2_exception"
                       class="testMethodDetails">
                     <pre style="padding: 5px; margin: 0;">org.testng.SkipException: Skipping the test as the Run mode is No
                        	at dd_testcases.TC_020.isSkip(TC_020.java:21)
                        	at sun.reflect.NativeMethodAccessorImpl.invoke0(Native Method)
                        	at sun.reflect.NativeMethodAccessorImpl.invoke(Unknown Source)
                        	at sun.reflect.DelegatingMethodAccessorImpl.invoke(Unknown Source)
                        	at java.lang.reflect.Method.invoke(Unknown Source)
                        	at org.testng.internal.MethodInvocationHelper.invokeMethod(MethodInvocationHelper.java:100)
                        	at org.testng.internal.Invoker.invokeConfigurationMethod(Invoker.java:515)
                        	at org.testng.internal.Invoker.invokeConfigurations(Invoker.java:216)
                        	at org.testng.internal.Invoker.invokeConfigurations(Invoker.java:143)
                        	at org.testng.TestRunner.beforeRun(TestRunner.java:631)
                        	at org.testng.TestRunner.run(TestRunner.java:599)
                        	at org.testng.SuiteRunner.runTest(SuiteRunner.java:368)
                        	at org.testng.SuiteRunner.runSequentially(SuiteRunner.java:363)
                        	at org.testng.SuiteRunner.privateRun(SuiteRunner.java:321)
                        	at org.testng.SuiteRunner.run(SuiteRunner.java:270)
                        	at org.testng.SuiteRunnerWorker.runSuite(SuiteRunnerWorker.java:52)
                        	at org.testng.SuiteRunnerWorker.run(SuiteRunnerWorker.java:86)
                        	at org.testng.TestNG.runSuitesSequentially(TestNG.java:1284)
                        	at org.testng.TestNG.runSuitesLocally(TestNG.java:1209)
                        	at org.testng.TestNG.runSuites(TestNG.java:1124)
                        	at org.testng.TestNG.run(TestNG.java:1096)
                        	at org.testng.remote.AbstractRemoteTestNG.run(AbstractRemoteTestNG.java:132)
                        	at org.testng.remote.RemoteTestNG.initAndRun(RemoteTestNG.java:236)
                        	at org.testng.remote.RemoteTestNG.main(RemoteTestNG.java:81)
                     </pre>
                  </div>
               </td>
            </tr>
            <tr id="dd_testcases.TC_020_VerifyMailsMoveSourceFolderTotargetfolder_byClass_SKIP3_row"
                class="testMethodStatusSKIP">
               <td width="100%" class="firstMethodCell">
                  <a onclick="toggleDetailsVisibility('dd_testcases.TC_020_VerifyMailsMoveSourceFolderTotargetfolder_byClass_SKIP3_details')">VerifyMailsMoveSourceFolderTotargetfolder(meenifsss@gmail.com
                     
                     ,
                     
                     Meenu@676)
                  </a>
               </td>
               <td nowrap="true">12:52:42</td>
               <td nowrap="true" align="right">7 ms
                  
               </td>
               <td nowrap="true">
                   
                  
               </td>
            </tr>
            <tr>
               <td colspan="4" class="detailsBox">
                  <div id="dd_testcases.TC_020_VerifyMailsMoveSourceFolderTotargetfolder_byClass_SKIP3_details"
                       class="testMethodDetails">
                     <div>
                        <b>Name: </b>VerifyMailsMoveSourceFolderTotargetfolder
                     </div>
                     <div>
                        <b>Signature: </b>VerifyMailsMoveSourceFolderTotargetfolder(java.lang.String, java.lang.String)[pri:0, instance:dd_testcases.TC_020@b738bb]
                     </div>
                     <div>
                        <b>Parameters: </b>
                        
                        meenifsss@gmail.com
                        
                        ,
                        
                        Meenu@676
                        
                        
                     </div>
                     <div>
                        <b>Start time: </b>12:52:42
                     </div>
                     <div>
                        <b>End time: </b>12:52:42
                     </div>
                     <div>
                        <b>Duration: </b>7 ms
                        
                     </div>
                  </div>
               </td>
            </tr>
            <tr></tr>
            <tr id="dd_testcases.TC_020_QuitDriver_byClass_SKIP4_row"
                class="testMethodStatusSKIP testMethodStatusCONF">
               <td width="100%" class="firstMethodCell">
                  <a onclick="toggleDetailsVisibility('dd_testcases.TC_020_QuitDriver_byClass_SKIP4_details')">QuitDriver()</a>
               </td>
               <td nowrap="true">12:52:42</td>
               <td nowrap="true" align="right">0 ms
                  
               </td>
               <td nowrap="true">
                   
                  
               </td>
            </tr>
            <tr>
               <td colspan="4" class="detailsBox">
                  <div id="dd_testcases.TC_020_QuitDriver_byClass_SKIP4_details"
                       class="testMethodDetails">
                     <div>
                        <b>Name: </b>QuitDriver
                     </div>
                     <div>
                        <b>Signature: </b>QuitDriver()[pri:0, instance:dd_testcases.TC_020@b738bb]
                     </div>
                     <div>
                        <b>Start time: </b>12:52:42
                     </div>
                     <div>
                        <b>End time: </b>12:52:42
                     </div>
                     <div>
                        <b>Duration: </b>0 ms
                        
                     </div>
                  </div>
               </td>
            </tr>
            <tr></tr>
         </table>
         <br></br>
      </div>
      <div style="margin-top: 15px; color: gray; text-align: center; font-size: 9px;">
         Generated with
         
         <a href="http://code.google.com/p/testng-xslt/" style="color: #8888aa;"
            target="_blank">
            TestNG XSLT
            
         </a>
      </div>
   </body>
</html>