<?xml version="1.0" encoding="UTF-8"?>
<!-- Generated by org.testng.reporters.JUnitXMLReporter -->
<testsuite hostname="GK-PC" name="Google App Verification" tests="1" failures="0" timestamp="1 Feb 2020 09:02:47 GMT" time="0.099" errors="0">
  <testcase name="@BeforeTest isSkip" time="0.0" classname="dd_testcases.TC_002">
    <skipped/>
  </testcase> <!-- @BeforeTest isSkip -->
  <testcase name="VerifyGoogleApp" time="0.0" classname="dd_testcases.TC_002">
    <skipped/>
  </testcase> <!-- VerifyGoogleApp -->
</testsuite> <!-- Google App Verification -->
