<?xml version="1.0" encoding="UTF-8"?>
<!-- Generated by org.testng.reporters.JUnitXMLReporter -->
<testsuite hostname="GK-PC" name="Google All Apps Element Verification" tests="1" failures="0" timestamp="1 Feb 2020 09:02:47 GMT" time="0.011" errors="0">
  <testcase name="@BeforeTest isSkip" time="0.0" classname="dd_testcases.TC_003">
    <skipped/>
  </testcase> <!-- @BeforeTest isSkip -->
  <testcase name="VerifyAllGoogleApps" time="0.0" classname="dd_testcases.TC_003">
    <skipped/>
  </testcase> <!-- VerifyAllGoogleApps -->
</testsuite> <!-- Google All Apps Element Verification -->
