<?xml version="1.0" encoding="UTF-8"?>
<!-- Generated by org.testng.reporters.JUnitXMLReporter -->
<testsuite hostname="GK-PC" name="search the emails received from specific email address from INBOX" tests="1" failures="0" timestamp="1 Feb 2020 09:02:47 GMT" time="0.005" errors="0">
  <testcase name="@BeforeTest isSkip" time="0.0" classname="dd_testcases.TC_015">
    <skipped/>
  </testcase> <!-- @BeforeTest isSkip -->
  <testcase name="VerifyMailsareserchproperly" time="0.0" classname="dd_testcases.TC_015">
    <skipped/>
  </testcase> <!-- VerifyMailsareserchproperly -->
</testsuite> <!-- search the emails received from specific email address from INBOX -->
