<?xml version="1.0" encoding="UTF-8"?>
<!-- Generated by org.testng.reporters.JUnitXMLReporter -->
<testsuite hostname="GK-PC" name="To verify that the user can successfully Sign-out from Gmail" tests="1" failures="0" timestamp="1 Feb 2020 09:02:47 GMT" time="0.005" errors="0">
  <testcase name="@BeforeSuite init" time="0.0" classname="dd_testcases.TC_020">
    <failure type="java.lang.NoSuchMethodError" message="com.google.common.base.Preconditions.checkState(ZLjava/lang/String;Ljava/lang/Object;Ljava/lang/Object;Ljava/lang/Object;)V">
      <![CDATA[java.lang.NoSuchMethodError: com.google.common.base.Preconditions.checkState(ZLjava/lang/String;Ljava/lang/Object;Ljava/lang/Object;Ljava/lang/Object;)V
	at org.openqa.selenium.remote.service.DriverService.findExecutable(DriverService.java:134)
	at org.openqa.selenium.chrome.ChromeDriverService.access$000(ChromeDriverService.java:35)
	at org.openqa.selenium.chrome.ChromeDriverService$Builder.findDefaultExecutable(ChromeDriverService.java:159)
	at org.openqa.selenium.remote.service.DriverService$Builder.build(DriverService.java:355)
	at org.openqa.selenium.chrome.ChromeDriverService.createDefaultService(ChromeDriverService.java:94)
	at org.openqa.selenium.chrome.ChromeDriver.<init>(ChromeDriver.java:123)
	at dd_core.Page.init(Page.java:64)
... Removed 19 stack frames]]>
    </failure>
  </testcase> <!-- @BeforeSuite init -->
  <testcase name="@BeforeTest isSkip" time="0.0" classname="dd_testcases.TC_020">
    <skipped/>
  </testcase> <!-- @BeforeTest isSkip -->
  <testcase name="VerifyMailsMoveSourceFolderTotargetfolder" time="0.0" classname="dd_testcases.TC_020">
    <skipped/>
  </testcase> <!-- VerifyMailsMoveSourceFolderTotargetfolder -->
</testsuite> <!-- To verify that the user can successfully Sign-out from Gmail -->
