<?xml version="1.0" encoding="UTF-8"?>
<!-- Generated by org.testng.reporters.JUnitXMLReporter -->
<testsuite hostname="GK-PC" name="To verify the total no. of emails marked with STAR" tests="1" failures="0" timestamp="1 Feb 2020 09:02:47 GMT" time="0.019" errors="0">
  <testcase name="@BeforeTest isSkip" time="0.0" classname="dd_testcases.TC_010">
    <skipped/>
  </testcase> <!-- @BeforeTest isSkip -->
  <testcase name="verifyInboxMailsWithStarCount" time="0.0" classname="dd_testcases.TC_010">
    <skipped/>
  </testcase> <!-- verifyInboxMailsWithStarCount -->
</testsuite> <!-- To verify the total no. of emails marked with STAR -->
