<?xml version="1.0" encoding="UTF-8"?>
<!-- Generated by org.testng.reporters.JUnitXMLReporter -->
<testsuite hostname="GK-PC" name="To verify that Settings page is displayed properly" tests="1" failures="0" timestamp="1 Feb 2020 09:02:47 GMT" time="0.004" errors="0">
  <testcase name="@BeforeTest isSkip" time="0.0" classname="dd_testcases.TC_017">
    <skipped/>
  </testcase> <!-- @BeforeTest isSkip -->
  <testcase name="VerifyEmailSettingIspresent" time="0.0" classname="dd_testcases.TC_017">
    <skipped/>
  </testcase> <!-- VerifyEmailSettingIspresent -->
</testsuite> <!-- To verify that Settings page is displayed properly -->
