<?xml version="1.0" encoding="UTF-8"?>
<!-- Generated by org.testng.reporters.JUnitXMLReporter -->
<testsuite hostname="GK-PC" name="To verify that emails are moved from source label to target label (Folders)" tests="1" failures="0" timestamp="1 Feb 2020 09:02:47 GMT" time="0.005" errors="0">
  <testcase name="@BeforeTest isSkip" time="0.0" classname="dd_testcases.TC_019">
    <skipped/>
  </testcase> <!-- @BeforeTest isSkip -->
  <testcase name="VerifyMailsMoveSourceFolderTotargetfolder" time="0.0" classname="dd_testcases.TC_019">
    <skipped/>
  </testcase> <!-- VerifyMailsMoveSourceFolderTotargetfolder -->
</testsuite> <!-- To verify that emails are moved from source label to target label (Folders) -->
