<?xml version="1.0" encoding="UTF-8"?>
<!-- Generated by org.testng.reporters.JUnitXMLReporter -->
<testsuite hostname="GK-PC" name="To verify that Compose is working properly" tests="1" failures="0" timestamp="1 Feb 2020 09:02:47 GMT" time="0.005" errors="0">
  <testcase name="@BeforeTest isSkip" time="0.0" classname="dd_testcases.TC_013">
    <skipped/>
  </testcase> <!-- @BeforeTest isSkip -->
  <testcase name="VerifymailComposeIsWorkingProperly" time="0.0" classname="dd_testcases.TC_013">
    <skipped/>
  </testcase> <!-- VerifymailComposeIsWorkingProperly -->
</testsuite> <!-- To verify that Compose is working properly -->
