<?xml version="1.0" encoding="UTF-8"?>
<!-- Generated by org.testng.reporters.JUnitXMLReporter -->
<testsuite hostname="GK-PC" name="Verify Google language Links" tests="1" failures="0" timestamp="1 Feb 2020 09:02:47 GMT" time="0.007" errors="0">
  <testcase name="@BeforeTest isSkip" time="0.0" classname="dd_testcases.TC_005">
    <skipped/>
  </testcase> <!-- @BeforeTest isSkip -->
  <testcase name="VerifyGoogleLaguageLinks" time="0.0" classname="dd_testcases.TC_005">
    <skipped/>
  </testcase> <!-- VerifyGoogleLaguageLinks -->
</testsuite> <!-- Verify Google language Links -->
