<?xml version="1.0" encoding="UTF-8"?>
<!-- Generated by org.testng.reporters.JUnitXMLReporter -->
<testsuite hostname="GK-PC" name="verify that email is Send properly to email address" tests="1" failures="0" timestamp="1 Feb 2020 09:02:47 GMT" time="0.034" errors="0">
  <testcase name="@BeforeTest isSkip" time="0.0" classname="dd_testcases.TC_014">
    <skipped/>
  </testcase> <!-- @BeforeTest isSkip -->
  <testcase name="VerifyMailIsSendProperly" time="0.0" classname="dd_testcases.TC_014">
    <skipped/>
  </testcase> <!-- VerifyMailIsSendProperly -->
</testsuite> <!-- verify that email is Send properly to email address -->
