<?xml version="1.0" encoding="UTF-8"?>
<!-- Generated by org.testng.reporters.JUnitXMLReporter -->
<testsuite hostname="GK-PC" name="verify the total no. of emails received by the user" tests="1" failures="0" timestamp="1 Feb 2020 09:02:47 GMT" time="0.008" errors="0">
  <testcase name="@BeforeTest isSkip" time="0.0" classname="dd_testcases.TC_009">
    <skipped/>
  </testcase> <!-- @BeforeTest isSkip -->
  <testcase name="VerifyInboxMailsCount" time="0.0" classname="dd_testcases.TC_009">
    <skipped/>
  </testcase> <!-- VerifyInboxMailsCount -->
</testsuite> <!-- verify the total no. of emails received by the user -->
